---------------------------------------------------------------
[ 2019-02-19T00:47:20+08:00 ] 203.208.60.71 GET kjdll.com/api/ems/send.html
[ sql ] [ DB ] CONNECT:[ UseTime:0.000302s ] mysql:host=localhost;dbname=fastadmin;charset=utf8
[ sql ] [ SQL ] SHOW COLUMNS FROM `fa_ems` [ RunTime:0.000836s ]
[ sql ] [ SQL ] SELECT * FROM `fa_ems` WHERE  `email` IS NULL  AND `event` = 'register' ORDER BY `id` DESC LIMIT 1 [ RunTime:0.000203s ]
[ sql ] [ SQL ] SHOW COLUMNS FROM `fa_user` [ RunTime:0.000673s ]
[ sql ] [ SQL ] SELECT * FROM `fa_user` WHERE  `email` IS NULL LIMIT 1 [ RunTime:0.000187s ]
[ error ] [10501]SQLSTATE[23000]: Integrity constraint violation: 1048 Column 'email' cannot be null
---------------------------------------------------------------
[ 2019-02-19T15:20:12+08:00 ] 203.208.60.0 GET kjdll.com/index/user/index.html
[ sql ] [ DB ] CONNECT:[ UseTime:0.000298s ] mysql:host=localhost;dbname=fastadmin;charset=utf8
[ sql ] [ SQL ] SHOW COLUMNS FROM `fa_user_token` [ RunTime:0.000837s ]
[ sql ] [ SQL ] SELECT * FROM `fa_user_token` WHERE  `token` = 'd8aa945b8448d8a41ab99c04b04f9e522294b47c' LIMIT 1 [ RunTime:0.000192s ]
---------------------------------------------------------------
[ 2019-02-19T15:23:16+08:00 ] 203.208.60.82 GET kjdll.com/api/ems/send.html
[ sql ] [ DB ] CONNECT:[ UseTime:0.000307s ] mysql:host=localhost;dbname=fastadmin;charset=utf8
[ sql ] [ SQL ] SHOW COLUMNS FROM `fa_ems` [ RunTime:0.000957s ]
[ sql ] [ SQL ] SELECT * FROM `fa_ems` WHERE  `email` IS NULL  AND `event` = 'register' ORDER BY `id` DESC LIMIT 1 [ RunTime:0.000219s ]
[ sql ] [ SQL ] SHOW COLUMNS FROM `fa_user` [ RunTime:0.000736s ]
[ sql ] [ SQL ] SELECT * FROM `fa_user` WHERE  `email` IS NULL LIMIT 1 [ RunTime:0.000230s ]
[ error ] [10501]SQLSTATE[23000]: Integrity constraint violation: 1048 Column 'email' cannot be null
---------------------------------------------------------------
[ 2019-02-19T15:24:48+08:00 ] 203.208.60.50 GET kjdll.com/api/validate/check_sms_correct.html
[ sql ] [ DB ] CONNECT:[ UseTime:0.000301s ] mysql:host=localhost;dbname=fastadmin;charset=utf8
[ sql ] [ SQL ] SHOW COLUMNS FROM `fa_sms` [ RunTime:0.000823s ]
[ sql ] [ SQL ] SELECT * FROM `fa_sms` WHERE  `mobile` IS NULL  AND `event` IS NULL ORDER BY `id` DESC LIMIT 1 [ RunTime:0.000231s ]
---------------------------------------------------------------
[ 2019-02-19T15:25:24+08:00 ] 203.208.60.52 GET kjdll.com/api/validate/check_ems_correct.html
[ sql ] [ DB ] CONNECT:[ UseTime:0.000286s ] mysql:host=localhost;dbname=fastadmin;charset=utf8
[ sql ] [ SQL ] SHOW COLUMNS FROM `fa_ems` [ RunTime:0.000973s ]
[ sql ] [ SQL ] SELECT * FROM `fa_ems` WHERE  `email` IS NULL  AND `event` IS NULL ORDER BY `id` DESC LIMIT 1 [ RunTime:0.000208s ]
---------------------------------------------------------------
[ 2019-02-19T21:46:22+08:00 ] 203.208.60.90 GET kjdll.com/api/validate/check_sms_correct.html
[ sql ] [ DB ] CONNECT:[ UseTime:0.000250s ] mysql:host=localhost;dbname=fastadmin;charset=utf8
[ sql ] [ SQL ] SHOW COLUMNS FROM `fa_sms` [ RunTime:0.000791s ]
[ sql ] [ SQL ] SELECT * FROM `fa_sms` WHERE  `mobile` IS NULL  AND `event` IS NULL ORDER BY `id` DESC LIMIT 1 [ RunTime:0.000173s ]
---------------------------------------------------------------
[ 2019-02-19T21:51:19+08:00 ] 203.208.60.109 GET kjdll.com/api/validate/check_ems_correct.html
[ sql ] [ DB ] CONNECT:[ UseTime:0.000292s ] mysql:host=localhost;dbname=fastadmin;charset=utf8
[ sql ] [ SQL ] SHOW COLUMNS FROM `fa_ems` [ RunTime:0.000890s ]
[ sql ] [ SQL ] SELECT * FROM `fa_ems` WHERE  `email` IS NULL  AND `event` IS NULL ORDER BY `id` DESC LIMIT 1 [ RunTime:0.000195s ]
