---------------------------------------------------------------
[ 2019-03-06T22:39:40+08:00 ] 111.175.144.158 POST wx.kjdll.com/admin/index/login.html
[ sql ] [ DB ] CONNECT:[ UseTime:0.000269s ] mysql:host=localhost;dbname=fastadmin;charset=utf8
[ sql ] [ SQL ] SHOW COLUMNS FROM `fa_admin` [ RunTime:0.000835s ]
[ sql ] [ SQL ] SELECT * FROM `fa_admin` WHERE  `username` = 'root' LIMIT 1 [ RunTime:0.000354s ]
[ sql ] [ SQL ] UPDATE `fa_admin`  SET `logintime`=1551883180,`token`='0673ba4a-e2d3-4e51-bf6d-bab06131e6c8',`updatetime`=1551883180  WHERE  `id` = 1 [ RunTime:0.002703s ]
[ sql ] [ SQL ] SHOW COLUMNS FROM `fa_admin_log` [ RunTime:0.000759s ]
[ sql ] [ SQL ] INSERT INTO `fa_admin_log` (`title` , `content` , `url` , `admin_id` , `username` , `useragent` , `ip` , `createtime`) VALUES ('登录' , '{\"__token__\":\"6bad06828a07535d8281350c3079303a\",\"username\":\"root\",\"captcha\":\"rvcc\"}' , '/admin/index/login.html' , 1 , 'root' , 'Mozilla/5.0 (Windows NT 10.0; Win64; x64; rv:64.0) Gecko/20100101 Firefox/64.0' , '111.175.144.158' , 1551883180) [ RunTime:0.004069s ]
---------------------------------------------------------------
[ 2019-03-06T22:39:40+08:00 ] 111.175.144.158 GET wx.kjdll.com/admin/index/index
[ sql ] [ DB ] CONNECT:[ UseTime:0.000284s ] mysql:host=localhost;dbname=fastadmin;charset=utf8
[ sql ] [ SQL ] SHOW COLUMNS FROM `fa_auth_group_access` [ RunTime:0.000816s ]
[ sql ] [ SQL ] SELECT `aga`.`uid`,`aga`.`group_id`,`ag`.`id`,`ag`.`pid`,`ag`.`name`,`ag`.`rules` FROM `fa_auth_group_access` `aga` LEFT JOIN `fa_auth_group` `ag` ON `aga`.`group_id`=`ag`.`id` WHERE  (  aga.uid='1' and ag.status='normal' ) [ RunTime:0.000235s ]
[ sql ] [ SQL ] SHOW COLUMNS FROM `fa_auth_rule` [ RunTime:0.000660s ]
[ sql ] [ SQL ] SELECT `id`,`pid`,`condition`,`icon`,`name`,`title`,`ismenu` FROM `fa_auth_rule` WHERE  `status` = 'normal' [ RunTime:0.000307s ]
---------------------------------------------------------------
[ 2019-03-06T22:39:40+08:00 ] 111.175.144.158 GET wx.kjdll.com/admin/dashboard?addtabs=1
[ sql ] [ DB ] CONNECT:[ UseTime:0.000268s ] mysql:host=localhost;dbname=fastadmin;charset=utf8
[ sql ] [ SQL ] SHOW COLUMNS FROM `fa_auth_group_access` [ RunTime:0.000823s ]
[ sql ] [ SQL ] SELECT `aga`.`uid`,`aga`.`group_id`,`ag`.`id`,`ag`.`pid`,`ag`.`name`,`ag`.`rules` FROM `fa_auth_group_access` `aga` LEFT JOIN `fa_auth_group` `ag` ON `aga`.`group_id`=`ag`.`id` WHERE  (  aga.uid='1' and ag.status='normal' ) [ RunTime:0.000224s ]
[ sql ] [ SQL ] SHOW COLUMNS FROM `fa_auth_rule` [ RunTime:0.000692s ]
[ sql ] [ SQL ] SELECT `id`,`pid`,`condition`,`icon`,`name`,`title`,`ismenu` FROM `fa_auth_rule` WHERE  `status` = 'normal' [ RunTime:0.000371s ]
[ sql ] [ SQL ] SELECT `title`,`remark` FROM `fa_auth_rule` WHERE  `name` = 'dashboard' LIMIT 1 [ RunTime:0.000178s ]
---------------------------------------------------------------
[ 2019-03-06T22:39:50+08:00 ] 111.175.144.158 GET wx.kjdll.com/admin/addon?addtabs=1
[ sql ] [ DB ] CONNECT:[ UseTime:0.000272s ] mysql:host=localhost;dbname=fastadmin;charset=utf8
[ sql ] [ SQL ] SHOW COLUMNS FROM `fa_auth_group_access` [ RunTime:0.000872s ]
[ sql ] [ SQL ] SELECT `aga`.`uid`,`aga`.`group_id`,`ag`.`id`,`ag`.`pid`,`ag`.`name`,`ag`.`rules` FROM `fa_auth_group_access` `aga` LEFT JOIN `fa_auth_group` `ag` ON `aga`.`group_id`=`ag`.`id` WHERE  (  aga.uid='1' and ag.status='normal' ) [ RunTime:0.000231s ]
[ sql ] [ SQL ] SHOW COLUMNS FROM `fa_auth_rule` [ RunTime:0.000666s ]
[ sql ] [ SQL ] SELECT `id`,`pid`,`condition`,`icon`,`name`,`title`,`ismenu` FROM `fa_auth_rule` WHERE  `status` = 'normal' [ RunTime:0.000340s ]
[ sql ] [ SQL ] SELECT `title`,`remark` FROM `fa_auth_rule` WHERE  `name` = 'addon' LIMIT 1 [ RunTime:0.000311s ]
---------------------------------------------------------------
[ 2019-03-06T22:40:10+08:00 ] 111.175.144.158 POST wx.kjdll.com/admin/addon/install
[ sql ] [ DB ] CONNECT:[ UseTime:0.000265s ] mysql:host=localhost;dbname=fastadmin;charset=utf8
[ sql ] [ SQL ] SHOW COLUMNS FROM `fa_auth_group_access` [ RunTime:0.000795s ]
[ sql ] [ SQL ] SELECT `aga`.`uid`,`aga`.`group_id`,`ag`.`id`,`ag`.`pid`,`ag`.`name`,`ag`.`rules` FROM `fa_auth_group_access` `aga` LEFT JOIN `fa_auth_group` `ag` ON `aga`.`group_id`=`ag`.`id` WHERE  (  aga.uid='1' and ag.status='normal' ) [ RunTime:0.000200s ]
[ sql ] [ SQL ] SHOW COLUMNS FROM `fa_auth_rule` [ RunTime:0.000618s ]
[ sql ] [ SQL ] SELECT `id`,`pid`,`condition`,`icon`,`name`,`title`,`ismenu` FROM `fa_auth_rule` WHERE  `status` = 'normal' [ RunTime:0.000297s ]
[ sql ] [ SQL ] SHOW COLUMNS FROM `fa_admin_log` [ RunTime:0.000919s ]
[ sql ] [ SQL ] INSERT INTO `fa_admin_log` (`title` , `content` , `url` , `admin_id` , `username` , `useragent` , `ip` , `createtime`) VALUES ('插件管理 安装' , '{\"name\":\"ask\",\"force\":\"0\",\"uid\":\"11324\",\"token\":\"57c5e507-7154-475b-a7a0-0cae15a1ad2e\",\"version\":\"1.0.0\",\"faversion\":\"1.0.0.20190111_beta\"}' , '/admin/addon/install' , 1 , 'root' , 'Mozilla/5.0 (Windows NT 10.0; Win64; x64; rv:64.0) Gecko/20100101 Firefox/64.0' , '111.175.144.158' , 1551883210) [ RunTime:0.003045s ]
---------------------------------------------------------------
[ 2019-03-06T22:40:22+08:00 ] 111.175.144.158 POST wx.kjdll.com/admin/addon/install
[ sql ] [ DB ] CONNECT:[ UseTime:0.000291s ] mysql:host=localhost;dbname=fastadmin;charset=utf8
[ sql ] [ SQL ] SHOW COLUMNS FROM `fa_auth_group_access` [ RunTime:0.000802s ]
[ sql ] [ SQL ] SELECT `aga`.`uid`,`aga`.`group_id`,`ag`.`id`,`ag`.`pid`,`ag`.`name`,`ag`.`rules` FROM `fa_auth_group_access` `aga` LEFT JOIN `fa_auth_group` `ag` ON `aga`.`group_id`=`ag`.`id` WHERE  (  aga.uid='1' and ag.status='normal' ) [ RunTime:0.000212s ]
[ sql ] [ SQL ] SHOW COLUMNS FROM `fa_auth_rule` [ RunTime:0.000606s ]
[ sql ] [ SQL ] SELECT `id`,`pid`,`condition`,`icon`,`name`,`title`,`ismenu` FROM `fa_auth_rule` WHERE  `status` = 'normal' [ RunTime:0.000321s ]
[ sql ] [ SQL ] SHOW COLUMNS FROM `fa_admin_log` [ RunTime:0.000959s ]
[ sql ] [ SQL ] INSERT INTO `fa_admin_log` (`title` , `content` , `url` , `admin_id` , `username` , `useragent` , `ip` , `createtime`) VALUES ('插件管理 安装' , '{\"name\":\"markdown\",\"force\":\"0\",\"uid\":\"11324\",\"token\":\"57c5e507-7154-475b-a7a0-0cae15a1ad2e\",\"version\":\"1.0.1\",\"faversion\":\"1.0.0.20190111_beta\"}' , '/admin/addon/install' , 1 , 'root' , 'Mozilla/5.0 (Windows NT 10.0; Win64; x64; rv:64.0) Gecko/20100101 Firefox/64.0' , '111.175.144.158' , 1551883222) [ RunTime:0.006442s ]
---------------------------------------------------------------
[ 2019-03-06T22:40:22+08:00 ] 111.175.144.158 POST wx.kjdll.com/admin/index/index
[ sql ] [ DB ] CONNECT:[ UseTime:0.000251s ] mysql:host=localhost;dbname=fastadmin;charset=utf8
[ sql ] [ SQL ] SHOW COLUMNS FROM `fa_auth_group_access` [ RunTime:0.000839s ]
[ sql ] [ SQL ] SELECT `aga`.`uid`,`aga`.`group_id`,`ag`.`id`,`ag`.`pid`,`ag`.`name`,`ag`.`rules` FROM `fa_auth_group_access` `aga` LEFT JOIN `fa_auth_group` `ag` ON `aga`.`group_id`=`ag`.`id` WHERE  (  aga.uid='1' and ag.status='normal' ) [ RunTime:0.000197s ]
[ sql ] [ SQL ] SHOW COLUMNS FROM `fa_auth_rule` [ RunTime:0.000689s ]
[ sql ] [ SQL ] SELECT `id`,`pid`,`condition`,`icon`,`name`,`title`,`ismenu` FROM `fa_auth_rule` WHERE  `status` = 'normal' [ RunTime:0.000290s ]
[ sql ] [ SQL ] SHOW COLUMNS FROM `fa_admin_log` [ RunTime:0.000974s ]
[ sql ] [ SQL ] INSERT INTO `fa_admin_log` (`title` , `content` , `url` , `admin_id` , `username` , `useragent` , `ip` , `createtime`) VALUES ('' , '{\"action\":\"refreshmenu\"}' , '/admin/index/index' , 1 , 'root' , 'Mozilla/5.0 (Windows NT 10.0; Win64; x64; rv:64.0) Gecko/20100101 Firefox/64.0' , '111.175.144.158' , 1551883222) [ RunTime:0.002923s ]
---------------------------------------------------------------
[ 2019-03-06T22:40:31+08:00 ] 111.175.144.158 POST wx.kjdll.com/admin/addon/install
[ sql ] [ DB ] CONNECT:[ UseTime:0.000271s ] mysql:host=localhost;dbname=fastadmin;charset=utf8
[ sql ] [ SQL ] SHOW COLUMNS FROM `fa_auth_group_access` [ RunTime:0.000816s ]
[ sql ] [ SQL ] SELECT `aga`.`uid`,`aga`.`group_id`,`ag`.`id`,`ag`.`pid`,`ag`.`name`,`ag`.`rules` FROM `fa_auth_group_access` `aga` LEFT JOIN `fa_auth_group` `ag` ON `aga`.`group_id`=`ag`.`id` WHERE  (  aga.uid='1' and ag.status='normal' ) [ RunTime:0.000201s ]
[ sql ] [ SQL ] SHOW COLUMNS FROM `fa_auth_rule` [ RunTime:0.000651s ]
[ sql ] [ SQL ] SELECT `id`,`pid`,`condition`,`icon`,`name`,`title`,`ismenu` FROM `fa_auth_rule` WHERE  `status` = 'normal' [ RunTime:0.000287s ]
[ sql ] [ SQL ] INSERT INTO `fa_auth_rule` (`name` , `title` , `ismenu` , `icon` , `remark` , `pid` , `status` , `createtime` , `updatetime`) VALUES ('fileix' , '文件管理' , 1 , 'fa fa-folder-o' , '用于管理指定目录下的文件和文件夹，根目录路径请在插件配置中设置' , 0 , 'normal' , 1551883231 , 1551883231) [ RunTime:0.004273s ]
[ sql ] [ SQL ] SHOW COLUMNS FROM `fa_admin_log` [ RunTime:0.000912s ]
[ sql ] [ SQL ] INSERT INTO `fa_admin_log` (`title` , `content` , `url` , `admin_id` , `username` , `useragent` , `ip` , `createtime`) VALUES ('插件管理 安装' , '{\"name\":\"fileix\",\"force\":\"0\",\"uid\":\"11324\",\"token\":\"57c5e507-7154-475b-a7a0-0cae15a1ad2e\",\"version\":\"1.0.3\",\"faversion\":\"1.0.0.20190111_beta\"}' , '/admin/addon/install' , 1 , 'root' , 'Mozilla/5.0 (Windows NT 10.0; Win64; x64; rv:64.0) Gecko/20100101 Firefox/64.0' , '111.175.144.158' , 1551883231) [ RunTime:0.010911s ]
---------------------------------------------------------------
[ 2019-03-06T22:40:31+08:00 ] 111.175.144.158 POST wx.kjdll.com/admin/index/index
[ sql ] [ DB ] CONNECT:[ UseTime:0.000262s ] mysql:host=localhost;dbname=fastadmin;charset=utf8
[ sql ] [ SQL ] SHOW COLUMNS FROM `fa_auth_group_access` [ RunTime:0.000746s ]
[ sql ] [ SQL ] SELECT `aga`.`uid`,`aga`.`group_id`,`ag`.`id`,`ag`.`pid`,`ag`.`name`,`ag`.`rules` FROM `fa_auth_group_access` `aga` LEFT JOIN `fa_auth_group` `ag` ON `aga`.`group_id`=`ag`.`id` WHERE  (  aga.uid='1' and ag.status='normal' ) [ RunTime:0.000197s ]
[ sql ] [ SQL ] SHOW COLUMNS FROM `fa_auth_rule` [ RunTime:0.000673s ]
[ sql ] [ SQL ] SELECT `id`,`pid`,`condition`,`icon`,`name`,`title`,`ismenu` FROM `fa_auth_rule` WHERE  `status` = 'normal' [ RunTime:0.000600s ]
[ sql ] [ SQL ] SELECT * FROM `fa_auth_rule` WHERE  `status` = 'normal'  AND `ismenu` = 1 ORDER BY `weigh` DESC [ RunTime:0.000483s ]
[ sql ] [ SQL ] SHOW COLUMNS FROM `fa_admin_log` [ RunTime:0.000974s ]
[ sql ] [ SQL ] INSERT INTO `fa_admin_log` (`title` , `content` , `url` , `admin_id` , `username` , `useragent` , `ip` , `createtime`) VALUES ('' , '{\"action\":\"refreshmenu\"}' , '/admin/index/index' , 1 , 'root' , 'Mozilla/5.0 (Windows NT 10.0; Win64; x64; rv:64.0) Gecko/20100101 Firefox/64.0' , '111.175.144.158' , 1551883231) [ RunTime:0.002603s ]
---------------------------------------------------------------
[ 2019-03-06T22:40:54+08:00 ] 111.175.144.158 POST wx.kjdll.com/admin/addon/install
[ sql ] [ DB ] CONNECT:[ UseTime:0.000297s ] mysql:host=localhost;dbname=fastadmin;charset=utf8
[ sql ] [ SQL ] SHOW COLUMNS FROM `fa_auth_group_access` [ RunTime:0.000865s ]
[ sql ] [ SQL ] SELECT `aga`.`uid`,`aga`.`group_id`,`ag`.`id`,`ag`.`pid`,`ag`.`name`,`ag`.`rules` FROM `fa_auth_group_access` `aga` LEFT JOIN `fa_auth_group` `ag` ON `aga`.`group_id`=`ag`.`id` WHERE  (  aga.uid='1' and ag.status='normal' ) [ RunTime:0.000236s ]
[ sql ] [ SQL ] SHOW COLUMNS FROM `fa_auth_rule` [ RunTime:0.000660s ]
[ sql ] [ SQL ] SELECT `id`,`pid`,`condition`,`icon`,`name`,`title`,`ismenu` FROM `fa_auth_rule` WHERE  `status` = 'normal' [ RunTime:0.000324s ]
[ sql ] [ SQL ] SHOW COLUMNS FROM `fa_admin_log` [ RunTime:0.000968s ]
[ sql ] [ SQL ] INSERT INTO `fa_admin_log` (`title` , `content` , `url` , `admin_id` , `username` , `useragent` , `ip` , `createtime`) VALUES ('插件管理 安装' , '{\"name\":\"qrcode\",\"force\":\"0\",\"uid\":\"11324\",\"token\":\"57c5e507-7154-475b-a7a0-0cae15a1ad2e\",\"version\":\"1.0.2\",\"faversion\":\"1.0.0.20190111_beta\"}' , '/admin/addon/install' , 1 , 'root' , 'Mozilla/5.0 (Windows NT 10.0; Win64; x64; rv:64.0) Gecko/20100101 Firefox/64.0' , '111.175.144.158' , 1551883254) [ RunTime:0.003082s ]
---------------------------------------------------------------
[ 2019-03-06T22:40:54+08:00 ] 111.175.144.158 POST wx.kjdll.com/admin/index/index
[ sql ] [ DB ] CONNECT:[ UseTime:0.000278s ] mysql:host=localhost;dbname=fastadmin;charset=utf8
[ sql ] [ SQL ] SHOW COLUMNS FROM `fa_auth_group_access` [ RunTime:0.000763s ]
[ sql ] [ SQL ] SELECT `aga`.`uid`,`aga`.`group_id`,`ag`.`id`,`ag`.`pid`,`ag`.`name`,`ag`.`rules` FROM `fa_auth_group_access` `aga` LEFT JOIN `fa_auth_group` `ag` ON `aga`.`group_id`=`ag`.`id` WHERE  (  aga.uid='1' and ag.status='normal' ) [ RunTime:0.000245s ]
[ sql ] [ SQL ] SHOW COLUMNS FROM `fa_auth_rule` [ RunTime:0.000664s ]
[ sql ] [ SQL ] SELECT `id`,`pid`,`condition`,`icon`,`name`,`title`,`ismenu` FROM `fa_auth_rule` WHERE  `status` = 'normal' [ RunTime:0.000281s ]
[ sql ] [ SQL ] SHOW COLUMNS FROM `fa_admin_log` [ RunTime:0.000941s ]
[ sql ] [ SQL ] INSERT INTO `fa_admin_log` (`title` , `content` , `url` , `admin_id` , `username` , `useragent` , `ip` , `createtime`) VALUES ('' , '{\"action\":\"refreshmenu\"}' , '/admin/index/index' , 1 , 'root' , 'Mozilla/5.0 (Windows NT 10.0; Win64; x64; rv:64.0) Gecko/20100101 Firefox/64.0' , '111.175.144.158' , 1551883254) [ RunTime:0.006192s ]
---------------------------------------------------------------
[ 2019-03-06T22:41:16+08:00 ] 111.175.144.158 POST wx.kjdll.com/admin/addon/install
[ sql ] [ DB ] CONNECT:[ UseTime:0.000269s ] mysql:host=localhost;dbname=fastadmin;charset=utf8
[ sql ] [ SQL ] SHOW COLUMNS FROM `fa_auth_group_access` [ RunTime:0.000812s ]
[ sql ] [ SQL ] SELECT `aga`.`uid`,`aga`.`group_id`,`ag`.`id`,`ag`.`pid`,`ag`.`name`,`ag`.`rules` FROM `fa_auth_group_access` `aga` LEFT JOIN `fa_auth_group` `ag` ON `aga`.`group_id`=`ag`.`id` WHERE  (  aga.uid='1' and ag.status='normal' ) [ RunTime:0.000196s ]
[ sql ] [ SQL ] SHOW COLUMNS FROM `fa_auth_rule` [ RunTime:0.000627s ]
[ sql ] [ SQL ] SELECT `id`,`pid`,`condition`,`icon`,`name`,`title`,`ismenu` FROM `fa_auth_rule` WHERE  `status` = 'normal' [ RunTime:0.000292s ]
[ sql ] [ SQL ] SHOW COLUMNS FROM `fa_admin_log` [ RunTime:0.000911s ]
[ sql ] [ SQL ] INSERT INTO `fa_admin_log` (`title` , `content` , `url` , `admin_id` , `username` , `useragent` , `ip` , `createtime`) VALUES ('插件管理 安装' , '{\"name\":\"faems\",\"force\":\"0\",\"uid\":\"11324\",\"token\":\"57c5e507-7154-475b-a7a0-0cae15a1ad2e\",\"version\":\"1.0.0\",\"faversion\":\"1.0.0.20190111_beta\"}' , '/admin/addon/install' , 1 , 'root' , 'Mozilla/5.0 (Windows NT 10.0; Win64; x64; rv:64.0) Gecko/20100101 Firefox/64.0' , '111.175.144.158' , 1551883276) [ RunTime:0.002745s ]
---------------------------------------------------------------
[ 2019-03-06T22:41:16+08:00 ] 111.175.144.158 POST wx.kjdll.com/admin/index/index
[ sql ] [ DB ] CONNECT:[ UseTime:0.000270s ] mysql:host=localhost;dbname=fastadmin;charset=utf8
[ sql ] [ SQL ] SHOW COLUMNS FROM `fa_auth_group_access` [ RunTime:0.000768s ]
[ sql ] [ SQL ] SELECT `aga`.`uid`,`aga`.`group_id`,`ag`.`id`,`ag`.`pid`,`ag`.`name`,`ag`.`rules` FROM `fa_auth_group_access` `aga` LEFT JOIN `fa_auth_group` `ag` ON `aga`.`group_id`=`ag`.`id` WHERE  (  aga.uid='1' and ag.status='normal' ) [ RunTime:0.000196s ]
[ sql ] [ SQL ] SHOW COLUMNS FROM `fa_auth_rule` [ RunTime:0.000644s ]
[ sql ] [ SQL ] SELECT `id`,`pid`,`condition`,`icon`,`name`,`title`,`ismenu` FROM `fa_auth_rule` WHERE  `status` = 'normal' [ RunTime:0.000334s ]
[ sql ] [ SQL ] SHOW COLUMNS FROM `fa_admin_log` [ RunTime:0.000943s ]
[ sql ] [ SQL ] INSERT INTO `fa_admin_log` (`title` , `content` , `url` , `admin_id` , `username` , `useragent` , `ip` , `createtime`) VALUES ('' , '{\"action\":\"refreshmenu\"}' , '/admin/index/index' , 1 , 'root' , 'Mozilla/5.0 (Windows NT 10.0; Win64; x64; rv:64.0) Gecko/20100101 Firefox/64.0' , '111.175.144.158' , 1551883276) [ RunTime:0.002474s ]
---------------------------------------------------------------
[ 2019-03-06T22:41:33+08:00 ] 111.175.144.158 POST wx.kjdll.com/admin/addon/install
[ sql ] [ DB ] CONNECT:[ UseTime:0.000286s ] mysql:host=localhost;dbname=fastadmin;charset=utf8
[ sql ] [ SQL ] SHOW COLUMNS FROM `fa_auth_group_access` [ RunTime:0.000857s ]
[ sql ] [ SQL ] SELECT `aga`.`uid`,`aga`.`group_id`,`ag`.`id`,`ag`.`pid`,`ag`.`name`,`ag`.`rules` FROM `fa_auth_group_access` `aga` LEFT JOIN `fa_auth_group` `ag` ON `aga`.`group_id`=`ag`.`id` WHERE  (  aga.uid='1' and ag.status='normal' ) [ RunTime:0.000216s ]
[ sql ] [ SQL ] SHOW COLUMNS FROM `fa_auth_rule` [ RunTime:0.000633s ]
[ sql ] [ SQL ] SELECT `id`,`pid`,`condition`,`icon`,`name`,`title`,`ismenu` FROM `fa_auth_rule` WHERE  `status` = 'normal' [ RunTime:0.000300s ]
[ sql ] [ SQL ] SHOW COLUMNS FROM `fa_admin_log` [ RunTime:0.000903s ]
[ sql ] [ SQL ] INSERT INTO `fa_admin_log` (`title` , `content` , `url` , `admin_id` , `username` , `useragent` , `ip` , `createtime`) VALUES ('插件管理 安装' , '{\"name\":\"address\",\"force\":\"0\",\"uid\":\"11324\",\"token\":\"57c5e507-7154-475b-a7a0-0cae15a1ad2e\",\"version\":\"1.0.2\",\"faversion\":\"1.0.0.20190111_beta\"}' , '/admin/addon/install' , 1 , 'root' , 'Mozilla/5.0 (Windows NT 10.0; Win64; x64; rv:64.0) Gecko/20100101 Firefox/64.0' , '111.175.144.158' , 1551883293) [ RunTime:0.003216s ]
---------------------------------------------------------------
[ 2019-03-06T22:41:33+08:00 ] 111.175.144.158 POST wx.kjdll.com/admin/index/index
[ sql ] [ DB ] CONNECT:[ UseTime:0.000257s ] mysql:host=localhost;dbname=fastadmin;charset=utf8
[ sql ] [ SQL ] SHOW COLUMNS FROM `fa_auth_group_access` [ RunTime:0.000827s ]
[ sql ] [ SQL ] SELECT `aga`.`uid`,`aga`.`group_id`,`ag`.`id`,`ag`.`pid`,`ag`.`name`,`ag`.`rules` FROM `fa_auth_group_access` `aga` LEFT JOIN `fa_auth_group` `ag` ON `aga`.`group_id`=`ag`.`id` WHERE  (  aga.uid='1' and ag.status='normal' ) [ RunTime:0.000222s ]
[ sql ] [ SQL ] SHOW COLUMNS FROM `fa_auth_rule` [ RunTime:0.000738s ]
[ sql ] [ SQL ] SELECT `id`,`pid`,`condition`,`icon`,`name`,`title`,`ismenu` FROM `fa_auth_rule` WHERE  `status` = 'normal' [ RunTime:0.000325s ]
[ sql ] [ SQL ] SHOW COLUMNS FROM `fa_admin_log` [ RunTime:0.001044s ]
[ sql ] [ SQL ] INSERT INTO `fa_admin_log` (`title` , `content` , `url` , `admin_id` , `username` , `useragent` , `ip` , `createtime`) VALUES ('' , '{\"action\":\"refreshmenu\"}' , '/admin/index/index' , 1 , 'root' , 'Mozilla/5.0 (Windows NT 10.0; Win64; x64; rv:64.0) Gecko/20100101 Firefox/64.0' , '111.175.144.158' , 1551883293) [ RunTime:0.003070s ]
---------------------------------------------------------------
[ 2019-03-06T22:41:44+08:00 ] 111.175.144.158 POST wx.kjdll.com/admin/addon/install
[ sql ] [ DB ] CONNECT:[ UseTime:0.000268s ] mysql:host=localhost;dbname=fastadmin;charset=utf8
[ sql ] [ SQL ] SHOW COLUMNS FROM `fa_auth_group_access` [ RunTime:0.000798s ]
[ sql ] [ SQL ] SELECT `aga`.`uid`,`aga`.`group_id`,`ag`.`id`,`ag`.`pid`,`ag`.`name`,`ag`.`rules` FROM `fa_auth_group_access` `aga` LEFT JOIN `fa_auth_group` `ag` ON `aga`.`group_id`=`ag`.`id` WHERE  (  aga.uid='1' and ag.status='normal' ) [ RunTime:0.000207s ]
[ sql ] [ SQL ] SHOW COLUMNS FROM `fa_auth_rule` [ RunTime:0.000636s ]
[ sql ] [ SQL ] SELECT `id`,`pid`,`condition`,`icon`,`name`,`title`,`ismenu` FROM `fa_auth_rule` WHERE  `status` = 'normal' [ RunTime:0.000325s ]
[ sql ] [ SQL ] SHOW COLUMNS FROM `fa_admin_log` [ RunTime:0.000891s ]
[ sql ] [ SQL ] INSERT INTO `fa_admin_log` (`title` , `content` , `url` , `admin_id` , `username` , `useragent` , `ip` , `createtime`) VALUES ('插件管理 安装' , '{\"name\":\"thumb\",\"force\":\"0\",\"uid\":\"11324\",\"token\":\"57c5e507-7154-475b-a7a0-0cae15a1ad2e\",\"version\":\"1.0.1\",\"faversion\":\"1.0.0.20190111_beta\"}' , '/admin/addon/install' , 1 , 'root' , 'Mozilla/5.0 (Windows NT 10.0; Win64; x64; rv:64.0) Gecko/20100101 Firefox/64.0' , '111.175.144.158' , 1551883304) [ RunTime:0.006423s ]
---------------------------------------------------------------
[ 2019-03-06T22:41:44+08:00 ] 111.175.144.158 POST wx.kjdll.com/admin/index/index
[ sql ] [ DB ] CONNECT:[ UseTime:0.000290s ] mysql:host=localhost;dbname=fastadmin;charset=utf8
[ sql ] [ SQL ] SHOW COLUMNS FROM `fa_auth_group_access` [ RunTime:0.000738s ]
[ sql ] [ SQL ] SELECT `aga`.`uid`,`aga`.`group_id`,`ag`.`id`,`ag`.`pid`,`ag`.`name`,`ag`.`rules` FROM `fa_auth_group_access` `aga` LEFT JOIN `fa_auth_group` `ag` ON `aga`.`group_id`=`ag`.`id` WHERE  (  aga.uid='1' and ag.status='normal' ) [ RunTime:0.000324s ]
[ sql ] [ SQL ] SHOW COLUMNS FROM `fa_auth_rule` [ RunTime:0.000624s ]
[ sql ] [ SQL ] SELECT `id`,`pid`,`condition`,`icon`,`name`,`title`,`ismenu` FROM `fa_auth_rule` WHERE  `status` = 'normal' [ RunTime:0.000290s ]
[ sql ] [ SQL ] SHOW COLUMNS FROM `fa_admin_log` [ RunTime:0.000956s ]
[ sql ] [ SQL ] INSERT INTO `fa_admin_log` (`title` , `content` , `url` , `admin_id` , `username` , `useragent` , `ip` , `createtime`) VALUES ('' , '{\"action\":\"refreshmenu\"}' , '/admin/index/index' , 1 , 'root' , 'Mozilla/5.0 (Windows NT 10.0; Win64; x64; rv:64.0) Gecko/20100101 Firefox/64.0' , '111.175.144.158' , 1551883304) [ RunTime:0.002631s ]
---------------------------------------------------------------
[ 2019-03-06T22:42:18+08:00 ] 111.175.144.158 GET wx.kjdll.com/admin/general/config?addtabs=1
[ sql ] [ DB ] CONNECT:[ UseTime:0.000269s ] mysql:host=localhost;dbname=fastadmin;charset=utf8
[ sql ] [ SQL ] SHOW COLUMNS FROM `fa_auth_group_access` [ RunTime:0.000801s ]
[ sql ] [ SQL ] SELECT `aga`.`uid`,`aga`.`group_id`,`ag`.`id`,`ag`.`pid`,`ag`.`name`,`ag`.`rules` FROM `fa_auth_group_access` `aga` LEFT JOIN `fa_auth_group` `ag` ON `aga`.`group_id`=`ag`.`id` WHERE  (  aga.uid='1' and ag.status='normal' ) [ RunTime:0.000201s ]
[ sql ] [ SQL ] SHOW COLUMNS FROM `fa_auth_rule` [ RunTime:0.000683s ]
[ sql ] [ SQL ] SELECT `id`,`pid`,`condition`,`icon`,`name`,`title`,`ismenu` FROM `fa_auth_rule` WHERE  `status` = 'normal' [ RunTime:0.000295s ]
[ sql ] [ SQL ] SHOW COLUMNS FROM `fa_config` [ RunTime:0.000641s ]
[ sql ] [ SQL ] SELECT * FROM `fa_config` [ RunTime:0.000159s ]
[ sql ] [ SQL ] SELECT `title`,`remark` FROM `fa_auth_rule` WHERE  `name` = 'general/config' LIMIT 1 [ RunTime:0.000477s ]
---------------------------------------------------------------
[ 2019-03-06T22:42:20+08:00 ] 111.175.144.158 GET wx.kjdll.com/admin/general/attachment?addtabs=1
[ sql ] [ DB ] CONNECT:[ UseTime:0.000330s ] mysql:host=localhost;dbname=fastadmin;charset=utf8
[ sql ] [ SQL ] SHOW COLUMNS FROM `fa_auth_group_access` [ RunTime:0.000954s ]
[ sql ] [ SQL ] SELECT `aga`.`uid`,`aga`.`group_id`,`ag`.`id`,`ag`.`pid`,`ag`.`name`,`ag`.`rules` FROM `fa_auth_group_access` `aga` LEFT JOIN `fa_auth_group` `ag` ON `aga`.`group_id`=`ag`.`id` WHERE  (  aga.uid='1' and ag.status='normal' ) [ RunTime:0.000285s ]
[ sql ] [ SQL ] SHOW COLUMNS FROM `fa_auth_rule` [ RunTime:0.000670s ]
[ sql ] [ SQL ] SELECT `id`,`pid`,`condition`,`icon`,`name`,`title`,`ismenu` FROM `fa_auth_rule` WHERE  `status` = 'normal' [ RunTime:0.000340s ]
[ sql ] [ SQL ] SELECT `title`,`remark` FROM `fa_auth_rule` WHERE  `name` = 'general/attachment' LIMIT 1 [ RunTime:0.000313s ]
---------------------------------------------------------------
[ 2019-03-06T22:42:20+08:00 ] 111.175.144.158 GET wx.kjdll.com/admin/general/attachment/index?sort=id&order=desc&offset=0&limit=10&filter=%7B%7D&op=%7B%7D&_=1551883340129
[ sql ] [ DB ] CONNECT:[ UseTime:0.000306s ] mysql:host=localhost;dbname=fastadmin;charset=utf8
[ sql ] [ SQL ] SHOW COLUMNS FROM `fa_auth_group_access` [ RunTime:0.000870s ]
[ sql ] [ SQL ] SELECT `aga`.`uid`,`aga`.`group_id`,`ag`.`id`,`ag`.`pid`,`ag`.`name`,`ag`.`rules` FROM `fa_auth_group_access` `aga` LEFT JOIN `fa_auth_group` `ag` ON `aga`.`group_id`=`ag`.`id` WHERE  (  aga.uid='1' and ag.status='normal' ) [ RunTime:0.000241s ]
[ sql ] [ SQL ] SHOW COLUMNS FROM `fa_auth_rule` [ RunTime:0.000666s ]
[ sql ] [ SQL ] SELECT `id`,`pid`,`condition`,`icon`,`name`,`title`,`ismenu` FROM `fa_auth_rule` WHERE  `status` = 'normal' [ RunTime:0.000314s ]
[ sql ] [ SQL ] SHOW COLUMNS FROM `fa_attachment` [ RunTime:0.000729s ]
[ sql ] [ SQL ] SELECT COUNT(*) AS tp_count FROM `fa_attachment` ORDER BY `id` DESC LIMIT 1 [ RunTime:0.000157s ]
[ sql ] [ SQL ] SELECT * FROM `fa_attachment` ORDER BY `id` DESC LIMIT 0,10 [ RunTime:0.000158s ]
---------------------------------------------------------------
[ 2019-03-06T22:42:20+08:00 ] 111.175.144.158 GET wx.kjdll.com/admin/general/profile?addtabs=1
[ sql ] [ DB ] CONNECT:[ UseTime:0.000338s ] mysql:host=localhost;dbname=fastadmin;charset=utf8
[ sql ] [ SQL ] SHOW COLUMNS FROM `fa_auth_group_access` [ RunTime:0.000803s ]
[ sql ] [ SQL ] SELECT `aga`.`uid`,`aga`.`group_id`,`ag`.`id`,`ag`.`pid`,`ag`.`name`,`ag`.`rules` FROM `fa_auth_group_access` `aga` LEFT JOIN `fa_auth_group` `ag` ON `aga`.`group_id`=`ag`.`id` WHERE  (  aga.uid='1' and ag.status='normal' ) [ RunTime:0.000238s ]
[ sql ] [ SQL ] SHOW COLUMNS FROM `fa_auth_rule` [ RunTime:0.000663s ]
[ sql ] [ SQL ] SELECT `id`,`pid`,`condition`,`icon`,`name`,`title`,`ismenu` FROM `fa_auth_rule` WHERE  `status` = 'normal' [ RunTime:0.000352s ]
---------------------------------------------------------------
[ 2019-03-06T22:42:21+08:00 ] 111.175.144.158 GET wx.kjdll.com/admin/general/profile/index?sort=id&order=desc&offset=0&limit=10&_=1551883340885
[ sql ] [ DB ] CONNECT:[ UseTime:0.000291s ] mysql:host=localhost;dbname=fastadmin;charset=utf8
[ sql ] [ SQL ] SHOW COLUMNS FROM `fa_auth_group_access` [ RunTime:0.000833s ]
[ sql ] [ SQL ] SELECT `aga`.`uid`,`aga`.`group_id`,`ag`.`id`,`ag`.`pid`,`ag`.`name`,`ag`.`rules` FROM `fa_auth_group_access` `aga` LEFT JOIN `fa_auth_group` `ag` ON `aga`.`group_id`=`ag`.`id` WHERE  (  aga.uid='1' and ag.status='normal' ) [ RunTime:0.000212s ]
[ sql ] [ SQL ] SHOW COLUMNS FROM `fa_auth_rule` [ RunTime:0.000657s ]
[ sql ] [ SQL ] SELECT `id`,`pid`,`condition`,`icon`,`name`,`title`,`ismenu` FROM `fa_auth_rule` WHERE  `status` = 'normal' [ RunTime:0.000302s ]
[ sql ] [ SQL ] SHOW COLUMNS FROM `fa_admin_log` [ RunTime:0.000684s ]
[ sql ] [ SQL ] SELECT COUNT(*) AS tp_count FROM `fa_admin_log` WHERE  `admin_id` = 1 ORDER BY `id` DESC LIMIT 1 [ RunTime:0.000326s ]
[ sql ] [ SQL ] SELECT * FROM `fa_admin_log` WHERE  `admin_id` = 1 ORDER BY `id` DESC LIMIT 0,10 [ RunTime:0.000253s ]
---------------------------------------------------------------
[ 2019-03-06T22:42:30+08:00 ] 111.175.144.158 GET wx.kjdll.com/admin/wechat/autoreply?addtabs=1
[ sql ] [ DB ] CONNECT:[ UseTime:0.000279s ] mysql:host=localhost;dbname=fastadmin;charset=utf8
[ sql ] [ SQL ] SHOW COLUMNS FROM `fa_auth_group_access` [ RunTime:0.000788s ]
[ sql ] [ SQL ] SELECT `aga`.`uid`,`aga`.`group_id`,`ag`.`id`,`ag`.`pid`,`ag`.`name`,`ag`.`rules` FROM `fa_auth_group_access` `aga` LEFT JOIN `fa_auth_group` `ag` ON `aga`.`group_id`=`ag`.`id` WHERE  (  aga.uid='1' and ag.status='normal' ) [ RunTime:0.000210s ]
[ sql ] [ SQL ] SHOW COLUMNS FROM `fa_auth_rule` [ RunTime:0.000646s ]
[ sql ] [ SQL ] SELECT `id`,`pid`,`condition`,`icon`,`name`,`title`,`ismenu` FROM `fa_auth_rule` WHERE  `status` = 'normal' [ RunTime:0.000325s ]
[ sql ] [ SQL ] SELECT `title`,`remark` FROM `fa_auth_rule` WHERE  `name` = 'wechat/autoreply' LIMIT 1 [ RunTime:0.000295s ]
---------------------------------------------------------------
[ 2019-03-06T22:42:31+08:00 ] 111.175.144.158 GET wx.kjdll.com/admin/wechat/autoreply/index?sort=id&order=desc&offset=0&limit=10&filter=%7B%7D&op=%7B%7D&_=1551883350820
[ sql ] [ DB ] CONNECT:[ UseTime:0.000278s ] mysql:host=localhost;dbname=fastadmin;charset=utf8
[ sql ] [ SQL ] SHOW COLUMNS FROM `fa_auth_group_access` [ RunTime:0.000796s ]
[ sql ] [ SQL ] SELECT `aga`.`uid`,`aga`.`group_id`,`ag`.`id`,`ag`.`pid`,`ag`.`name`,`ag`.`rules` FROM `fa_auth_group_access` `aga` LEFT JOIN `fa_auth_group` `ag` ON `aga`.`group_id`=`ag`.`id` WHERE  (  aga.uid='1' and ag.status='normal' ) [ RunTime:0.000199s ]
[ sql ] [ SQL ] SHOW COLUMNS FROM `fa_auth_rule` [ RunTime:0.000778s ]
[ sql ] [ SQL ] SELECT `id`,`pid`,`condition`,`icon`,`name`,`title`,`ismenu` FROM `fa_auth_rule` WHERE  `status` = 'normal' [ RunTime:0.000292s ]
[ sql ] [ SQL ] SHOW COLUMNS FROM `fa_wechat_autoreply` [ RunTime:0.000682s ]
[ sql ] [ SQL ] SELECT COUNT(*) AS tp_count FROM `fa_wechat_autoreply` ORDER BY `id` DESC LIMIT 1 [ RunTime:0.000139s ]
[ sql ] [ SQL ] SELECT * FROM `fa_wechat_autoreply` ORDER BY `id` DESC LIMIT 0,10 [ RunTime:0.000132s ]
---------------------------------------------------------------
[ 2019-03-06T22:42:31+08:00 ] 111.175.144.158 GET wx.kjdll.com/admin/wechat/config?addtabs=1
[ sql ] [ DB ] CONNECT:[ UseTime:0.000279s ] mysql:host=localhost;dbname=fastadmin;charset=utf8
[ sql ] [ SQL ] SHOW COLUMNS FROM `fa_auth_group_access` [ RunTime:0.000799s ]
[ sql ] [ SQL ] SELECT `aga`.`uid`,`aga`.`group_id`,`ag`.`id`,`ag`.`pid`,`ag`.`name`,`ag`.`rules` FROM `fa_auth_group_access` `aga` LEFT JOIN `fa_auth_group` `ag` ON `aga`.`group_id`=`ag`.`id` WHERE  (  aga.uid='1' and ag.status='normal' ) [ RunTime:0.000198s ]
[ sql ] [ SQL ] SHOW COLUMNS FROM `fa_auth_rule` [ RunTime:0.000669s ]
[ sql ] [ SQL ] SELECT `id`,`pid`,`condition`,`icon`,`name`,`title`,`ismenu` FROM `fa_auth_rule` WHERE  `status` = 'normal' [ RunTime:0.000305s ]
[ sql ] [ SQL ] SELECT `title`,`remark` FROM `fa_auth_rule` WHERE  `name` = 'wechat/config' LIMIT 1 [ RunTime:0.000294s ]
---------------------------------------------------------------
[ 2019-03-06T22:42:32+08:00 ] 111.175.144.158 GET wx.kjdll.com/admin/wechat/config/index?sort=id&order=desc&offset=0&limit=10&filter=%7B%7D&op=%7B%7D&_=1551883351807
[ sql ] [ DB ] CONNECT:[ UseTime:0.000280s ] mysql:host=localhost;dbname=fastadmin;charset=utf8
[ sql ] [ SQL ] SHOW COLUMNS FROM `fa_auth_group_access` [ RunTime:0.000800s ]
[ sql ] [ SQL ] SELECT `aga`.`uid`,`aga`.`group_id`,`ag`.`id`,`ag`.`pid`,`ag`.`name`,`ag`.`rules` FROM `fa_auth_group_access` `aga` LEFT JOIN `fa_auth_group` `ag` ON `aga`.`group_id`=`ag`.`id` WHERE  (  aga.uid='1' and ag.status='normal' ) [ RunTime:0.000205s ]
[ sql ] [ SQL ] SHOW COLUMNS FROM `fa_auth_rule` [ RunTime:0.000640s ]
[ sql ] [ SQL ] SELECT `id`,`pid`,`condition`,`icon`,`name`,`title`,`ismenu` FROM `fa_auth_rule` WHERE  `status` = 'normal' [ RunTime:0.000317s ]
[ sql ] [ SQL ] SHOW COLUMNS FROM `fa_wechat_config` [ RunTime:0.000628s ]
[ sql ] [ SQL ] SELECT COUNT(*) AS tp_count FROM `fa_wechat_config` ORDER BY `id` DESC LIMIT 1 [ RunTime:0.000145s ]
[ sql ] [ SQL ] SELECT * FROM `fa_wechat_config` ORDER BY `id` DESC LIMIT 0,10 [ RunTime:0.000129s ]
---------------------------------------------------------------
[ 2019-03-06T22:42:34+08:00 ] 111.175.144.158 GET wx.kjdll.com/admin/fileix?addtabs=1
[ sql ] [ DB ] CONNECT:[ UseTime:0.000322s ] mysql:host=localhost;dbname=fastadmin;charset=utf8
[ sql ] [ SQL ] SHOW COLUMNS FROM `fa_auth_group_access` [ RunTime:0.000995s ]
[ sql ] [ SQL ] SELECT `aga`.`uid`,`aga`.`group_id`,`ag`.`id`,`ag`.`pid`,`ag`.`name`,`ag`.`rules` FROM `fa_auth_group_access` `aga` LEFT JOIN `fa_auth_group` `ag` ON `aga`.`group_id`=`ag`.`id` WHERE  (  aga.uid='1' and ag.status='normal' ) [ RunTime:0.000248s ]
[ sql ] [ SQL ] SHOW COLUMNS FROM `fa_auth_rule` [ RunTime:0.000784s ]
[ sql ] [ SQL ] SELECT `id`,`pid`,`condition`,`icon`,`name`,`title`,`ismenu` FROM `fa_auth_rule` WHERE  `status` = 'normal' [ RunTime:0.000372s ]
[ sql ] [ SQL ] SELECT `title`,`remark` FROM `fa_auth_rule` WHERE  `name` = 'fileix' LIMIT 1 [ RunTime:0.000592s ]
---------------------------------------------------------------
[ 2019-03-06T22:42:49+08:00 ] 111.175.144.158 GET wx.kjdll.com/admin/fileix?ref=addtabs
[ sql ] [ DB ] CONNECT:[ UseTime:0.000271s ] mysql:host=localhost;dbname=fastadmin;charset=utf8
[ sql ] [ SQL ] SHOW COLUMNS FROM `fa_auth_group_access` [ RunTime:0.000842s ]
[ sql ] [ SQL ] SELECT `aga`.`uid`,`aga`.`group_id`,`ag`.`id`,`ag`.`pid`,`ag`.`name`,`ag`.`rules` FROM `fa_auth_group_access` `aga` LEFT JOIN `fa_auth_group` `ag` ON `aga`.`group_id`=`ag`.`id` WHERE  (  aga.uid='1' and ag.status='normal' ) [ RunTime:0.000196s ]
[ sql ] [ SQL ] SHOW COLUMNS FROM `fa_auth_rule` [ RunTime:0.000650s ]
[ sql ] [ SQL ] SELECT `id`,`pid`,`condition`,`icon`,`name`,`title`,`ismenu` FROM `fa_auth_rule` WHERE  `status` = 'normal' [ RunTime:0.000320s ]
---------------------------------------------------------------
[ 2019-03-06T22:42:49+08:00 ] 111.175.144.158 GET wx.kjdll.com/admin/index/index
[ sql ] [ DB ] CONNECT:[ UseTime:0.000265s ] mysql:host=localhost;dbname=fastadmin;charset=utf8
[ sql ] [ SQL ] SHOW COLUMNS FROM `fa_auth_group_access` [ RunTime:0.000794s ]
[ sql ] [ SQL ] SELECT `aga`.`uid`,`aga`.`group_id`,`ag`.`id`,`ag`.`pid`,`ag`.`name`,`ag`.`rules` FROM `fa_auth_group_access` `aga` LEFT JOIN `fa_auth_group` `ag` ON `aga`.`group_id`=`ag`.`id` WHERE  (  aga.uid='1' and ag.status='normal' ) [ RunTime:0.000196s ]
[ sql ] [ SQL ] SHOW COLUMNS FROM `fa_auth_rule` [ RunTime:0.000653s ]
[ sql ] [ SQL ] SELECT `id`,`pid`,`condition`,`icon`,`name`,`title`,`ismenu` FROM `fa_auth_rule` WHERE  `status` = 'normal' [ RunTime:0.000333s ]
[ sql ] [ SQL ] SELECT * FROM `fa_auth_rule` WHERE  `status` = 'normal'  AND `ismenu` = 1 ORDER BY `weigh` DESC [ RunTime:0.000252s ]
---------------------------------------------------------------
[ 2019-03-06T22:42:49+08:00 ] 111.175.144.158 GET wx.kjdll.com/admin/dashboard?addtabs=1
[ sql ] [ DB ] CONNECT:[ UseTime:0.000305s ] mysql:host=localhost;dbname=fastadmin;charset=utf8
[ sql ] [ SQL ] SHOW COLUMNS FROM `fa_auth_group_access` [ RunTime:0.000807s ]
[ sql ] [ SQL ] SELECT `aga`.`uid`,`aga`.`group_id`,`ag`.`id`,`ag`.`pid`,`ag`.`name`,`ag`.`rules` FROM `fa_auth_group_access` `aga` LEFT JOIN `fa_auth_group` `ag` ON `aga`.`group_id`=`ag`.`id` WHERE  (  aga.uid='1' and ag.status='normal' ) [ RunTime:0.000249s ]
[ sql ] [ SQL ] SHOW COLUMNS FROM `fa_auth_rule` [ RunTime:0.000677s ]
[ sql ] [ SQL ] SELECT `id`,`pid`,`condition`,`icon`,`name`,`title`,`ismenu` FROM `fa_auth_rule` WHERE  `status` = 'normal' [ RunTime:0.000327s ]
[ sql ] [ SQL ] SELECT `title`,`remark` FROM `fa_auth_rule` WHERE  `name` = 'dashboard' LIMIT 1 [ RunTime:0.000347s ]
---------------------------------------------------------------
[ 2019-03-06T22:42:49+08:00 ] 111.175.144.158 GET wx.kjdll.com/admin/fileix?addtabs=1
[ sql ] [ DB ] CONNECT:[ UseTime:0.000294s ] mysql:host=localhost;dbname=fastadmin;charset=utf8
[ sql ] [ SQL ] SHOW COLUMNS FROM `fa_auth_group_access` [ RunTime:0.000698s ]
[ sql ] [ SQL ] SELECT `aga`.`uid`,`aga`.`group_id`,`ag`.`id`,`ag`.`pid`,`ag`.`name`,`ag`.`rules` FROM `fa_auth_group_access` `aga` LEFT JOIN `fa_auth_group` `ag` ON `aga`.`group_id`=`ag`.`id` WHERE  (  aga.uid='1' and ag.status='normal' ) [ RunTime:0.000253s ]
[ sql ] [ SQL ] SHOW COLUMNS FROM `fa_auth_rule` [ RunTime:0.000752s ]
[ sql ] [ SQL ] SELECT `id`,`pid`,`condition`,`icon`,`name`,`title`,`ismenu` FROM `fa_auth_rule` WHERE  `status` = 'normal' [ RunTime:0.000361s ]
[ sql ] [ SQL ] SELECT `title`,`remark` FROM `fa_auth_rule` WHERE  `name` = 'fileix' LIMIT 1 [ RunTime:0.000469s ]
---------------------------------------------------------------
[ 2019-03-06T22:42:52+08:00 ] 111.175.144.158 GET wx.kjdll.com/admin/fileix?ref=addtabs
[ sql ] [ DB ] CONNECT:[ UseTime:0.000283s ] mysql:host=localhost;dbname=fastadmin;charset=utf8
[ sql ] [ SQL ] SHOW COLUMNS FROM `fa_auth_group_access` [ RunTime:0.000854s ]
[ sql ] [ SQL ] SELECT `aga`.`uid`,`aga`.`group_id`,`ag`.`id`,`ag`.`pid`,`ag`.`name`,`ag`.`rules` FROM `fa_auth_group_access` `aga` LEFT JOIN `fa_auth_group` `ag` ON `aga`.`group_id`=`ag`.`id` WHERE  (  aga.uid='1' and ag.status='normal' ) [ RunTime:0.000220s ]
[ sql ] [ SQL ] SHOW COLUMNS FROM `fa_auth_rule` [ RunTime:0.000640s ]
[ sql ] [ SQL ] SELECT `id`,`pid`,`condition`,`icon`,`name`,`title`,`ismenu` FROM `fa_auth_rule` WHERE  `status` = 'normal' [ RunTime:0.000302s ]
---------------------------------------------------------------
[ 2019-03-06T22:42:52+08:00 ] 111.175.144.158 GET wx.kjdll.com/admin/index/index
[ sql ] [ DB ] CONNECT:[ UseTime:0.000257s ] mysql:host=localhost;dbname=fastadmin;charset=utf8
[ sql ] [ SQL ] SHOW COLUMNS FROM `fa_auth_group_access` [ RunTime:0.000773s ]
[ sql ] [ SQL ] SELECT `aga`.`uid`,`aga`.`group_id`,`ag`.`id`,`ag`.`pid`,`ag`.`name`,`ag`.`rules` FROM `fa_auth_group_access` `aga` LEFT JOIN `fa_auth_group` `ag` ON `aga`.`group_id`=`ag`.`id` WHERE  (  aga.uid='1' and ag.status='normal' ) [ RunTime:0.000194s ]
[ sql ] [ SQL ] SHOW COLUMNS FROM `fa_auth_rule` [ RunTime:0.000688s ]
[ sql ] [ SQL ] SELECT `id`,`pid`,`condition`,`icon`,`name`,`title`,`ismenu` FROM `fa_auth_rule` WHERE  `status` = 'normal' [ RunTime:0.000315s ]
---------------------------------------------------------------
[ 2019-03-06T22:42:52+08:00 ] 111.175.144.158 GET wx.kjdll.com/admin/dashboard?addtabs=1
[ sql ] [ DB ] CONNECT:[ UseTime:0.000307s ] mysql:host=localhost;dbname=fastadmin;charset=utf8
[ sql ] [ SQL ] SHOW COLUMNS FROM `fa_auth_group_access` [ RunTime:0.000889s ]
[ sql ] [ SQL ] SELECT `aga`.`uid`,`aga`.`group_id`,`ag`.`id`,`ag`.`pid`,`ag`.`name`,`ag`.`rules` FROM `fa_auth_group_access` `aga` LEFT JOIN `fa_auth_group` `ag` ON `aga`.`group_id`=`ag`.`id` WHERE  (  aga.uid='1' and ag.status='normal' ) [ RunTime:0.000207s ]
[ sql ] [ SQL ] SHOW COLUMNS FROM `fa_auth_rule` [ RunTime:0.000709s ]
[ sql ] [ SQL ] SELECT `id`,`pid`,`condition`,`icon`,`name`,`title`,`ismenu` FROM `fa_auth_rule` WHERE  `status` = 'normal' [ RunTime:0.000298s ]
[ sql ] [ SQL ] SELECT `title`,`remark` FROM `fa_auth_rule` WHERE  `name` = 'dashboard' LIMIT 1 [ RunTime:0.000221s ]
---------------------------------------------------------------
[ 2019-03-06T22:42:52+08:00 ] 111.175.144.158 GET wx.kjdll.com/admin/fileix?addtabs=1
[ sql ] [ DB ] CONNECT:[ UseTime:0.000254s ] mysql:host=localhost;dbname=fastadmin;charset=utf8
[ sql ] [ SQL ] SHOW COLUMNS FROM `fa_auth_group_access` [ RunTime:0.000808s ]
[ sql ] [ SQL ] SELECT `aga`.`uid`,`aga`.`group_id`,`ag`.`id`,`ag`.`pid`,`ag`.`name`,`ag`.`rules` FROM `fa_auth_group_access` `aga` LEFT JOIN `fa_auth_group` `ag` ON `aga`.`group_id`=`ag`.`id` WHERE  (  aga.uid='1' and ag.status='normal' ) [ RunTime:0.000192s ]
[ sql ] [ SQL ] SHOW COLUMNS FROM `fa_auth_rule` [ RunTime:0.000707s ]
[ sql ] [ SQL ] SELECT `id`,`pid`,`condition`,`icon`,`name`,`title`,`ismenu` FROM `fa_auth_rule` WHERE  `status` = 'normal' [ RunTime:0.000381s ]
[ sql ] [ SQL ] SELECT `title`,`remark` FROM `fa_auth_rule` WHERE  `name` = 'fileix' LIMIT 1 [ RunTime:0.000354s ]
---------------------------------------------------------------
[ 2019-03-06T22:42:58+08:00 ] 111.175.144.158 GET wx.kjdll.com/admin/addon?addtabs=1
[ sql ] [ DB ] CONNECT:[ UseTime:0.000299s ] mysql:host=localhost;dbname=fastadmin;charset=utf8
[ sql ] [ SQL ] SHOW COLUMNS FROM `fa_auth_group_access` [ RunTime:0.000943s ]
[ sql ] [ SQL ] SELECT `aga`.`uid`,`aga`.`group_id`,`ag`.`id`,`ag`.`pid`,`ag`.`name`,`ag`.`rules` FROM `fa_auth_group_access` `aga` LEFT JOIN `fa_auth_group` `ag` ON `aga`.`group_id`=`ag`.`id` WHERE  (  aga.uid='1' and ag.status='normal' ) [ RunTime:0.000198s ]
[ sql ] [ SQL ] SHOW COLUMNS FROM `fa_auth_rule` [ RunTime:0.000636s ]
[ sql ] [ SQL ] SELECT `id`,`pid`,`condition`,`icon`,`name`,`title`,`ismenu` FROM `fa_auth_rule` WHERE  `status` = 'normal' [ RunTime:0.000292s ]
[ sql ] [ SQL ] SELECT `title`,`remark` FROM `fa_auth_rule` WHERE  `name` = 'addon' LIMIT 1 [ RunTime:0.000332s ]
---------------------------------------------------------------
[ 2019-03-06T22:43:28+08:00 ] 111.175.144.158 POST wx.kjdll.com/admin/addon/install
[ sql ] [ DB ] CONNECT:[ UseTime:0.000271s ] mysql:host=localhost;dbname=fastadmin;charset=utf8
[ sql ] [ SQL ] SHOW COLUMNS FROM `fa_auth_group_access` [ RunTime:0.001306s ]
[ sql ] [ SQL ] SELECT `aga`.`uid`,`aga`.`group_id`,`ag`.`id`,`ag`.`pid`,`ag`.`name`,`ag`.`rules` FROM `fa_auth_group_access` `aga` LEFT JOIN `fa_auth_group` `ag` ON `aga`.`group_id`=`ag`.`id` WHERE  (  aga.uid='1' and ag.status='normal' ) [ RunTime:0.000261s ]
[ sql ] [ SQL ] SHOW COLUMNS FROM `fa_auth_rule` [ RunTime:0.000680s ]
[ sql ] [ SQL ] SELECT `id`,`pid`,`condition`,`icon`,`name`,`title`,`ismenu` FROM `fa_auth_rule` WHERE  `status` = 'normal' [ RunTime:0.000328s ]
[ sql ] [ SQL ] INSERT INTO `fa_auth_rule` (`name` , `title` , `icon` , `ismenu` , `pid` , `status` , `createtime` , `updatetime`) VALUES ('leesign' , '签到管理' , 'fa fa-calendar-check-o' , 1 , 0 , 'normal' , 1551883408 , 1551883408) [ RunTime:0.004503s ]
[ sql ] [ SQL ] INSERT INTO `fa_auth_rule` (`name` , `title` , `ismenu` , `icon` , `pid` , `status` , `createtime` , `updatetime`) VALUES ('leesign/index' , '查看' , 0 , 'fa fa-circle-o' , 160 , 'normal' , 1551883408 , 1551883408) [ RunTime:0.002044s ]
[ sql ] [ SQL ] INSERT INTO `fa_auth_rule` (`name` , `title` , `ismenu` , `icon` , `pid` , `status` , `createtime` , `updatetime`) VALUES ('leesign/add' , '添加' , 0 , 'fa fa-circle-o' , 160 , 'normal' , 1551883408 , 1551883408) [ RunTime:0.000760s ]
[ sql ] [ SQL ] INSERT INTO `fa_auth_rule` (`name` , `title` , `ismenu` , `icon` , `pid` , `status` , `createtime` , `updatetime`) VALUES ('leesign/edit' , '修改' , 0 , 'fa fa-circle-o' , 160 , 'normal' , 1551883408 , 1551883408) [ RunTime:0.001680s ]
[ sql ] [ SQL ] INSERT INTO `fa_auth_rule` (`name` , `title` , `ismenu` , `icon` , `pid` , `status` , `createtime` , `updatetime`) VALUES ('leesign/del' , '删除' , 0 , 'fa fa-circle-o' , 160 , 'normal' , 1551883408 , 1551883408) [ RunTime:0.000759s ]
[ sql ] [ SQL ] INSERT INTO `fa_auth_rule` (`name` , `title` , `ismenu` , `icon` , `pid` , `status` , `createtime` , `updatetime`) VALUES ('leesign/multi' , '批量更新' , 0 , 'fa fa-circle-o' , 160 , 'normal' , 1551883408 , 1551883408) [ RunTime:0.012891s ]
[ sql ] [ SQL ] SHOW COLUMNS FROM `fa_admin_log` [ RunTime:0.000906s ]
[ sql ] [ SQL ] INSERT INTO `fa_admin_log` (`title` , `content` , `url` , `admin_id` , `username` , `useragent` , `ip` , `createtime`) VALUES ('插件管理 安装' , '{\"name\":\"leesign\",\"force\":\"0\",\"uid\":\"11324\",\"token\":\"57c5e507-7154-475b-a7a0-0cae15a1ad2e\",\"version\":\"1.0.1\",\"faversion\":\"1.0.0.20190111_beta\"}' , '/admin/addon/install' , 1 , 'root' , 'Mozilla/5.0 (Windows NT 10.0; Win64; x64; rv:64.0) Gecko/20100101 Firefox/64.0' , '111.175.144.158' , 1551883408) [ RunTime:0.002227s ]
---------------------------------------------------------------
[ 2019-03-06T22:43:28+08:00 ] 111.175.144.158 POST wx.kjdll.com/admin/index/index
[ sql ] [ DB ] CONNECT:[ UseTime:0.000285s ] mysql:host=localhost;dbname=fastadmin;charset=utf8
[ sql ] [ SQL ] SHOW COLUMNS FROM `fa_auth_group_access` [ RunTime:0.000834s ]
[ sql ] [ SQL ] SELECT `aga`.`uid`,`aga`.`group_id`,`ag`.`id`,`ag`.`pid`,`ag`.`name`,`ag`.`rules` FROM `fa_auth_group_access` `aga` LEFT JOIN `fa_auth_group` `ag` ON `aga`.`group_id`=`ag`.`id` WHERE  (  aga.uid='1' and ag.status='normal' ) [ RunTime:0.000222s ]
[ sql ] [ SQL ] SHOW COLUMNS FROM `fa_auth_rule` [ RunTime:0.000681s ]
[ sql ] [ SQL ] SELECT `id`,`pid`,`condition`,`icon`,`name`,`title`,`ismenu` FROM `fa_auth_rule` WHERE  `status` = 'normal' [ RunTime:0.000601s ]
[ sql ] [ SQL ] SELECT * FROM `fa_auth_rule` WHERE  `status` = 'normal'  AND `ismenu` = 1 ORDER BY `weigh` DESC [ RunTime:0.000481s ]
[ sql ] [ SQL ] SHOW COLUMNS FROM `fa_admin_log` [ RunTime:0.000975s ]
[ sql ] [ SQL ] INSERT INTO `fa_admin_log` (`title` , `content` , `url` , `admin_id` , `username` , `useragent` , `ip` , `createtime`) VALUES ('' , '{\"action\":\"refreshmenu\"}' , '/admin/index/index' , 1 , 'root' , 'Mozilla/5.0 (Windows NT 10.0; Win64; x64; rv:64.0) Gecko/20100101 Firefox/64.0' , '111.175.144.158' , 1551883408) [ RunTime:0.002262s ]
---------------------------------------------------------------
[ 2019-03-06T22:44:03+08:00 ] 111.175.144.158 GET wx.kjdll.com/admin/fileix?addtabs=1
[ sql ] [ DB ] CONNECT:[ UseTime:0.000267s ] mysql:host=localhost;dbname=fastadmin;charset=utf8
[ sql ] [ SQL ] SHOW COLUMNS FROM `fa_auth_group_access` [ RunTime:0.000780s ]
[ sql ] [ SQL ] SELECT `aga`.`uid`,`aga`.`group_id`,`ag`.`id`,`ag`.`pid`,`ag`.`name`,`ag`.`rules` FROM `fa_auth_group_access` `aga` LEFT JOIN `fa_auth_group` `ag` ON `aga`.`group_id`=`ag`.`id` WHERE  (  aga.uid='1' and ag.status='normal' ) [ RunTime:0.000193s ]
[ sql ] [ SQL ] SHOW COLUMNS FROM `fa_auth_rule` [ RunTime:0.000599s ]
[ sql ] [ SQL ] SELECT `id`,`pid`,`condition`,`icon`,`name`,`title`,`ismenu` FROM `fa_auth_rule` WHERE  `status` = 'normal' [ RunTime:0.000292s ]
[ sql ] [ SQL ] SELECT `title`,`remark` FROM `fa_auth_rule` WHERE  `name` = 'fileix' LIMIT 1 [ RunTime:0.000435s ]
---------------------------------------------------------------
[ 2019-03-06T22:44:04+08:00 ] 111.175.144.158 GET wx.kjdll.com/admin/fileix/parms
[ sql ] [ DB ] CONNECT:[ UseTime:0.000317s ] mysql:host=localhost;dbname=fastadmin;charset=utf8
[ sql ] [ SQL ] SHOW COLUMNS FROM `fa_auth_group_access` [ RunTime:0.000982s ]
[ sql ] [ SQL ] SELECT `aga`.`uid`,`aga`.`group_id`,`ag`.`id`,`ag`.`pid`,`ag`.`name`,`ag`.`rules` FROM `fa_auth_group_access` `aga` LEFT JOIN `fa_auth_group` `ag` ON `aga`.`group_id`=`ag`.`id` WHERE  (  aga.uid='1' and ag.status='normal' ) [ RunTime:0.000250s ]
[ sql ] [ SQL ] SHOW COLUMNS FROM `fa_auth_rule` [ RunTime:0.000665s ]
[ sql ] [ SQL ] SELECT `id`,`pid`,`condition`,`icon`,`name`,`title`,`ismenu` FROM `fa_auth_rule` WHERE  `status` = 'normal' [ RunTime:0.000363s ]
---------------------------------------------------------------
[ 2019-03-06T22:44:04+08:00 ] 111.175.144.158 GET wx.kjdll.com/admin/fileix/lst
[ sql ] [ DB ] CONNECT:[ UseTime:0.000323s ] mysql:host=localhost;dbname=fastadmin;charset=utf8
[ sql ] [ SQL ] SHOW COLUMNS FROM `fa_auth_group_access` [ RunTime:0.000836s ]
[ sql ] [ SQL ] SELECT `aga`.`uid`,`aga`.`group_id`,`ag`.`id`,`ag`.`pid`,`ag`.`name`,`ag`.`rules` FROM `fa_auth_group_access` `aga` LEFT JOIN `fa_auth_group` `ag` ON `aga`.`group_id`=`ag`.`id` WHERE  (  aga.uid='1' and ag.status='normal' ) [ RunTime:0.000218s ]
[ sql ] [ SQL ] SHOW COLUMNS FROM `fa_auth_rule` [ RunTime:0.000627s ]
[ sql ] [ SQL ] SELECT `id`,`pid`,`condition`,`icon`,`name`,`title`,`ismenu` FROM `fa_auth_rule` WHERE  `status` = 'normal' [ RunTime:0.000306s ]
---------------------------------------------------------------
[ 2019-03-06T22:44:04+08:00 ] 111.175.144.158 GET wx.kjdll.com/admin/leesign?addtabs=1
[ sql ] [ DB ] CONNECT:[ UseTime:0.000271s ] mysql:host=localhost;dbname=fastadmin;charset=utf8
[ sql ] [ SQL ] SHOW COLUMNS FROM `fa_auth_group_access` [ RunTime:0.000778s ]
[ sql ] [ SQL ] SELECT `aga`.`uid`,`aga`.`group_id`,`ag`.`id`,`ag`.`pid`,`ag`.`name`,`ag`.`rules` FROM `fa_auth_group_access` `aga` LEFT JOIN `fa_auth_group` `ag` ON `aga`.`group_id`=`ag`.`id` WHERE  (  aga.uid='1' and ag.status='normal' ) [ RunTime:0.000208s ]
[ sql ] [ SQL ] SHOW COLUMNS FROM `fa_auth_rule` [ RunTime:0.000639s ]
[ sql ] [ SQL ] SELECT `id`,`pid`,`condition`,`icon`,`name`,`title`,`ismenu` FROM `fa_auth_rule` WHERE  `status` = 'normal' [ RunTime:0.000329s ]
[ sql ] [ SQL ] SELECT `title`,`remark` FROM `fa_auth_rule` WHERE  `name` = 'leesign' LIMIT 1 [ RunTime:0.000309s ]
---------------------------------------------------------------
[ 2019-03-06T22:44:05+08:00 ] 111.175.144.158 GET wx.kjdll.com/admin/leesign/index?sort=id&order=desc&offset=0&limit=10&filter=%7B%7D&op=%7B%7D&_=1551883444616
[ sql ] [ DB ] CONNECT:[ UseTime:0.000285s ] mysql:host=localhost;dbname=fastadmin;charset=utf8
[ sql ] [ SQL ] SHOW COLUMNS FROM `fa_auth_group_access` [ RunTime:0.000802s ]
[ sql ] [ SQL ] SELECT `aga`.`uid`,`aga`.`group_id`,`ag`.`id`,`ag`.`pid`,`ag`.`name`,`ag`.`rules` FROM `fa_auth_group_access` `aga` LEFT JOIN `fa_auth_group` `ag` ON `aga`.`group_id`=`ag`.`id` WHERE  (  aga.uid='1' and ag.status='normal' ) [ RunTime:0.000200s ]
[ sql ] [ SQL ] SHOW COLUMNS FROM `fa_auth_rule` [ RunTime:0.000618s ]
[ sql ] [ SQL ] SELECT `id`,`pid`,`condition`,`icon`,`name`,`title`,`ismenu` FROM `fa_auth_rule` WHERE  `status` = 'normal' [ RunTime:0.000300s ]
[ sql ] [ SQL ] SHOW COLUMNS FROM `fa_leesign` [ RunTime:0.000803s ]
[ sql ] [ SQL ] SELECT COUNT(*) AS tp_count FROM `fa_leesign` ORDER BY `id` DESC LIMIT 1 [ RunTime:0.000209s ]
[ sql ] [ SQL ] SELECT * FROM `fa_leesign` ORDER BY `id` DESC LIMIT 0,10 [ RunTime:0.000177s ]
