[ 2019-03-08T18:07:30+08:00 ][ sql ] [ DB ] CONNECT:[ UseTime:0.000512s ] mysql:host=localhost;dbname=fastadmin;charset=utf8
[ 2019-03-08T18:07:30+08:00 ][ sql ] [ SQL ] SELECT 1 [ RunTime:0.000175s ]
[ 2019-03-08T18:07:30+08:00 ][ sql ] [ SQL ] SHOW COLUMNS FROM `fa_auth_rule` [ RunTime:0.000922s ]
[ 2019-03-08T18:07:30+08:00 ][ sql ] [ SQL ] SELECT * FROM `fa_auth_rule` WHERE  `name` = 'gcrm' LIMIT 1 [ RunTime:0.000313s ]
[ 2019-03-08T22:45:41+08:00 ][ sql ] [ DB ] CONNECT:[ UseTime:0.000459s ] mysql:host=localhost;dbname=fastadmin;charset=utf8
[ 2019-03-08T22:45:41+08:00 ][ sql ] [ SQL ] SHOW TABLE STATUS LIKE 'xm' [ RunTime:0.000421s ]
[ 2019-03-08T22:45:41+08:00 ][ sql ] [ SQL ] SHOW TABLE STATUS LIKE 'fa_xm' [ RunTime:0.000479s ]
[ 2019-03-08T22:45:41+08:00 ][ sql ] [ SQL ] SELECT * FROM `information_schema`.`columns` WHERE TABLE_SCHEMA = 'fastadmin' AND table_name = 'fa_xm' ORDER BY ORDINAL_POSITION [ RunTime:0.000900s ]
[ 2019-03-08T22:47:47+08:00 ][ sql ] [ DB ] CONNECT:[ UseTime:0.001118s ] mysql:host=localhost;dbname=fastadmin;charset=utf8
[ 2019-03-08T22:47:47+08:00 ][ sql ] [ SQL ] SHOW COLUMNS FROM `fa_auth_rule` [ RunTime:0.000846s ]
[ 2019-03-08T22:47:47+08:00 ][ sql ] [ SQL ] SELECT * FROM `fa_auth_rule` WHERE  `name` = 'gcrm' LIMIT 1 [ RunTime:0.000229s ]
[ 2019-03-08T22:47:47+08:00 ][ sql ] [ SQL ] INSERT INTO `fa_auth_rule` (`pid` , `name` , `title` , `icon` , `remark` , `ismenu` , `status` , `createtime` , `updatetime`) VALUES (0 , 'gcrm' , 'gcrm' , 'fa fa-list' , '' , 1 , 'normal' , 1552056467 , 1552056467) [ RunTime:0.006078s ]
[ 2019-03-08T22:47:47+08:00 ][ sql ] [ SQL ] SELECT * FROM `fa_auth_rule` WHERE  `name` = 'gcrm/xm' LIMIT 1 [ RunTime:0.000373s ]
[ 2019-03-08T22:47:47+08:00 ][ sql ] [ SQL ] INSERT INTO `fa_auth_rule` (`pid` , `name` , `title` , `icon` , `remark` , `ismenu` , `status` , `createtime` , `updatetime`) VALUES (166 , 'gcrm/xm' , 'Xm' , 'fa fa-circle-o' , '' , 1 , 'normal' , 1552056467 , 1552056467) [ RunTime:0.005663s ]
[ 2019-03-08T22:47:47+08:00 ][ sql ] [ SQL ] SELECT `id` FROM `fa_auth_rule` WHERE  `name` = 'gcrm/xm/index' LIMIT 1 [ RunTime:0.000277s ]
[ 2019-03-08T22:47:47+08:00 ][ sql ] [ SQL ] SELECT `id` FROM `fa_auth_rule` WHERE  `name` = 'gcrm/xm/add' LIMIT 1 [ RunTime:0.000186s ]
[ 2019-03-08T22:47:47+08:00 ][ sql ] [ SQL ] SELECT `id` FROM `fa_auth_rule` WHERE  `name` = 'gcrm/xm/edit' LIMIT 1 [ RunTime:0.000193s ]
[ 2019-03-08T22:47:47+08:00 ][ sql ] [ SQL ] SELECT `id` FROM `fa_auth_rule` WHERE  `name` = 'gcrm/xm/del' LIMIT 1 [ RunTime:0.000174s ]
[ 2019-03-08T22:47:47+08:00 ][ sql ] [ SQL ] SELECT `id` FROM `fa_auth_rule` WHERE  `name` = 'gcrm/xm/multi' LIMIT 1 [ RunTime:0.000201s ]
[ 2019-03-08T22:47:47+08:00 ][ sql ] [ SQL ] INSERT INTO `fa_auth_rule` (`id` , `pid` , `name` , `icon` , `title` , `ismenu` , `status` , `createtime` , `updatetime`) VALUES (NULL , 167 , 'gcrm/xm/index' , 'fa fa-circle-o' , '查看' , 0 , 'normal' , 1552056467 , 1552056467) [ RunTime:0.000229s ]
[ 2019-03-08T22:47:47+08:00 ][ sql ] [ SQL ] INSERT INTO `fa_auth_rule` (`id` , `pid` , `name` , `icon` , `title` , `ismenu` , `status` , `createtime` , `updatetime`) VALUES (NULL , 167 , 'gcrm/xm/add' , 'fa fa-circle-o' , '添加' , 0 , 'normal' , 1552056467 , 1552056467) [ RunTime:0.000225s ]
[ 2019-03-08T22:47:47+08:00 ][ sql ] [ SQL ] INSERT INTO `fa_auth_rule` (`id` , `pid` , `name` , `icon` , `title` , `ismenu` , `status` , `createtime` , `updatetime`) VALUES (NULL , 167 , 'gcrm/xm/edit' , 'fa fa-circle-o' , '编辑' , 0 , 'normal' , 1552056467 , 1552056467) [ RunTime:0.000196s ]
[ 2019-03-08T22:47:47+08:00 ][ sql ] [ SQL ] INSERT INTO `fa_auth_rule` (`id` , `pid` , `name` , `icon` , `title` , `ismenu` , `status` , `createtime` , `updatetime`) VALUES (NULL , 167 , 'gcrm/xm/del' , 'fa fa-circle-o' , '删除' , 0 , 'normal' , 1552056467 , 1552056467) [ RunTime:0.000228s ]
[ 2019-03-08T22:47:47+08:00 ][ sql ] [ SQL ] INSERT INTO `fa_auth_rule` (`id` , `pid` , `name` , `icon` , `title` , `ismenu` , `status` , `createtime` , `updatetime`) VALUES (NULL , 167 , 'gcrm/xm/multi' , 'fa fa-circle-o' , '批量更新' , 0 , 'normal' , 1552056467 , 1552056467) [ RunTime:0.000166s ]
[ 2019-03-08T22:50:21+08:00 ][ sql ] [ DB ] CONNECT:[ UseTime:0.000503s ] mysql:host=localhost;dbname=fastadmin;charset=utf8
[ 2019-03-08T22:50:21+08:00 ][ sql ] [ SQL ] SHOW TABLE STATUS LIKE 'xm_sys' [ RunTime:0.000426s ]
[ 2019-03-08T22:50:21+08:00 ][ sql ] [ SQL ] SHOW TABLE STATUS LIKE 'fa_xm_sys' [ RunTime:0.000332s ]
[ 2019-03-08T22:50:21+08:00 ][ sql ] [ SQL ] SELECT * FROM `information_schema`.`columns` WHERE TABLE_SCHEMA = 'fastadmin' AND table_name = 'fa_xm_sys' ORDER BY ORDINAL_POSITION [ RunTime:0.000935s ]
[ 2019-03-08T22:50:27+08:00 ][ sql ] [ DB ] CONNECT:[ UseTime:0.001117s ] mysql:host=localhost;dbname=fastadmin;charset=utf8
[ 2019-03-08T22:50:27+08:00 ][ sql ] [ SQL ] SHOW COLUMNS FROM `fa_auth_rule` [ RunTime:0.000926s ]
[ 2019-03-08T22:50:27+08:00 ][ sql ] [ SQL ] SELECT * FROM `fa_auth_rule` WHERE  `name` = 'gcrm' LIMIT 1 [ RunTime:0.000338s ]
[ 2019-03-08T22:50:27+08:00 ][ sql ] [ SQL ] SELECT * FROM `fa_auth_rule` WHERE  `name` = 'gcrm/xm_sys' LIMIT 1 [ RunTime:0.000348s ]
[ 2019-03-08T22:50:27+08:00 ][ sql ] [ SQL ] INSERT INTO `fa_auth_rule` (`pid` , `name` , `title` , `icon` , `remark` , `ismenu` , `status` , `createtime` , `updatetime`) VALUES (166 , 'gcrm/xm_sys' , 'Xm_sys' , 'fa fa-circle-o' , '' , 1 , 'normal' , 1552056627 , 1552056627) [ RunTime:0.002411s ]
[ 2019-03-08T22:50:27+08:00 ][ sql ] [ SQL ] SELECT `id` FROM `fa_auth_rule` WHERE  `name` = 'gcrm/xm_sys/index' LIMIT 1 [ RunTime:0.000205s ]
[ 2019-03-08T22:50:27+08:00 ][ sql ] [ SQL ] SELECT `id` FROM `fa_auth_rule` WHERE  `name` = 'gcrm/xm_sys/add' LIMIT 1 [ RunTime:0.000198s ]
[ 2019-03-08T22:50:27+08:00 ][ sql ] [ SQL ] SELECT `id` FROM `fa_auth_rule` WHERE  `name` = 'gcrm/xm_sys/edit' LIMIT 1 [ RunTime:0.000165s ]
[ 2019-03-08T22:50:27+08:00 ][ sql ] [ SQL ] SELECT `id` FROM `fa_auth_rule` WHERE  `name` = 'gcrm/xm_sys/del' LIMIT 1 [ RunTime:0.000166s ]
[ 2019-03-08T22:50:27+08:00 ][ sql ] [ SQL ] SELECT `id` FROM `fa_auth_rule` WHERE  `name` = 'gcrm/xm_sys/multi' LIMIT 1 [ RunTime:0.000167s ]
[ 2019-03-08T22:50:27+08:00 ][ sql ] [ SQL ] INSERT INTO `fa_auth_rule` (`id` , `pid` , `name` , `icon` , `title` , `ismenu` , `status` , `createtime` , `updatetime`) VALUES (NULL , 173 , 'gcrm/xm_sys/index' , 'fa fa-circle-o' , '查看' , 0 , 'normal' , 1552056627 , 1552056627) [ RunTime:0.000204s ]
[ 2019-03-08T22:50:27+08:00 ][ sql ] [ SQL ] INSERT INTO `fa_auth_rule` (`id` , `pid` , `name` , `icon` , `title` , `ismenu` , `status` , `createtime` , `updatetime`) VALUES (NULL , 173 , 'gcrm/xm_sys/add' , 'fa fa-circle-o' , '添加' , 0 , 'normal' , 1552056627 , 1552056627) [ RunTime:0.000157s ]
[ 2019-03-08T22:50:27+08:00 ][ sql ] [ SQL ] INSERT INTO `fa_auth_rule` (`id` , `pid` , `name` , `icon` , `title` , `ismenu` , `status` , `createtime` , `updatetime`) VALUES (NULL , 173 , 'gcrm/xm_sys/edit' , 'fa fa-circle-o' , '编辑' , 0 , 'normal' , 1552056627 , 1552056627) [ RunTime:0.000185s ]
[ 2019-03-08T22:50:27+08:00 ][ sql ] [ SQL ] INSERT INTO `fa_auth_rule` (`id` , `pid` , `name` , `icon` , `title` , `ismenu` , `status` , `createtime` , `updatetime`) VALUES (NULL , 173 , 'gcrm/xm_sys/del' , 'fa fa-circle-o' , '删除' , 0 , 'normal' , 1552056627 , 1552056627) [ RunTime:0.000187s ]
[ 2019-03-08T22:50:27+08:00 ][ sql ] [ SQL ] INSERT INTO `fa_auth_rule` (`id` , `pid` , `name` , `icon` , `title` , `ismenu` , `status` , `createtime` , `updatetime`) VALUES (NULL , 173 , 'gcrm/xm_sys/multi' , 'fa fa-circle-o' , '批量更新' , 0 , 'normal' , 1552056627 , 1552056627) [ RunTime:0.000155s ]
[ 2019-03-08T22:53:28+08:00 ][ sql ] [ DB ] CONNECT:[ UseTime:0.000484s ] mysql:host=localhost;dbname=fastadmin;charset=utf8
[ 2019-03-08T22:53:28+08:00 ][ sql ] [ SQL ] SHOW TABLE STATUS LIKE 'xm_sys' [ RunTime:0.000447s ]
[ 2019-03-08T22:53:28+08:00 ][ sql ] [ SQL ] SHOW TABLE STATUS LIKE 'fa_xm_sys' [ RunTime:0.000389s ]
[ 2019-03-08T22:53:43+08:00 ][ sql ] [ DB ] CONNECT:[ UseTime:0.000499s ] mysql:host=localhost;dbname=fastadmin;charset=utf8
[ 2019-03-08T22:53:43+08:00 ][ sql ] [ SQL ] SHOW TABLE STATUS LIKE 'xm_sys' [ RunTime:0.000534s ]
[ 2019-03-08T22:53:43+08:00 ][ sql ] [ SQL ] SHOW TABLE STATUS LIKE 'fa_xm_sys' [ RunTime:0.000364s ]
[ 2019-03-08T22:54:18+08:00 ][ sql ] [ DB ] CONNECT:[ UseTime:0.000462s ] mysql:host=localhost;dbname=fastadmin;charset=utf8
[ 2019-03-08T22:54:18+08:00 ][ sql ] [ SQL ] SHOW TABLE STATUS LIKE 'xm_sys' [ RunTime:0.000413s ]
[ 2019-03-08T22:54:18+08:00 ][ sql ] [ SQL ] SHOW TABLE STATUS LIKE 'fa_xm_sys' [ RunTime:0.000340s ]
[ 2019-03-08T22:56:09+08:00 ][ sql ] [ DB ] CONNECT:[ UseTime:0.000535s ] mysql:host=localhost;dbname=fastadmin;charset=utf8
[ 2019-03-08T22:56:09+08:00 ][ sql ] [ SQL ] SHOW TABLE STATUS LIKE 'xm_sys' [ RunTime:0.000445s ]
[ 2019-03-08T22:56:09+08:00 ][ sql ] [ SQL ] SHOW TABLE STATUS LIKE 'fa_xm_sys' [ RunTime:0.000439s ]
[ 2019-03-08T22:56:26+08:00 ][ sql ] [ DB ] CONNECT:[ UseTime:0.000530s ] mysql:host=localhost;dbname=fastadmin;charset=utf8
[ 2019-03-08T22:56:26+08:00 ][ sql ] [ SQL ] SHOW TABLE STATUS LIKE 'xm_sys' [ RunTime:0.000475s ]
[ 2019-03-08T22:56:26+08:00 ][ sql ] [ SQL ] SHOW TABLE STATUS LIKE 'fa_xm_sys' [ RunTime:0.000345s ]
[ 2019-03-08T22:56:39+08:00 ][ sql ] [ DB ] CONNECT:[ UseTime:0.000614s ] mysql:host=localhost;dbname=fastadmin;charset=utf8
[ 2019-03-08T22:56:39+08:00 ][ sql ] [ SQL ] SHOW TABLE STATUS LIKE 'xm_sys' [ RunTime:0.000435s ]
[ 2019-03-08T22:56:39+08:00 ][ sql ] [ SQL ] SHOW TABLE STATUS LIKE 'fa_xm_sys' [ RunTime:0.000349s ]
[ 2019-03-08T22:56:49+08:00 ][ sql ] [ DB ] CONNECT:[ UseTime:0.000477s ] mysql:host=localhost;dbname=fastadmin;charset=utf8
[ 2019-03-08T22:56:49+08:00 ][ sql ] [ SQL ] SHOW TABLE STATUS LIKE 'xm_sys' [ RunTime:0.000434s ]
[ 2019-03-08T22:56:49+08:00 ][ sql ] [ SQL ] SHOW TABLE STATUS LIKE 'fa_xm_sys' [ RunTime:0.000389s ]
[ 2019-03-08T22:57:01+08:00 ][ sql ] [ DB ] CONNECT:[ UseTime:0.000473s ] mysql:host=localhost;dbname=fastadmin;charset=utf8
[ 2019-03-08T22:57:01+08:00 ][ sql ] [ SQL ] SHOW TABLE STATUS LIKE 'xm_sys' [ RunTime:0.000475s ]
[ 2019-03-08T22:57:01+08:00 ][ sql ] [ SQL ] SHOW TABLE STATUS LIKE 'fa_xm_sys' [ RunTime:0.000349s ]
[ 2019-03-08T22:57:21+08:00 ][ sql ] [ DB ] CONNECT:[ UseTime:0.000457s ] mysql:host=localhost;dbname=fastadmin;charset=utf8
[ 2019-03-08T22:57:21+08:00 ][ sql ] [ SQL ] SHOW TABLE STATUS LIKE 'xm_sys' [ RunTime:0.000412s ]
[ 2019-03-08T22:57:21+08:00 ][ sql ] [ SQL ] SHOW TABLE STATUS LIKE 'fa_xm_sys' [ RunTime:0.000328s ]
[ 2019-03-08T22:57:35+08:00 ][ sql ] [ DB ] CONNECT:[ UseTime:0.000519s ] mysql:host=localhost;dbname=fastadmin;charset=utf8
[ 2019-03-08T22:57:35+08:00 ][ sql ] [ SQL ] SHOW TABLE STATUS LIKE 'xm_sys' [ RunTime:0.000469s ]
[ 2019-03-08T22:57:35+08:00 ][ sql ] [ SQL ] SHOW TABLE STATUS LIKE 'fa_xm_sys' [ RunTime:0.000378s ]
[ 2019-03-08T22:58:05+08:00 ][ sql ] [ DB ] CONNECT:[ UseTime:0.000556s ] mysql:host=localhost;dbname=fastadmin;charset=utf8
[ 2019-03-08T22:58:05+08:00 ][ sql ] [ SQL ] SHOW TABLE STATUS LIKE 'xm_sys' [ RunTime:0.000425s ]
[ 2019-03-08T22:58:05+08:00 ][ sql ] [ SQL ] SHOW TABLE STATUS LIKE 'fa_xm_sys' [ RunTime:0.000349s ]
[ 2019-03-08T22:58:09+08:00 ][ sql ] [ DB ] CONNECT:[ UseTime:0.000507s ] mysql:host=localhost;dbname=fastadmin;charset=utf8
[ 2019-03-08T22:58:09+08:00 ][ sql ] [ SQL ] SHOW TABLE STATUS LIKE 'xm_sys' [ RunTime:0.000437s ]
[ 2019-03-08T22:58:09+08:00 ][ sql ] [ SQL ] SHOW TABLE STATUS LIKE 'fa_xm_sys' [ RunTime:0.000352s ]
[ 2019-03-08T22:59:16+08:00 ][ sql ] [ DB ] CONNECT:[ UseTime:0.000483s ] mysql:host=localhost;dbname=fastadmin;charset=utf8
[ 2019-03-08T22:59:16+08:00 ][ sql ] [ SQL ] SHOW TABLE STATUS LIKE 'xm_sys' [ RunTime:0.000447s ]
[ 2019-03-08T22:59:16+08:00 ][ sql ] [ SQL ] SHOW TABLE STATUS LIKE 'fa_xm_sys' [ RunTime:0.000335s ]
[ 2019-03-08T23:00:21+08:00 ][ sql ] [ DB ] CONNECT:[ UseTime:0.000445s ] mysql:host=localhost;dbname=fastadmin;charset=utf8
[ 2019-03-08T23:00:21+08:00 ][ sql ] [ SQL ] SHOW TABLE STATUS LIKE 'xm_sys' [ RunTime:0.000415s ]
[ 2019-03-08T23:00:21+08:00 ][ sql ] [ SQL ] SHOW TABLE STATUS LIKE 'fa_xm_sys' [ RunTime:0.000339s ]
[ 2019-03-08T23:01:44+08:00 ][ sql ] [ DB ] CONNECT:[ UseTime:0.000523s ] mysql:host=localhost;dbname=fastadmin;charset=utf8
[ 2019-03-08T23:01:44+08:00 ][ sql ] [ SQL ] SHOW TABLE STATUS LIKE 'xm_sys' [ RunTime:0.000486s ]
[ 2019-03-08T23:01:44+08:00 ][ sql ] [ SQL ] SHOW TABLE STATUS LIKE 'fa_xm_sys' [ RunTime:0.000332s ]
[ 2019-03-08T23:07:06+08:00 ][ sql ] [ DB ] CONNECT:[ UseTime:0.000480s ] mysql:host=localhost;dbname=fastadmin;charset=utf8
[ 2019-03-08T23:07:06+08:00 ][ sql ] [ SQL ] SHOW TABLE STATUS LIKE 'xm_sys' [ RunTime:0.000438s ]
[ 2019-03-08T23:07:06+08:00 ][ sql ] [ SQL ] SHOW TABLE STATUS LIKE 'fa_xm_sys' [ RunTime:0.000367s ]
[ 2019-03-08T23:07:06+08:00 ][ sql ] [ SQL ] SELECT * FROM `information_schema`.`columns` WHERE TABLE_SCHEMA = 'fastadmin' AND table_name = 'fa_xm_sys' ORDER BY ORDINAL_POSITION [ RunTime:0.001646s ]
[ 2019-03-08T23:07:06+08:00 ][ sql ] [ DB ] CONNECT:[ UseTime:0.001076s ] mysql:host=localhost;dbname=fastadmin;charset=utf8
[ 2019-03-08T23:07:06+08:00 ][ sql ] [ SQL ] SHOW COLUMNS FROM `fa_auth_rule` [ RunTime:0.000819s ]
[ 2019-03-08T23:07:06+08:00 ][ sql ] [ SQL ] SELECT * FROM `fa_auth_rule` WHERE  `name` = 'gcrm' LIMIT 1 [ RunTime:0.000407s ]
[ 2019-03-08T23:07:06+08:00 ][ sql ] [ SQL ] INSERT INTO `fa_auth_rule` (`pid` , `name` , `title` , `icon` , `remark` , `ismenu` , `status` , `createtime` , `updatetime`) VALUES (0 , 'gcrm' , 'gcrm' , 'fa fa-list' , '' , 1 , 'normal' , 1552057626 , 1552057626) [ RunTime:0.003934s ]
[ 2019-03-08T23:07:06+08:00 ][ sql ] [ SQL ] SELECT * FROM `fa_auth_rule` WHERE  `name` = 'gcrm/xmsys' LIMIT 1 [ RunTime:0.000329s ]
[ 2019-03-08T23:07:06+08:00 ][ sql ] [ SQL ] INSERT INTO `fa_auth_rule` (`pid` , `name` , `title` , `icon` , `remark` , `ismenu` , `status` , `createtime` , `updatetime`) VALUES (179 , 'gcrm/xmsys' , 'Xmsys' , 'fa fa-circle-o' , '' , 1 , 'normal' , 1552057626 , 1552057626) [ RunTime:0.013654s ]
[ 2019-03-08T23:07:06+08:00 ][ sql ] [ SQL ] SELECT `id` FROM `fa_auth_rule` WHERE  `name` = 'gcrm/xmsys/index' LIMIT 1 [ RunTime:0.000351s ]
[ 2019-03-08T23:07:06+08:00 ][ sql ] [ SQL ] SELECT `id` FROM `fa_auth_rule` WHERE  `name` = 'gcrm/xmsys/add' LIMIT 1 [ RunTime:0.000198s ]
[ 2019-03-08T23:07:06+08:00 ][ sql ] [ SQL ] SELECT `id` FROM `fa_auth_rule` WHERE  `name` = 'gcrm/xmsys/edit' LIMIT 1 [ RunTime:0.000182s ]
[ 2019-03-08T23:07:06+08:00 ][ sql ] [ SQL ] SELECT `id` FROM `fa_auth_rule` WHERE  `name` = 'gcrm/xmsys/del' LIMIT 1 [ RunTime:0.000182s ]
[ 2019-03-08T23:07:06+08:00 ][ sql ] [ SQL ] SELECT `id` FROM `fa_auth_rule` WHERE  `name` = 'gcrm/xmsys/multi' LIMIT 1 [ RunTime:0.000175s ]
[ 2019-03-08T23:07:06+08:00 ][ sql ] [ SQL ] INSERT INTO `fa_auth_rule` (`id` , `pid` , `name` , `icon` , `title` , `ismenu` , `status` , `createtime` , `updatetime`) VALUES (NULL , 180 , 'gcrm/xmsys/index' , 'fa fa-circle-o' , '查看' , 0 , 'normal' , 1552057626 , 1552057626) [ RunTime:0.000278s ]
[ 2019-03-08T23:07:06+08:00 ][ sql ] [ SQL ] INSERT INTO `fa_auth_rule` (`id` , `pid` , `name` , `icon` , `title` , `ismenu` , `status` , `createtime` , `updatetime`) VALUES (NULL , 180 , 'gcrm/xmsys/add' , 'fa fa-circle-o' , '添加' , 0 , 'normal' , 1552057626 , 1552057626) [ RunTime:0.000159s ]
[ 2019-03-08T23:07:06+08:00 ][ sql ] [ SQL ] INSERT INTO `fa_auth_rule` (`id` , `pid` , `name` , `icon` , `title` , `ismenu` , `status` , `createtime` , `updatetime`) VALUES (NULL , 180 , 'gcrm/xmsys/edit' , 'fa fa-circle-o' , '编辑' , 0 , 'normal' , 1552057626 , 1552057626) [ RunTime:0.000151s ]
[ 2019-03-08T23:07:06+08:00 ][ sql ] [ SQL ] INSERT INTO `fa_auth_rule` (`id` , `pid` , `name` , `icon` , `title` , `ismenu` , `status` , `createtime` , `updatetime`) VALUES (NULL , 180 , 'gcrm/xmsys/del' , 'fa fa-circle-o' , '删除' , 0 , 'normal' , 1552057626 , 1552057626) [ RunTime:0.000163s ]
[ 2019-03-08T23:07:06+08:00 ][ sql ] [ SQL ] INSERT INTO `fa_auth_rule` (`id` , `pid` , `name` , `icon` , `title` , `ismenu` , `status` , `createtime` , `updatetime`) VALUES (NULL , 180 , 'gcrm/xmsys/multi' , 'fa fa-circle-o' , '批量更新' , 0 , 'normal' , 1552057626 , 1552057626) [ RunTime:0.000146s ]
