[ 2019-03-09T09:34:31+08:00 ][ sql ] [ DB ] CONNECT:[ UseTime:0.000480s ] mysql:host=localhost;dbname=fastadmin;charset=utf8
[ 2019-03-09T09:34:31+08:00 ][ sql ] [ SQL ] SHOW TABLE STATUS LIKE 'gcrm_xm' [ RunTime:0.000504s ]
[ 2019-03-09T09:34:31+08:00 ][ sql ] [ SQL ] SHOW TABLE STATUS LIKE 'fa_gcrm_xm' [ RunTime:0.000373s ]
[ 2019-03-09T09:34:31+08:00 ][ sql ] [ SQL ] SELECT * FROM `information_schema`.`columns` WHERE TABLE_SCHEMA = 'fastadmin' AND table_name = 'fa_gcrm_xm' ORDER BY ORDINAL_POSITION [ RunTime:0.001140s ]
[ 2019-03-09T09:35:15+08:00 ][ sql ] [ DB ] CONNECT:[ UseTime:0.000470s ] mysql:host=localhost;dbname=fastadmin;charset=utf8
[ 2019-03-09T09:35:15+08:00 ][ sql ] [ SQL ] SHOW TABLE STATUS LIKE 'gcrm_xm' [ RunTime:0.000444s ]
[ 2019-03-09T09:35:15+08:00 ][ sql ] [ SQL ] SHOW TABLE STATUS LIKE 'fa_gcrm_xm' [ RunTime:0.000529s ]
[ 2019-03-09T09:35:15+08:00 ][ sql ] [ SQL ] SELECT * FROM `information_schema`.`columns` WHERE TABLE_SCHEMA = 'fastadmin' AND table_name = 'fa_gcrm_xm' ORDER BY ORDINAL_POSITION [ RunTime:0.001147s ]
[ 2019-03-09T09:35:24+08:00 ][ sql ] [ DB ] CONNECT:[ UseTime:0.000488s ] mysql:host=localhost;dbname=fastadmin;charset=utf8
[ 2019-03-09T09:35:24+08:00 ][ sql ] [ SQL ] SHOW TABLE STATUS LIKE 'gcrm_xm' [ RunTime:0.000446s ]
[ 2019-03-09T09:35:24+08:00 ][ sql ] [ SQL ] SHOW TABLE STATUS LIKE 'fa_gcrm_xm' [ RunTime:0.000372s ]
[ 2019-03-09T09:35:24+08:00 ][ sql ] [ SQL ] SELECT * FROM `information_schema`.`columns` WHERE TABLE_SCHEMA = 'fastadmin' AND table_name = 'fa_gcrm_xm' ORDER BY ORDINAL_POSITION [ RunTime:0.001052s ]
[ 2019-03-09T09:35:26+08:00 ][ sql ] [ DB ] CONNECT:[ UseTime:0.000522s ] mysql:host=localhost;dbname=fastadmin;charset=utf8
[ 2019-03-09T09:35:26+08:00 ][ sql ] [ SQL ] SHOW TABLE STATUS LIKE 'gcrm_xm' [ RunTime:0.000465s ]
[ 2019-03-09T09:35:26+08:00 ][ sql ] [ SQL ] SHOW TABLE STATUS LIKE 'fa_gcrm_xm' [ RunTime:0.000377s ]
[ 2019-03-09T09:35:28+08:00 ][ sql ] [ DB ] CONNECT:[ UseTime:0.000491s ] mysql:host=localhost;dbname=fastadmin;charset=utf8
[ 2019-03-09T09:35:28+08:00 ][ sql ] [ SQL ] SHOW TABLE STATUS LIKE 'gcrm_xm' [ RunTime:0.000436s ]
[ 2019-03-09T09:35:28+08:00 ][ sql ] [ SQL ] SHOW TABLE STATUS LIKE 'fa_gcrm_xm' [ RunTime:0.000362s ]
[ 2019-03-09T09:36:04+08:00 ][ sql ] [ DB ] CONNECT:[ UseTime:0.000510s ] mysql:host=localhost;dbname=fastadmin;charset=utf8
[ 2019-03-09T09:36:04+08:00 ][ sql ] [ SQL ] SHOW TABLE STATUS LIKE 'gcrm_xm' [ RunTime:0.000536s ]
[ 2019-03-09T09:36:04+08:00 ][ sql ] [ SQL ] SHOW TABLE STATUS LIKE 'fa_gcrm_xm' [ RunTime:0.000397s ]
[ 2019-03-09T09:36:04+08:00 ][ sql ] [ SQL ] SHOW TABLE STATUS LIKE 'gcrm_xm_cpx' [ RunTime:0.000308s ]
[ 2019-03-09T09:36:04+08:00 ][ sql ] [ SQL ] SHOW TABLE STATUS LIKE 'fa_gcrm_xm_cpx' [ RunTime:0.000337s ]
[ 2019-03-09T09:36:04+08:00 ][ sql ] [ SQL ] SHOW TABLE STATUS LIKE 'gcrm_xm_gsfl' [ RunTime:0.000286s ]
[ 2019-03-09T09:36:04+08:00 ][ sql ] [ SQL ] SHOW TABLE STATUS LIKE 'fa_gcrm_xm_gsfl' [ RunTime:0.000330s ]
[ 2019-03-09T09:36:04+08:00 ][ sql ] [ SQL ] SHOW TABLE STATUS LIKE 'gcrm_xm_shiyebu' [ RunTime:0.000266s ]
[ 2019-03-09T09:36:04+08:00 ][ sql ] [ SQL ] SHOW TABLE STATUS LIKE 'fa_gcrm_xm_shiyebu' [ RunTime:0.000283s ]
[ 2019-03-09T09:36:04+08:00 ][ sql ] [ SQL ] SHOW TABLE STATUS LIKE 'gcrm_xm_type' [ RunTime:0.000269s ]
[ 2019-03-09T09:36:04+08:00 ][ sql ] [ SQL ] SHOW TABLE STATUS LIKE 'fa_gcrm_xm_type' [ RunTime:0.000321s ]
[ 2019-03-09T09:36:04+08:00 ][ sql ] [ SQL ] SHOW TABLE STATUS LIKE 'gcrm_zzjg' [ RunTime:0.000289s ]
[ 2019-03-09T09:36:04+08:00 ][ sql ] [ SQL ] SHOW TABLE STATUS LIKE 'fa_gcrm_zzjg' [ RunTime:0.000430s ]
[ 2019-03-09T09:36:04+08:00 ][ sql ] [ SQL ] SHOW TABLE STATUS LIKE 'user' [ RunTime:0.000297s ]
[ 2019-03-09T09:36:04+08:00 ][ sql ] [ SQL ] SHOW TABLE STATUS LIKE 'fa_user' [ RunTime:0.000362s ]
[ 2019-03-09T09:36:04+08:00 ][ sql ] [ SQL ] SHOW TABLE STATUS LIKE 'user' [ RunTime:0.000284s ]
[ 2019-03-09T09:36:04+08:00 ][ sql ] [ SQL ] SHOW TABLE STATUS LIKE 'fa_user' [ RunTime:0.000330s ]
[ 2019-03-09T09:36:04+08:00 ][ sql ] [ SQL ] SHOW TABLE STATUS LIKE 'gcrm_kehu' [ RunTime:0.000301s ]
[ 2019-03-09T09:36:04+08:00 ][ sql ] [ SQL ] SHOW TABLE STATUS LIKE 'fa_gcrm_kehu' [ RunTime:0.000429s ]
[ 2019-03-09T09:36:04+08:00 ][ sql ] [ SQL ] SELECT * FROM `information_schema`.`columns` WHERE TABLE_SCHEMA = 'fastadmin' AND table_name = 'fa_gcrm_xm' ORDER BY ORDINAL_POSITION [ RunTime:0.000945s ]
[ 2019-03-09T09:36:04+08:00 ][ sql ] [ SQL ] SELECT * FROM `information_schema`.`columns` WHERE TABLE_SCHEMA = 'fastadmin' AND table_name = 'fa_gcrm_xm_cpx' ORDER BY ORDINAL_POSITION [ RunTime:0.000870s ]
[ 2019-03-09T09:36:04+08:00 ][ sql ] [ SQL ] SELECT * FROM `information_schema`.`columns` WHERE TABLE_SCHEMA = 'fastadmin' AND table_name = 'fa_gcrm_xm_gsfl' ORDER BY ORDINAL_POSITION [ RunTime:0.000974s ]
[ 2019-03-09T09:36:04+08:00 ][ sql ] [ SQL ] SELECT * FROM `information_schema`.`columns` WHERE TABLE_SCHEMA = 'fastadmin' AND table_name = 'fa_gcrm_xm_shiyebu' ORDER BY ORDINAL_POSITION [ RunTime:0.000848s ]
[ 2019-03-09T09:36:04+08:00 ][ sql ] [ SQL ] SELECT * FROM `information_schema`.`columns` WHERE TABLE_SCHEMA = 'fastadmin' AND table_name = 'fa_gcrm_xm_type' ORDER BY ORDINAL_POSITION [ RunTime:0.000737s ]
[ 2019-03-09T09:36:04+08:00 ][ sql ] [ SQL ] SELECT * FROM `information_schema`.`columns` WHERE TABLE_SCHEMA = 'fastadmin' AND table_name = 'fa_gcrm_zzjg' ORDER BY ORDINAL_POSITION [ RunTime:0.000748s ]
[ 2019-03-09T09:36:04+08:00 ][ sql ] [ SQL ] SELECT * FROM `information_schema`.`columns` WHERE TABLE_SCHEMA = 'fastadmin' AND table_name = 'fa_user' ORDER BY ORDINAL_POSITION [ RunTime:0.000875s ]
[ 2019-03-09T09:36:04+08:00 ][ sql ] [ SQL ] SELECT * FROM `information_schema`.`columns` WHERE TABLE_SCHEMA = 'fastadmin' AND table_name = 'fa_user' ORDER BY ORDINAL_POSITION [ RunTime:0.000876s ]
[ 2019-03-09T09:36:04+08:00 ][ sql ] [ SQL ] SELECT * FROM `information_schema`.`columns` WHERE TABLE_SCHEMA = 'fastadmin' AND table_name = 'fa_gcrm_kehu' ORDER BY ORDINAL_POSITION [ RunTime:0.000770s ]
[ 2019-03-09T09:36:31+08:00 ][ sql ] [ DB ] CONNECT:[ UseTime:0.000512s ] mysql:host=localhost;dbname=fastadmin;charset=utf8
[ 2019-03-09T09:36:31+08:00 ][ sql ] [ SQL ] SHOW TABLE STATUS LIKE 'gcrm_xm' [ RunTime:0.000466s ]
[ 2019-03-09T09:36:31+08:00 ][ sql ] [ SQL ] SHOW TABLE STATUS LIKE 'fa_gcrm_xm' [ RunTime:0.000420s ]
[ 2019-03-09T09:36:31+08:00 ][ sql ] [ SQL ] SHOW TABLE STATUS LIKE 'gcrm_xm_cpx' [ RunTime:0.000269s ]
[ 2019-03-09T09:36:31+08:00 ][ sql ] [ SQL ] SHOW TABLE STATUS LIKE 'fa_gcrm_xm_cpx' [ RunTime:0.000301s ]
[ 2019-03-09T09:36:31+08:00 ][ sql ] [ SQL ] SHOW TABLE STATUS LIKE 'gcrm_xm_gsfl' [ RunTime:0.000257s ]
[ 2019-03-09T09:36:31+08:00 ][ sql ] [ SQL ] SHOW TABLE STATUS LIKE 'fa_gcrm_xm_gsfl' [ RunTime:0.000282s ]
[ 2019-03-09T09:36:31+08:00 ][ sql ] [ SQL ] SHOW TABLE STATUS LIKE 'gcrm_xm_shiyebu' [ RunTime:0.000265s ]
[ 2019-03-09T09:36:31+08:00 ][ sql ] [ SQL ] SHOW TABLE STATUS LIKE 'fa_gcrm_xm_shiyebu' [ RunTime:0.000310s ]
[ 2019-03-09T09:36:31+08:00 ][ sql ] [ SQL ] SHOW TABLE STATUS LIKE 'gcrm_xm_type' [ RunTime:0.000257s ]
[ 2019-03-09T09:36:31+08:00 ][ sql ] [ SQL ] SHOW TABLE STATUS LIKE 'fa_gcrm_xm_type' [ RunTime:0.000357s ]
[ 2019-03-09T09:36:31+08:00 ][ sql ] [ SQL ] SHOW TABLE STATUS LIKE 'gcrm_zzjg' [ RunTime:0.000270s ]
[ 2019-03-09T09:36:31+08:00 ][ sql ] [ SQL ] SHOW TABLE STATUS LIKE 'fa_gcrm_zzjg' [ RunTime:0.000281s ]
[ 2019-03-09T09:36:31+08:00 ][ sql ] [ SQL ] SHOW TABLE STATUS LIKE 'user' [ RunTime:0.000300s ]
[ 2019-03-09T09:36:31+08:00 ][ sql ] [ SQL ] SHOW TABLE STATUS LIKE 'fa_user' [ RunTime:0.000381s ]
[ 2019-03-09T09:36:31+08:00 ][ sql ] [ SQL ] SHOW TABLE STATUS LIKE 'user' [ RunTime:0.000261s ]
[ 2019-03-09T09:36:31+08:00 ][ sql ] [ SQL ] SHOW TABLE STATUS LIKE 'fa_user' [ RunTime:0.000288s ]
[ 2019-03-09T09:36:31+08:00 ][ sql ] [ SQL ] SHOW TABLE STATUS LIKE 'gcrm_kehu' [ RunTime:0.000252s ]
[ 2019-03-09T09:36:31+08:00 ][ sql ] [ SQL ] SHOW TABLE STATUS LIKE 'fa_gcrm_kehu' [ RunTime:0.000279s ]
[ 2019-03-09T09:38:11+08:00 ][ sql ] [ DB ] CONNECT:[ UseTime:0.000476s ] mysql:host=localhost;dbname=fastadmin;charset=utf8
[ 2019-03-09T09:38:11+08:00 ][ sql ] [ SQL ] SHOW TABLE STATUS LIKE 'gcrm_xm' [ RunTime:0.000513s ]
[ 2019-03-09T09:38:11+08:00 ][ sql ] [ SQL ] SHOW TABLE STATUS LIKE 'fa_gcrm_xm' [ RunTime:0.000364s ]
[ 2019-03-09T09:38:11+08:00 ][ sql ] [ SQL ] SHOW TABLE STATUS LIKE 'gcrm_xm_cpx' [ RunTime:0.000292s ]
[ 2019-03-09T09:38:11+08:00 ][ sql ] [ SQL ] SHOW TABLE STATUS LIKE 'fa_gcrm_xm_cpx' [ RunTime:0.000306s ]
[ 2019-03-09T09:38:11+08:00 ][ sql ] [ SQL ] SHOW TABLE STATUS LIKE 'gcrm_xm_gsfl' [ RunTime:0.000276s ]
[ 2019-03-09T09:38:11+08:00 ][ sql ] [ SQL ] SHOW TABLE STATUS LIKE 'fa_gcrm_xm_gsfl' [ RunTime:0.000344s ]
[ 2019-03-09T09:38:11+08:00 ][ sql ] [ SQL ] SHOW TABLE STATUS LIKE 'gcrm_xm_shiyebu' [ RunTime:0.000287s ]
[ 2019-03-09T09:38:11+08:00 ][ sql ] [ SQL ] SHOW TABLE STATUS LIKE 'fa_gcrm_xm_shiyebu' [ RunTime:0.000288s ]
[ 2019-03-09T09:38:11+08:00 ][ sql ] [ SQL ] SHOW TABLE STATUS LIKE 'gcrm_xm_type' [ RunTime:0.000247s ]
[ 2019-03-09T09:38:11+08:00 ][ sql ] [ SQL ] SHOW TABLE STATUS LIKE 'fa_gcrm_xm_type' [ RunTime:0.000300s ]
[ 2019-03-09T09:38:11+08:00 ][ sql ] [ SQL ] SHOW TABLE STATUS LIKE 'gcrm_zzjg' [ RunTime:0.000259s ]
[ 2019-03-09T09:38:11+08:00 ][ sql ] [ SQL ] SHOW TABLE STATUS LIKE 'fa_gcrm_zzjg' [ RunTime:0.000298s ]
[ 2019-03-09T09:38:11+08:00 ][ sql ] [ SQL ] SHOW TABLE STATUS LIKE 'user' [ RunTime:0.000245s ]
[ 2019-03-09T09:38:11+08:00 ][ sql ] [ SQL ] SHOW TABLE STATUS LIKE 'fa_user' [ RunTime:0.000310s ]
[ 2019-03-09T09:38:11+08:00 ][ sql ] [ SQL ] SHOW TABLE STATUS LIKE 'user' [ RunTime:0.000245s ]
[ 2019-03-09T09:38:11+08:00 ][ sql ] [ SQL ] SHOW TABLE STATUS LIKE 'fa_user' [ RunTime:0.000271s ]
[ 2019-03-09T09:38:11+08:00 ][ sql ] [ SQL ] SHOW TABLE STATUS LIKE 'gcrm_kehu' [ RunTime:0.000253s ]
[ 2019-03-09T09:38:11+08:00 ][ sql ] [ SQL ] SHOW TABLE STATUS LIKE 'fa_gcrm_kehu' [ RunTime:0.000266s ]
[ 2019-03-09T09:38:11+08:00 ][ sql ] [ SQL ] SELECT * FROM `information_schema`.`columns` WHERE TABLE_SCHEMA = 'fastadmin' AND table_name = 'fa_gcrm_xm' ORDER BY ORDINAL_POSITION [ RunTime:0.001000s ]
[ 2019-03-09T09:38:11+08:00 ][ sql ] [ SQL ] SELECT * FROM `information_schema`.`columns` WHERE TABLE_SCHEMA = 'fastadmin' AND table_name = 'fa_gcrm_xm_cpx' ORDER BY ORDINAL_POSITION [ RunTime:0.000808s ]
[ 2019-03-09T09:38:11+08:00 ][ sql ] [ SQL ] SELECT * FROM `information_schema`.`columns` WHERE TABLE_SCHEMA = 'fastadmin' AND table_name = 'fa_gcrm_xm_gsfl' ORDER BY ORDINAL_POSITION [ RunTime:0.000643s ]
[ 2019-03-09T09:38:11+08:00 ][ sql ] [ SQL ] SELECT * FROM `information_schema`.`columns` WHERE TABLE_SCHEMA = 'fastadmin' AND table_name = 'fa_gcrm_xm_shiyebu' ORDER BY ORDINAL_POSITION [ RunTime:0.000638s ]
[ 2019-03-09T09:38:11+08:00 ][ sql ] [ SQL ] SELECT * FROM `information_schema`.`columns` WHERE TABLE_SCHEMA = 'fastadmin' AND table_name = 'fa_gcrm_xm_type' ORDER BY ORDINAL_POSITION [ RunTime:0.000648s ]
[ 2019-03-09T09:38:11+08:00 ][ sql ] [ SQL ] SELECT * FROM `information_schema`.`columns` WHERE TABLE_SCHEMA = 'fastadmin' AND table_name = 'fa_gcrm_zzjg' ORDER BY ORDINAL_POSITION [ RunTime:0.000652s ]
[ 2019-03-09T09:38:11+08:00 ][ sql ] [ SQL ] SELECT * FROM `information_schema`.`columns` WHERE TABLE_SCHEMA = 'fastadmin' AND table_name = 'fa_user' ORDER BY ORDINAL_POSITION [ RunTime:0.000863s ]
[ 2019-03-09T09:38:11+08:00 ][ sql ] [ SQL ] SELECT * FROM `information_schema`.`columns` WHERE TABLE_SCHEMA = 'fastadmin' AND table_name = 'fa_user' ORDER BY ORDINAL_POSITION [ RunTime:0.000760s ]
[ 2019-03-09T09:38:11+08:00 ][ sql ] [ SQL ] SELECT * FROM `information_schema`.`columns` WHERE TABLE_SCHEMA = 'fastadmin' AND table_name = 'fa_gcrm_kehu' ORDER BY ORDINAL_POSITION [ RunTime:0.000643s ]
[ 2019-03-09T09:38:33+08:00 ][ sql ] [ DB ] CONNECT:[ UseTime:0.000552s ] mysql:host=localhost;dbname=fastadmin;charset=utf8
[ 2019-03-09T09:38:33+08:00 ][ sql ] [ SQL ] SHOW TABLE STATUS LIKE 'gcrm_xm' [ RunTime:0.000445s ]
[ 2019-03-09T09:38:33+08:00 ][ sql ] [ SQL ] SHOW TABLE STATUS LIKE 'fa_gcrm_xm' [ RunTime:0.000348s ]
[ 2019-03-09T09:38:33+08:00 ][ sql ] [ SQL ] SHOW TABLE STATUS LIKE 'gcrm_xm_cpx' [ RunTime:0.000270s ]
[ 2019-03-09T09:38:33+08:00 ][ sql ] [ SQL ] SHOW TABLE STATUS LIKE 'fa_gcrm_xm_cpx' [ RunTime:0.000277s ]
[ 2019-03-09T09:38:33+08:00 ][ sql ] [ SQL ] SHOW TABLE STATUS LIKE 'gcrm_xm_gsfl' [ RunTime:0.000248s ]
[ 2019-03-09T09:38:33+08:00 ][ sql ] [ SQL ] SHOW TABLE STATUS LIKE 'fa_gcrm_xm_gsfl' [ RunTime:0.000284s ]
[ 2019-03-09T09:38:33+08:00 ][ sql ] [ SQL ] SHOW TABLE STATUS LIKE 'gcrm_xm_shiyebu' [ RunTime:0.000281s ]
[ 2019-03-09T09:38:33+08:00 ][ sql ] [ SQL ] SHOW TABLE STATUS LIKE 'fa_gcrm_xm_shiyebu' [ RunTime:0.000316s ]
[ 2019-03-09T09:38:33+08:00 ][ sql ] [ SQL ] SHOW TABLE STATUS LIKE 'gcrm_xm_type' [ RunTime:0.000261s ]
[ 2019-03-09T09:38:33+08:00 ][ sql ] [ SQL ] SHOW TABLE STATUS LIKE 'fa_gcrm_xm_type' [ RunTime:0.000268s ]
[ 2019-03-09T09:38:33+08:00 ][ sql ] [ SQL ] SHOW TABLE STATUS LIKE 'gcrm_zzjg' [ RunTime:0.000243s ]
[ 2019-03-09T09:38:33+08:00 ][ sql ] [ SQL ] SHOW TABLE STATUS LIKE 'fa_gcrm_zzjg' [ RunTime:0.000281s ]
[ 2019-03-09T09:38:33+08:00 ][ sql ] [ SQL ] SHOW TABLE STATUS LIKE 'user' [ RunTime:0.000242s ]
[ 2019-03-09T09:38:33+08:00 ][ sql ] [ SQL ] SHOW TABLE STATUS LIKE 'fa_user' [ RunTime:0.000297s ]
[ 2019-03-09T09:38:33+08:00 ][ sql ] [ SQL ] SHOW TABLE STATUS LIKE 'user' [ RunTime:0.000307s ]
[ 2019-03-09T09:38:33+08:00 ][ sql ] [ SQL ] SHOW TABLE STATUS LIKE 'fa_user' [ RunTime:0.000308s ]
[ 2019-03-09T09:38:33+08:00 ][ sql ] [ SQL ] SHOW TABLE STATUS LIKE 'gcrm_kehu' [ RunTime:0.000276s ]
[ 2019-03-09T09:38:33+08:00 ][ sql ] [ SQL ] SHOW TABLE STATUS LIKE 'fa_gcrm_kehu' [ RunTime:0.000285s ]
[ 2019-03-09T09:38:42+08:00 ][ sql ] [ DB ] CONNECT:[ UseTime:0.000471s ] mysql:host=localhost;dbname=fastadmin;charset=utf8
[ 2019-03-09T09:38:42+08:00 ][ sql ] [ SQL ] SHOW TABLE STATUS LIKE 'gcrm_xm' [ RunTime:0.000494s ]
[ 2019-03-09T09:38:42+08:00 ][ sql ] [ SQL ] SHOW TABLE STATUS LIKE 'fa_gcrm_xm' [ RunTime:0.000436s ]
[ 2019-03-09T09:38:42+08:00 ][ sql ] [ SQL ] SHOW TABLE STATUS LIKE 'gcrm_xm_cpx' [ RunTime:0.000313s ]
[ 2019-03-09T09:38:42+08:00 ][ sql ] [ SQL ] SHOW TABLE STATUS LIKE 'fa_gcrm_xm_cpx' [ RunTime:0.000329s ]
[ 2019-03-09T09:38:42+08:00 ][ sql ] [ SQL ] SHOW TABLE STATUS LIKE 'gcrm_xm_gsfl' [ RunTime:0.000284s ]
[ 2019-03-09T09:38:42+08:00 ][ sql ] [ SQL ] SHOW TABLE STATUS LIKE 'fa_gcrm_xm_gsfl' [ RunTime:0.000331s ]
[ 2019-03-09T09:38:42+08:00 ][ sql ] [ SQL ] SHOW TABLE STATUS LIKE 'gcrm_xm_shiyebu' [ RunTime:0.000311s ]
[ 2019-03-09T09:38:42+08:00 ][ sql ] [ SQL ] SHOW TABLE STATUS LIKE 'fa_gcrm_xm_shiyebu' [ RunTime:0.000292s ]
[ 2019-03-09T09:38:42+08:00 ][ sql ] [ SQL ] SHOW TABLE STATUS LIKE 'gcrm_xm_type' [ RunTime:0.000293s ]
[ 2019-03-09T09:38:42+08:00 ][ sql ] [ SQL ] SHOW TABLE STATUS LIKE 'fa_gcrm_xm_type' [ RunTime:0.000302s ]
[ 2019-03-09T09:38:42+08:00 ][ sql ] [ SQL ] SHOW TABLE STATUS LIKE 'gcrm_zzjg' [ RunTime:0.000292s ]
[ 2019-03-09T09:38:42+08:00 ][ sql ] [ SQL ] SHOW TABLE STATUS LIKE 'fa_gcrm_zzjg' [ RunTime:0.000313s ]
[ 2019-03-09T09:38:42+08:00 ][ sql ] [ SQL ] SHOW TABLE STATUS LIKE 'user' [ RunTime:0.000266s ]
[ 2019-03-09T09:38:42+08:00 ][ sql ] [ SQL ] SHOW TABLE STATUS LIKE 'fa_user' [ RunTime:0.000323s ]
[ 2019-03-09T09:38:42+08:00 ][ sql ] [ SQL ] SHOW TABLE STATUS LIKE 'user' [ RunTime:0.000249s ]
[ 2019-03-09T09:38:42+08:00 ][ sql ] [ SQL ] SHOW TABLE STATUS LIKE 'fa_user' [ RunTime:0.000285s ]
[ 2019-03-09T09:38:42+08:00 ][ sql ] [ SQL ] SHOW TABLE STATUS LIKE 'gcrm_kehu' [ RunTime:0.000309s ]
[ 2019-03-09T09:38:42+08:00 ][ sql ] [ SQL ] SHOW TABLE STATUS LIKE 'fa_gcrm_kehu' [ RunTime:0.000275s ]
[ 2019-03-09T09:38:42+08:00 ][ sql ] [ SQL ] SELECT * FROM `information_schema`.`columns` WHERE TABLE_SCHEMA = 'fastadmin' AND table_name = 'fa_gcrm_xm' ORDER BY ORDINAL_POSITION [ RunTime:0.001055s ]
[ 2019-03-09T09:38:42+08:00 ][ sql ] [ SQL ] SELECT * FROM `information_schema`.`columns` WHERE TABLE_SCHEMA = 'fastadmin' AND table_name = 'fa_gcrm_xm_cpx' ORDER BY ORDINAL_POSITION [ RunTime:0.000714s ]
[ 2019-03-09T09:38:42+08:00 ][ sql ] [ SQL ] SELECT * FROM `information_schema`.`columns` WHERE TABLE_SCHEMA = 'fastadmin' AND table_name = 'fa_gcrm_xm_gsfl' ORDER BY ORDINAL_POSITION [ RunTime:0.000665s ]
[ 2019-03-09T09:38:42+08:00 ][ sql ] [ SQL ] SELECT * FROM `information_schema`.`columns` WHERE TABLE_SCHEMA = 'fastadmin' AND table_name = 'fa_gcrm_xm_shiyebu' ORDER BY ORDINAL_POSITION [ RunTime:0.000699s ]
[ 2019-03-09T09:38:42+08:00 ][ sql ] [ SQL ] SELECT * FROM `information_schema`.`columns` WHERE TABLE_SCHEMA = 'fastadmin' AND table_name = 'fa_gcrm_xm_type' ORDER BY ORDINAL_POSITION [ RunTime:0.000784s ]
[ 2019-03-09T09:38:42+08:00 ][ sql ] [ SQL ] SELECT * FROM `information_schema`.`columns` WHERE TABLE_SCHEMA = 'fastadmin' AND table_name = 'fa_gcrm_zzjg' ORDER BY ORDINAL_POSITION [ RunTime:0.000640s ]
[ 2019-03-09T09:38:42+08:00 ][ sql ] [ SQL ] SELECT * FROM `information_schema`.`columns` WHERE TABLE_SCHEMA = 'fastadmin' AND table_name = 'fa_user' ORDER BY ORDINAL_POSITION [ RunTime:0.000729s ]
[ 2019-03-09T09:38:42+08:00 ][ sql ] [ SQL ] SELECT * FROM `information_schema`.`columns` WHERE TABLE_SCHEMA = 'fastadmin' AND table_name = 'fa_user' ORDER BY ORDINAL_POSITION [ RunTime:0.000834s ]
[ 2019-03-09T09:38:42+08:00 ][ sql ] [ SQL ] SELECT * FROM `information_schema`.`columns` WHERE TABLE_SCHEMA = 'fastadmin' AND table_name = 'fa_gcrm_kehu' ORDER BY ORDINAL_POSITION [ RunTime:0.000660s ]
[ 2019-03-09T09:43:32+08:00 ][ sql ] [ DB ] CONNECT:[ UseTime:0.000487s ] mysql:host=localhost;dbname=fastadmin;charset=utf8
[ 2019-03-09T09:43:32+08:00 ][ sql ] [ SQL ] SHOW TABLE STATUS LIKE 'gcrm_xm' [ RunTime:0.000458s ]
[ 2019-03-09T09:43:32+08:00 ][ sql ] [ SQL ] SHOW TABLE STATUS LIKE 'fa_gcrm_xm' [ RunTime:0.000374s ]
[ 2019-03-09T09:43:32+08:00 ][ sql ] [ SQL ] SELECT * FROM `information_schema`.`columns` WHERE TABLE_SCHEMA = 'fastadmin' AND table_name = 'fa_gcrm_xm' ORDER BY ORDINAL_POSITION [ RunTime:0.000920s ]
[ 2019-03-09T09:46:07+08:00 ][ sql ] [ DB ] CONNECT:[ UseTime:0.000597s ] mysql:host=localhost;dbname=fastadmin;charset=utf8
[ 2019-03-09T09:46:07+08:00 ][ sql ] [ SQL ] SHOW TABLE STATUS LIKE 'gcrm_xm' [ RunTime:0.000438s ]
[ 2019-03-09T09:46:07+08:00 ][ sql ] [ SQL ] SHOW TABLE STATUS LIKE 'fa_gcrm_xm' [ RunTime:0.000365s ]
[ 2019-03-09T09:46:07+08:00 ][ sql ] [ SQL ] SHOW TABLE STATUS LIKE 'gcrm_xm_cpx' [ RunTime:0.000259s ]
[ 2019-03-09T09:46:07+08:00 ][ sql ] [ SQL ] SHOW TABLE STATUS LIKE 'fa_gcrm_xm_cpx' [ RunTime:0.000276s ]
[ 2019-03-09T09:46:07+08:00 ][ sql ] [ SQL ] SHOW TABLE STATUS LIKE 'gcrm_xm_gsfl' [ RunTime:0.000258s ]
[ 2019-03-09T09:46:07+08:00 ][ sql ] [ SQL ] SHOW TABLE STATUS LIKE 'fa_gcrm_xm_gsfl' [ RunTime:0.000270s ]
[ 2019-03-09T09:46:07+08:00 ][ sql ] [ SQL ] SHOW TABLE STATUS LIKE 'gcrm_xm_shiyebu' [ RunTime:0.000244s ]
[ 2019-03-09T09:46:07+08:00 ][ sql ] [ SQL ] SHOW TABLE STATUS LIKE 'fa_gcrm_xm_shiyebu' [ RunTime:0.000266s ]
[ 2019-03-09T09:46:07+08:00 ][ sql ] [ SQL ] SHOW TABLE STATUS LIKE 'gcrm_xm_type' [ RunTime:0.000280s ]
[ 2019-03-09T09:46:07+08:00 ][ sql ] [ SQL ] SHOW TABLE STATUS LIKE 'fa_gcrm_xm_type' [ RunTime:0.000270s ]
[ 2019-03-09T09:46:07+08:00 ][ sql ] [ SQL ] SHOW TABLE STATUS LIKE 'gcrm_zzjg' [ RunTime:0.000240s ]
[ 2019-03-09T09:46:07+08:00 ][ sql ] [ SQL ] SHOW TABLE STATUS LIKE 'fa_gcrm_zzjg' [ RunTime:0.000266s ]
[ 2019-03-09T09:46:07+08:00 ][ sql ] [ SQL ] SHOW TABLE STATUS LIKE 'user' [ RunTime:0.000240s ]
[ 2019-03-09T09:46:07+08:00 ][ sql ] [ SQL ] SHOW TABLE STATUS LIKE 'fa_user' [ RunTime:0.000292s ]
[ 2019-03-09T09:46:07+08:00 ][ sql ] [ SQL ] SHOW TABLE STATUS LIKE 'user' [ RunTime:0.000292s ]
[ 2019-03-09T09:46:07+08:00 ][ sql ] [ SQL ] SHOW TABLE STATUS LIKE 'fa_user' [ RunTime:0.000332s ]
[ 2019-03-09T09:46:07+08:00 ][ sql ] [ SQL ] SHOW TABLE STATUS LIKE 'gcrm_kehu' [ RunTime:0.000258s ]
[ 2019-03-09T09:46:07+08:00 ][ sql ] [ SQL ] SHOW TABLE STATUS LIKE 'fa_gcrm_kehu' [ RunTime:0.000267s ]
[ 2019-03-09T09:46:07+08:00 ][ sql ] [ SQL ] SELECT * FROM `information_schema`.`columns` WHERE TABLE_SCHEMA = 'fastadmin' AND table_name = 'fa_gcrm_xm' ORDER BY ORDINAL_POSITION [ RunTime:0.001031s ]
[ 2019-03-09T09:46:07+08:00 ][ sql ] [ SQL ] SELECT * FROM `information_schema`.`columns` WHERE TABLE_SCHEMA = 'fastadmin' AND table_name = 'fa_gcrm_xm_cpx' ORDER BY ORDINAL_POSITION [ RunTime:0.000679s ]
[ 2019-03-09T09:46:07+08:00 ][ sql ] [ SQL ] SELECT * FROM `information_schema`.`columns` WHERE TABLE_SCHEMA = 'fastadmin' AND table_name = 'fa_gcrm_xm_gsfl' ORDER BY ORDINAL_POSITION [ RunTime:0.000631s ]
[ 2019-03-09T09:46:07+08:00 ][ sql ] [ SQL ] SELECT * FROM `information_schema`.`columns` WHERE TABLE_SCHEMA = 'fastadmin' AND table_name = 'fa_gcrm_xm_shiyebu' ORDER BY ORDINAL_POSITION [ RunTime:0.000643s ]
[ 2019-03-09T09:46:07+08:00 ][ sql ] [ SQL ] SELECT * FROM `information_schema`.`columns` WHERE TABLE_SCHEMA = 'fastadmin' AND table_name = 'fa_gcrm_xm_type' ORDER BY ORDINAL_POSITION [ RunTime:0.000643s ]
[ 2019-03-09T09:46:07+08:00 ][ sql ] [ SQL ] SELECT * FROM `information_schema`.`columns` WHERE TABLE_SCHEMA = 'fastadmin' AND table_name = 'fa_gcrm_zzjg' ORDER BY ORDINAL_POSITION [ RunTime:0.000711s ]
[ 2019-03-09T09:46:07+08:00 ][ sql ] [ SQL ] SELECT * FROM `information_schema`.`columns` WHERE TABLE_SCHEMA = 'fastadmin' AND table_name = 'fa_user' ORDER BY ORDINAL_POSITION [ RunTime:0.000723s ]
[ 2019-03-09T09:46:07+08:00 ][ sql ] [ SQL ] SELECT * FROM `information_schema`.`columns` WHERE TABLE_SCHEMA = 'fastadmin' AND table_name = 'fa_user' ORDER BY ORDINAL_POSITION [ RunTime:0.000723s ]
[ 2019-03-09T09:46:07+08:00 ][ sql ] [ SQL ] SELECT * FROM `information_schema`.`columns` WHERE TABLE_SCHEMA = 'fastadmin' AND table_name = 'fa_gcrm_kehu' ORDER BY ORDINAL_POSITION [ RunTime:0.000641s ]
[ 2019-03-09T09:47:13+08:00 ][ sql ] [ DB ] CONNECT:[ UseTime:0.000802s ] mysql:host=localhost;dbname=fastadmin;charset=utf8
[ 2019-03-09T09:47:13+08:00 ][ sql ] [ SQL ] SHOW COLUMNS FROM `fa_auth_rule` [ RunTime:0.000871s ]
[ 2019-03-09T09:47:13+08:00 ][ sql ] [ SQL ] SELECT * FROM `fa_auth_rule` WHERE  `name` = 'gcrm' LIMIT 1 [ RunTime:0.000353s ]
[ 2019-03-09T09:47:13+08:00 ][ sql ] [ SQL ] SELECT * FROM `fa_auth_rule` WHERE  `name` = 'gcrm/xm' LIMIT 1 [ RunTime:0.000226s ]
[ 2019-03-09T09:47:13+08:00 ][ sql ] [ SQL ] INSERT INTO `fa_auth_rule` (`pid` , `name` , `title` , `icon` , `remark` , `ismenu` , `status` , `createtime` , `updatetime`) VALUES (179 , 'gcrm/xm' , 'Xm' , 'fa fa-circle-o' , '' , 1 , 'normal' , 1552096033 , 1552096033) [ RunTime:0.003073s ]
[ 2019-03-09T09:47:13+08:00 ][ sql ] [ SQL ] SELECT `id` FROM `fa_auth_rule` WHERE  `name` = 'gcrm/xm/index' LIMIT 1 [ RunTime:0.000278s ]
[ 2019-03-09T09:47:13+08:00 ][ sql ] [ SQL ] SELECT `id` FROM `fa_auth_rule` WHERE  `name` = 'gcrm/xm/add' LIMIT 1 [ RunTime:0.000182s ]
[ 2019-03-09T09:47:13+08:00 ][ sql ] [ SQL ] SELECT `id` FROM `fa_auth_rule` WHERE  `name` = 'gcrm/xm/edit' LIMIT 1 [ RunTime:0.000213s ]
[ 2019-03-09T09:47:13+08:00 ][ sql ] [ SQL ] SELECT `id` FROM `fa_auth_rule` WHERE  `name` = 'gcrm/xm/del' LIMIT 1 [ RunTime:0.000178s ]
[ 2019-03-09T09:47:13+08:00 ][ sql ] [ SQL ] SELECT `id` FROM `fa_auth_rule` WHERE  `name` = 'gcrm/xm/multi' LIMIT 1 [ RunTime:0.000165s ]
[ 2019-03-09T09:47:13+08:00 ][ sql ] [ SQL ] INSERT INTO `fa_auth_rule` (`id` , `pid` , `name` , `icon` , `title` , `ismenu` , `status` , `createtime` , `updatetime`) VALUES (NULL , 186 , 'gcrm/xm/index' , 'fa fa-circle-o' , '查看' , 0 , 'normal' , 1552096033 , 1552096033) [ RunTime:0.000678s ]
[ 2019-03-09T09:47:13+08:00 ][ sql ] [ SQL ] INSERT INTO `fa_auth_rule` (`id` , `pid` , `name` , `icon` , `title` , `ismenu` , `status` , `createtime` , `updatetime`) VALUES (NULL , 186 , 'gcrm/xm/add' , 'fa fa-circle-o' , '添加' , 0 , 'normal' , 1552096033 , 1552096033) [ RunTime:0.000204s ]
[ 2019-03-09T09:47:13+08:00 ][ sql ] [ SQL ] INSERT INTO `fa_auth_rule` (`id` , `pid` , `name` , `icon` , `title` , `ismenu` , `status` , `createtime` , `updatetime`) VALUES (NULL , 186 , 'gcrm/xm/edit' , 'fa fa-circle-o' , '编辑' , 0 , 'normal' , 1552096033 , 1552096033) [ RunTime:0.000166s ]
[ 2019-03-09T09:47:13+08:00 ][ sql ] [ SQL ] INSERT INTO `fa_auth_rule` (`id` , `pid` , `name` , `icon` , `title` , `ismenu` , `status` , `createtime` , `updatetime`) VALUES (NULL , 186 , 'gcrm/xm/del' , 'fa fa-circle-o' , '删除' , 0 , 'normal' , 1552096033 , 1552096033) [ RunTime:0.000520s ]
[ 2019-03-09T09:47:13+08:00 ][ sql ] [ SQL ] INSERT INTO `fa_auth_rule` (`id` , `pid` , `name` , `icon` , `title` , `ismenu` , `status` , `createtime` , `updatetime`) VALUES (NULL , 186 , 'gcrm/xm/multi' , 'fa fa-circle-o' , '批量更新' , 0 , 'normal' , 1552096033 , 1552096033) [ RunTime:0.000332s ]
[ 2019-03-09T16:44:15+08:00 ][ sql ] [ DB ] CONNECT:[ UseTime:0.000483s ] mysql:host=localhost;dbname=fastadmin;charset=utf8
[ 2019-03-09T16:44:15+08:00 ][ sql ] [ SQL ] SHOW TABLE STATUS LIKE 'gcrm_xm' [ RunTime:0.000424s ]
[ 2019-03-09T16:44:15+08:00 ][ sql ] [ SQL ] SHOW TABLE STATUS LIKE 'fa_gcrm_xm' [ RunTime:0.000344s ]
[ 2019-03-09T16:44:15+08:00 ][ sql ] [ SQL ] SELECT * FROM `information_schema`.`columns` WHERE TABLE_SCHEMA = 'fastadmin' AND table_name = 'fa_gcrm_xm' ORDER BY ORDINAL_POSITION [ RunTime:0.000920s ]
[ 2019-03-09T16:44:20+08:00 ][ sql ] [ DB ] CONNECT:[ UseTime:0.000615s ] mysql:host=localhost;dbname=fastadmin;charset=utf8
[ 2019-03-09T16:44:20+08:00 ][ sql ] [ SQL ] SHOW TABLE STATUS LIKE 'gcrm_xm' [ RunTime:0.000570s ]
[ 2019-03-09T16:44:20+08:00 ][ sql ] [ SQL ] SHOW TABLE STATUS LIKE 'fa_gcrm_xm' [ RunTime:0.000540s ]
[ 2019-03-09T16:44:20+08:00 ][ sql ] [ SQL ] SELECT * FROM `information_schema`.`columns` WHERE TABLE_SCHEMA = 'fastadmin' AND table_name = 'fa_gcrm_xm' ORDER BY ORDINAL_POSITION [ RunTime:0.001009s ]
[ 2019-03-09T16:45:43+08:00 ][ sql ] [ DB ] CONNECT:[ UseTime:0.000466s ] mysql:host=localhost;dbname=fastadmin;charset=utf8
[ 2019-03-09T16:45:43+08:00 ][ sql ] [ SQL ] SHOW TABLE STATUS LIKE 'gcrm_xm' [ RunTime:0.000459s ]
[ 2019-03-09T16:45:43+08:00 ][ sql ] [ SQL ] SHOW TABLE STATUS LIKE 'fa_gcrm_xm' [ RunTime:0.000355s ]
[ 2019-03-09T16:45:43+08:00 ][ sql ] [ SQL ] SHOW TABLE STATUS LIKE 'gcrm_xm_type' [ RunTime:0.000257s ]
[ 2019-03-09T16:45:43+08:00 ][ sql ] [ SQL ] SHOW TABLE STATUS LIKE 'fa_gcrm_xm_type' [ RunTime:0.000288s ]
[ 2019-03-09T16:45:43+08:00 ][ sql ] [ SQL ] SELECT * FROM `information_schema`.`columns` WHERE TABLE_SCHEMA = 'fastadmin' AND table_name = 'fa_gcrm_xm' ORDER BY ORDINAL_POSITION [ RunTime:0.000953s ]
[ 2019-03-09T16:45:43+08:00 ][ sql ] [ SQL ] SELECT * FROM `information_schema`.`columns` WHERE TABLE_SCHEMA = 'fastadmin' AND table_name = 'fa_gcrm_xm_type' ORDER BY ORDINAL_POSITION [ RunTime:0.000684s ]
[ 2019-03-09T16:45:44+08:00 ][ sql ] [ DB ] CONNECT:[ UseTime:0.000518s ] mysql:host=localhost;dbname=fastadmin;charset=utf8
[ 2019-03-09T16:45:44+08:00 ][ sql ] [ SQL ] SHOW TABLE STATUS LIKE 'gcrm_xm' [ RunTime:0.000456s ]
[ 2019-03-09T16:45:44+08:00 ][ sql ] [ SQL ] SHOW TABLE STATUS LIKE 'fa_gcrm_xm' [ RunTime:0.000392s ]
[ 2019-03-09T16:45:44+08:00 ][ sql ] [ SQL ] SHOW TABLE STATUS LIKE 'gcrm_xm_type' [ RunTime:0.000268s ]
[ 2019-03-09T16:45:44+08:00 ][ sql ] [ SQL ] SHOW TABLE STATUS LIKE 'fa_gcrm_xm_type' [ RunTime:0.000293s ]
[ 2019-03-09T16:45:44+08:00 ][ sql ] [ SQL ] SELECT * FROM `information_schema`.`columns` WHERE TABLE_SCHEMA = 'fastadmin' AND table_name = 'fa_gcrm_xm' ORDER BY ORDINAL_POSITION [ RunTime:0.000967s ]
[ 2019-03-09T16:45:44+08:00 ][ sql ] [ SQL ] SELECT * FROM `information_schema`.`columns` WHERE TABLE_SCHEMA = 'fastadmin' AND table_name = 'fa_gcrm_xm_type' ORDER BY ORDINAL_POSITION [ RunTime:0.000762s ]
[ 2019-03-09T16:45:47+08:00 ][ sql ] [ DB ] CONNECT:[ UseTime:0.000479s ] mysql:host=localhost;dbname=fastadmin;charset=utf8
[ 2019-03-09T16:45:47+08:00 ][ sql ] [ SQL ] SHOW TABLE STATUS LIKE 'gcrm_xm' [ RunTime:0.000444s ]
[ 2019-03-09T16:45:47+08:00 ][ sql ] [ SQL ] SHOW TABLE STATUS LIKE 'fa_gcrm_xm' [ RunTime:0.000389s ]
[ 2019-03-09T16:45:47+08:00 ][ sql ] [ SQL ] SHOW TABLE STATUS LIKE 'gcrm_xm_type' [ RunTime:0.000260s ]
[ 2019-03-09T16:45:47+08:00 ][ sql ] [ SQL ] SHOW TABLE STATUS LIKE 'fa_gcrm_xm_type' [ RunTime:0.000278s ]
[ 2019-03-09T16:45:47+08:00 ][ sql ] [ SQL ] SELECT * FROM `information_schema`.`columns` WHERE TABLE_SCHEMA = 'fastadmin' AND table_name = 'fa_gcrm_xm' ORDER BY ORDINAL_POSITION [ RunTime:0.000952s ]
[ 2019-03-09T16:45:47+08:00 ][ sql ] [ SQL ] SELECT * FROM `information_schema`.`columns` WHERE TABLE_SCHEMA = 'fastadmin' AND table_name = 'fa_gcrm_xm_type' ORDER BY ORDINAL_POSITION [ RunTime:0.000721s ]
[ 2019-03-09T16:45:48+08:00 ][ sql ] [ DB ] CONNECT:[ UseTime:0.000469s ] mysql:host=localhost;dbname=fastadmin;charset=utf8
[ 2019-03-09T16:45:48+08:00 ][ sql ] [ SQL ] SHOW TABLE STATUS LIKE 'gcrm_xm' [ RunTime:0.000470s ]
[ 2019-03-09T16:45:48+08:00 ][ sql ] [ SQL ] SHOW TABLE STATUS LIKE 'fa_gcrm_xm' [ RunTime:0.000350s ]
[ 2019-03-09T16:45:48+08:00 ][ sql ] [ SQL ] SHOW TABLE STATUS LIKE 'gcrm_xm_type' [ RunTime:0.000255s ]
[ 2019-03-09T16:45:48+08:00 ][ sql ] [ SQL ] SHOW TABLE STATUS LIKE 'fa_gcrm_xm_type' [ RunTime:0.000289s ]
[ 2019-03-09T16:45:48+08:00 ][ sql ] [ SQL ] SELECT * FROM `information_schema`.`columns` WHERE TABLE_SCHEMA = 'fastadmin' AND table_name = 'fa_gcrm_xm' ORDER BY ORDINAL_POSITION [ RunTime:0.000946s ]
[ 2019-03-09T16:45:48+08:00 ][ sql ] [ SQL ] SELECT * FROM `information_schema`.`columns` WHERE TABLE_SCHEMA = 'fastadmin' AND table_name = 'fa_gcrm_xm_type' ORDER BY ORDINAL_POSITION [ RunTime:0.000679s ]
[ 2019-03-09T17:08:05+08:00 ][ sql ] [ DB ] CONNECT:[ UseTime:0.000468s ] mysql:host=localhost;dbname=fastadmin;charset=utf8
[ 2019-03-09T17:08:05+08:00 ][ sql ] [ SQL ] SHOW TABLE STATUS LIKE 'gcrm_xm' [ RunTime:0.000526s ]
[ 2019-03-09T17:08:05+08:00 ][ sql ] [ SQL ] SHOW TABLE STATUS LIKE 'fa_gcrm_xm' [ RunTime:0.000394s ]
[ 2019-03-09T17:08:05+08:00 ][ sql ] [ SQL ] SHOW TABLE STATUS LIKE 'gcrm_xm_cpx' [ RunTime:0.000355s ]
[ 2019-03-09T17:08:05+08:00 ][ sql ] [ SQL ] SHOW TABLE STATUS LIKE 'fa_gcrm_xm_cpx' [ RunTime:0.000391s ]
[ 2019-03-09T17:08:05+08:00 ][ sql ] [ SQL ] SHOW TABLE STATUS LIKE 'gcrm_xm_gstype' [ RunTime:0.000339s ]
[ 2019-03-09T17:08:05+08:00 ][ sql ] [ SQL ] SHOW TABLE STATUS LIKE 'fa_gcrm_xm_gstype' [ RunTime:0.000376s ]
[ 2019-03-09T17:08:05+08:00 ][ sql ] [ SQL ] SHOW TABLE STATUS LIKE 'gcrm_xm_shiyebu' [ RunTime:0.000260s ]
[ 2019-03-09T17:08:05+08:00 ][ sql ] [ SQL ] SHOW TABLE STATUS LIKE 'fa_gcrm_xm_shiyebu' [ RunTime:0.000272s ]
[ 2019-03-09T17:08:05+08:00 ][ sql ] [ SQL ] SHOW TABLE STATUS LIKE 'gcrm_xmtype' [ RunTime:0.000298s ]
[ 2019-03-09T17:08:05+08:00 ][ sql ] [ SQL ] SHOW TABLE STATUS LIKE 'fa_gcrm_xmtype' [ RunTime:0.000279s ]
[ 2019-03-09T17:08:05+08:00 ][ sql ] [ SQL ] SHOW TABLE STATUS LIKE 'gcrm_zzjg' [ RunTime:0.000269s ]
[ 2019-03-09T17:08:05+08:00 ][ sql ] [ SQL ] SHOW TABLE STATUS LIKE 'fa_gcrm_zzjg' [ RunTime:0.000320s ]
[ 2019-03-09T17:08:05+08:00 ][ sql ] [ SQL ] SHOW TABLE STATUS LIKE 'gcrm_kehu' [ RunTime:0.000303s ]
[ 2019-03-09T17:08:05+08:00 ][ sql ] [ SQL ] SHOW TABLE STATUS LIKE 'fa_gcrm_kehu' [ RunTime:0.000275s ]
[ 2019-03-09T17:08:05+08:00 ][ sql ] [ SQL ] SELECT * FROM `information_schema`.`columns` WHERE TABLE_SCHEMA = 'fastadmin' AND table_name = 'fa_gcrm_xm' ORDER BY ORDINAL_POSITION [ RunTime:0.000983s ]
[ 2019-03-09T17:08:05+08:00 ][ sql ] [ SQL ] SELECT * FROM `information_schema`.`columns` WHERE TABLE_SCHEMA = 'fastadmin' AND table_name = 'fa_gcrm_xm_cpx' ORDER BY ORDINAL_POSITION [ RunTime:0.000738s ]
[ 2019-03-09T17:08:05+08:00 ][ sql ] [ SQL ] SELECT * FROM `information_schema`.`columns` WHERE TABLE_SCHEMA = 'fastadmin' AND table_name = 'fa_gcrm_xm_gstype' ORDER BY ORDINAL_POSITION [ RunTime:0.000862s ]
[ 2019-03-09T17:08:05+08:00 ][ sql ] [ SQL ] SELECT * FROM `information_schema`.`columns` WHERE TABLE_SCHEMA = 'fastadmin' AND table_name = 'fa_gcrm_xm_shiyebu' ORDER BY ORDINAL_POSITION [ RunTime:0.000719s ]
[ 2019-03-09T17:08:05+08:00 ][ sql ] [ SQL ] SELECT * FROM `information_schema`.`columns` WHERE TABLE_SCHEMA = 'fastadmin' AND table_name = 'fa_gcrm_xmtype' ORDER BY ORDINAL_POSITION [ RunTime:0.000734s ]
[ 2019-03-09T17:08:05+08:00 ][ sql ] [ SQL ] SELECT * FROM `information_schema`.`columns` WHERE TABLE_SCHEMA = 'fastadmin' AND table_name = 'fa_gcrm_zzjg' ORDER BY ORDINAL_POSITION [ RunTime:0.000690s ]
[ 2019-03-09T17:08:05+08:00 ][ sql ] [ SQL ] SELECT * FROM `information_schema`.`columns` WHERE TABLE_SCHEMA = 'fastadmin' AND table_name = 'fa_gcrm_kehu' ORDER BY ORDINAL_POSITION [ RunTime:0.000723s ]
[ 2019-03-09T17:14:16+08:00 ][ sql ] [ DB ] CONNECT:[ UseTime:0.000471s ] mysql:host=localhost;dbname=fastadmin;charset=utf8
[ 2019-03-09T17:14:16+08:00 ][ sql ] [ SQL ] SHOW TABLE STATUS LIKE 'gcrm_xm' [ RunTime:0.000525s ]
[ 2019-03-09T17:14:16+08:00 ][ sql ] [ SQL ] SHOW TABLE STATUS LIKE 'fa_gcrm_xm' [ RunTime:0.000415s ]
[ 2019-03-09T17:15:30+08:00 ][ sql ] [ DB ] CONNECT:[ UseTime:0.000495s ] mysql:host=localhost;dbname=fastadmin;charset=utf8
[ 2019-03-09T17:15:30+08:00 ][ sql ] [ SQL ] SHOW TABLE STATUS LIKE 'gcrm_xm' [ RunTime:0.000429s ]
[ 2019-03-09T17:15:30+08:00 ][ sql ] [ SQL ] SHOW TABLE STATUS LIKE 'fa_gcrm_xm' [ RunTime:0.000360s ]
[ 2019-03-09T17:15:30+08:00 ][ sql ] [ SQL ] SHOW TABLE STATUS LIKE 'gcrm_kehu' [ RunTime:0.000252s ]
[ 2019-03-09T17:15:30+08:00 ][ sql ] [ SQL ] SHOW TABLE STATUS LIKE 'fa_gcrm_kehu' [ RunTime:0.000271s ]
[ 2019-03-09T17:15:30+08:00 ][ sql ] [ SQL ] SHOW TABLE STATUS LIKE 'gcrm_xm_cpx' [ RunTime:0.000247s ]
[ 2019-03-09T17:15:30+08:00 ][ sql ] [ SQL ] SHOW TABLE STATUS LIKE 'fa_gcrm_xm_cpx' [ RunTime:0.000265s ]
[ 2019-03-09T17:15:30+08:00 ][ sql ] [ SQL ] SHOW TABLE STATUS LIKE 'gcrm_xm_gstype' [ RunTime:0.000243s ]
[ 2019-03-09T17:15:30+08:00 ][ sql ] [ SQL ] SHOW TABLE STATUS LIKE 'fa_gcrm_xm_gstype' [ RunTime:0.000276s ]
[ 2019-03-09T17:15:30+08:00 ][ sql ] [ SQL ] SHOW TABLE STATUS LIKE 'gcrm_xm_shiyebu' [ RunTime:0.000242s ]
[ 2019-03-09T17:15:30+08:00 ][ sql ] [ SQL ] SHOW TABLE STATUS LIKE 'fa_gcrm_xm_shiyebu' [ RunTime:0.000296s ]
[ 2019-03-09T17:15:30+08:00 ][ sql ] [ SQL ] SHOW TABLE STATUS LIKE 'gcrm_xmtype' [ RunTime:0.000259s ]
[ 2019-03-09T17:15:30+08:00 ][ sql ] [ SQL ] SHOW TABLE STATUS LIKE 'fa_gcrm_xmtype' [ RunTime:0.000266s ]
[ 2019-03-09T17:15:30+08:00 ][ sql ] [ SQL ] SHOW TABLE STATUS LIKE 'gcrm_zzjg' [ RunTime:0.000240s ]
[ 2019-03-09T17:15:30+08:00 ][ sql ] [ SQL ] SHOW TABLE STATUS LIKE 'fa_gcrm_zzjg' [ RunTime:0.000278s ]
[ 2019-03-09T17:15:30+08:00 ][ sql ] [ SQL ] SELECT * FROM `information_schema`.`columns` WHERE TABLE_SCHEMA = 'fastadmin' AND table_name = 'fa_gcrm_xm' ORDER BY ORDINAL_POSITION [ RunTime:0.000915s ]
[ 2019-03-09T17:15:30+08:00 ][ sql ] [ SQL ] SELECT * FROM `information_schema`.`columns` WHERE TABLE_SCHEMA = 'fastadmin' AND table_name = 'fa_gcrm_kehu' ORDER BY ORDINAL_POSITION [ RunTime:0.000717s ]
[ 2019-03-09T17:15:30+08:00 ][ sql ] [ SQL ] SELECT * FROM `information_schema`.`columns` WHERE TABLE_SCHEMA = 'fastadmin' AND table_name = 'fa_gcrm_xm_cpx' ORDER BY ORDINAL_POSITION [ RunTime:0.000718s ]
[ 2019-03-09T17:15:30+08:00 ][ sql ] [ SQL ] SELECT * FROM `information_schema`.`columns` WHERE TABLE_SCHEMA = 'fastadmin' AND table_name = 'fa_gcrm_xm_gstype' ORDER BY ORDINAL_POSITION [ RunTime:0.000667s ]
[ 2019-03-09T17:15:30+08:00 ][ sql ] [ SQL ] SELECT * FROM `information_schema`.`columns` WHERE TABLE_SCHEMA = 'fastadmin' AND table_name = 'fa_gcrm_xm_shiyebu' ORDER BY ORDINAL_POSITION [ RunTime:0.000638s ]
[ 2019-03-09T17:15:30+08:00 ][ sql ] [ SQL ] SELECT * FROM `information_schema`.`columns` WHERE TABLE_SCHEMA = 'fastadmin' AND table_name = 'fa_gcrm_xmtype' ORDER BY ORDINAL_POSITION [ RunTime:0.000656s ]
[ 2019-03-09T17:15:30+08:00 ][ sql ] [ SQL ] SELECT * FROM `information_schema`.`columns` WHERE TABLE_SCHEMA = 'fastadmin' AND table_name = 'fa_gcrm_zzjg' ORDER BY ORDINAL_POSITION [ RunTime:0.000634s ]
[ 2019-03-09T17:15:52+08:00 ][ sql ] [ DB ] CONNECT:[ UseTime:0.000455s ] mysql:host=localhost;dbname=fastadmin;charset=utf8
[ 2019-03-09T17:15:52+08:00 ][ sql ] [ SQL ] SHOW TABLE STATUS LIKE 'gcrm_xm' [ RunTime:0.000467s ]
[ 2019-03-09T17:15:52+08:00 ][ sql ] [ SQL ] SHOW TABLE STATUS LIKE 'fa_gcrm_xm' [ RunTime:0.000373s ]
[ 2019-03-09T17:16:18+08:00 ][ sql ] [ DB ] CONNECT:[ UseTime:0.000476s ] mysql:host=localhost;dbname=fastadmin;charset=utf8
[ 2019-03-09T17:16:18+08:00 ][ sql ] [ SQL ] SHOW TABLE STATUS LIKE 'gcrm_xm' [ RunTime:0.000456s ]
[ 2019-03-09T17:16:18+08:00 ][ sql ] [ SQL ] SHOW TABLE STATUS LIKE 'fa_gcrm_xm' [ RunTime:0.000364s ]
[ 2019-03-09T17:18:04+08:00 ][ sql ] [ DB ] CONNECT:[ UseTime:0.000515s ] mysql:host=localhost;dbname=fastadmin;charset=utf8
[ 2019-03-09T17:18:04+08:00 ][ sql ] [ SQL ] SHOW TABLE STATUS LIKE 'gcrm_xm' [ RunTime:0.000475s ]
[ 2019-03-09T17:18:04+08:00 ][ sql ] [ SQL ] SHOW TABLE STATUS LIKE 'fa_gcrm_xm' [ RunTime:0.000351s ]
[ 2019-03-09T17:18:08+08:00 ][ sql ] [ DB ] CONNECT:[ UseTime:0.000470s ] mysql:host=localhost;dbname=fastadmin;charset=utf8
[ 2019-03-09T17:18:08+08:00 ][ sql ] [ SQL ] SHOW TABLE STATUS LIKE 'gcrm_xm' [ RunTime:0.000493s ]
[ 2019-03-09T17:18:08+08:00 ][ sql ] [ SQL ] SHOW TABLE STATUS LIKE 'fa_gcrm_xm' [ RunTime:0.000460s ]
[ 2019-03-09T17:20:36+08:00 ][ sql ] [ DB ] CONNECT:[ UseTime:0.001070s ] mysql:host=localhost;dbname=fastadmin;charset=utf8
[ 2019-03-09T17:20:36+08:00 ][ sql ] [ SQL ] SHOW COLUMNS FROM `fa_auth_rule` [ RunTime:0.000875s ]
[ 2019-03-09T17:20:36+08:00 ][ sql ] [ SQL ] SELECT * FROM `fa_auth_rule` WHERE  `name` = 'gcrm' LIMIT 1 [ RunTime:0.000349s ]
[ 2019-03-09T17:20:36+08:00 ][ sql ] [ SQL ] SELECT * FROM `fa_auth_rule` WHERE  `name` = 'gcrm/xmgl' LIMIT 1 [ RunTime:0.000234s ]
[ 2019-03-09T17:20:36+08:00 ][ sql ] [ SQL ] INSERT INTO `fa_auth_rule` (`pid` , `name` , `title` , `icon` , `remark` , `ismenu` , `status` , `createtime` , `updatetime`) VALUES (179 , 'gcrm/xmgl' , 'Xmgl' , 'fa fa-circle-o' , '' , 1 , 'normal' , 1552123236 , 1552123236) [ RunTime:0.003917s ]
[ 2019-03-09T17:20:36+08:00 ][ sql ] [ SQL ] SELECT `id` FROM `fa_auth_rule` WHERE  `name` = 'gcrm/xmgl/index' LIMIT 1 [ RunTime:0.000403s ]
[ 2019-03-09T17:20:36+08:00 ][ sql ] [ SQL ] SELECT `id` FROM `fa_auth_rule` WHERE  `name` = 'gcrm/xmgl/add' LIMIT 1 [ RunTime:0.000197s ]
[ 2019-03-09T17:20:36+08:00 ][ sql ] [ SQL ] SELECT `id` FROM `fa_auth_rule` WHERE  `name` = 'gcrm/xmgl/edit' LIMIT 1 [ RunTime:0.000172s ]
[ 2019-03-09T17:20:36+08:00 ][ sql ] [ SQL ] SELECT `id` FROM `fa_auth_rule` WHERE  `name` = 'gcrm/xmgl/del' LIMIT 1 [ RunTime:0.000186s ]
[ 2019-03-09T17:20:36+08:00 ][ sql ] [ SQL ] SELECT `id` FROM `fa_auth_rule` WHERE  `name` = 'gcrm/xmgl/multi' LIMIT 1 [ RunTime:0.000182s ]
[ 2019-03-09T17:20:36+08:00 ][ sql ] [ SQL ] INSERT INTO `fa_auth_rule` (`id` , `pid` , `name` , `icon` , `title` , `ismenu` , `status` , `createtime` , `updatetime`) VALUES (NULL , 216 , 'gcrm/xmgl/index' , 'fa fa-circle-o' , '查看' , 0 , 'normal' , 1552123236 , 1552123236) [ RunTime:0.000417s ]
[ 2019-03-09T17:20:36+08:00 ][ sql ] [ SQL ] INSERT INTO `fa_auth_rule` (`id` , `pid` , `name` , `icon` , `title` , `ismenu` , `status` , `createtime` , `updatetime`) VALUES (NULL , 216 , 'gcrm/xmgl/add' , 'fa fa-circle-o' , '添加' , 0 , 'normal' , 1552123236 , 1552123236) [ RunTime:0.000180s ]
[ 2019-03-09T17:20:36+08:00 ][ sql ] [ SQL ] INSERT INTO `fa_auth_rule` (`id` , `pid` , `name` , `icon` , `title` , `ismenu` , `status` , `createtime` , `updatetime`) VALUES (NULL , 216 , 'gcrm/xmgl/edit' , 'fa fa-circle-o' , '编辑' , 0 , 'normal' , 1552123236 , 1552123236) [ RunTime:0.000156s ]
[ 2019-03-09T17:20:36+08:00 ][ sql ] [ SQL ] INSERT INTO `fa_auth_rule` (`id` , `pid` , `name` , `icon` , `title` , `ismenu` , `status` , `createtime` , `updatetime`) VALUES (NULL , 216 , 'gcrm/xmgl/del' , 'fa fa-circle-o' , '删除' , 0 , 'normal' , 1552123236 , 1552123236) [ RunTime:0.000154s ]
[ 2019-03-09T17:20:36+08:00 ][ sql ] [ SQL ] INSERT INTO `fa_auth_rule` (`id` , `pid` , `name` , `icon` , `title` , `ismenu` , `status` , `createtime` , `updatetime`) VALUES (NULL , 216 , 'gcrm/xmgl/multi' , 'fa fa-circle-o' , '批量更新' , 0 , 'normal' , 1552123236 , 1552123236) [ RunTime:0.000155s ]
[ 2019-03-09T17:21:16+08:00 ][ sql ] [ DB ] CONNECT:[ UseTime:0.001058s ] mysql:host=localhost;dbname=fastadmin;charset=utf8
[ 2019-03-09T17:21:16+08:00 ][ sql ] [ SQL ] SHOW COLUMNS FROM `fa_auth_rule` [ RunTime:0.000816s ]
[ 2019-03-09T17:21:16+08:00 ][ sql ] [ SQL ] SELECT * FROM `fa_auth_rule` WHERE  `name` = 'gcrm' LIMIT 1 [ RunTime:0.000364s ]
[ 2019-03-09T17:21:16+08:00 ][ sql ] [ SQL ] SELECT * FROM `fa_auth_rule` WHERE  `name` = 'gcrm/xmgl' LIMIT 1 [ RunTime:0.000260s ]
[ 2019-03-09T17:21:16+08:00 ][ sql ] [ SQL ] SELECT `id` FROM `fa_auth_rule` WHERE  `name` = 'gcrm/xmgl/index' LIMIT 1 [ RunTime:0.000197s ]
[ 2019-03-09T17:21:16+08:00 ][ sql ] [ SQL ] SELECT `id` FROM `fa_auth_rule` WHERE  `name` = 'gcrm/xmgl/add' LIMIT 1 [ RunTime:0.000178s ]
[ 2019-03-09T17:21:16+08:00 ][ sql ] [ SQL ] SELECT `id` FROM `fa_auth_rule` WHERE  `name` = 'gcrm/xmgl/edit' LIMIT 1 [ RunTime:0.000174s ]
[ 2019-03-09T17:21:16+08:00 ][ sql ] [ SQL ] SELECT `id` FROM `fa_auth_rule` WHERE  `name` = 'gcrm/xmgl/del' LIMIT 1 [ RunTime:0.000173s ]
[ 2019-03-09T17:21:16+08:00 ][ sql ] [ SQL ] SELECT `id` FROM `fa_auth_rule` WHERE  `name` = 'gcrm/xmgl/multi' LIMIT 1 [ RunTime:0.000200s ]
[ 2019-03-09T17:21:16+08:00 ][ sql ] [ SQL ] UPDATE `fa_auth_rule`  SET `pid`=216,`name`='gcrm/xmgl/index',`icon`='fa fa-circle-o',`title`='查看',`ismenu`=0,`status`='normal',`updatetime`=1552123276  WHERE  `id` = 217 [ RunTime:0.000263s ]
[ 2019-03-09T17:21:16+08:00 ][ sql ] [ SQL ] UPDATE `fa_auth_rule`  SET `pid`=216,`name`='gcrm/xmgl/add',`icon`='fa fa-circle-o',`title`='添加',`ismenu`=0,`status`='normal',`updatetime`=1552123276  WHERE  `id` = 218 [ RunTime:0.000202s ]
[ 2019-03-09T17:21:16+08:00 ][ sql ] [ SQL ] UPDATE `fa_auth_rule`  SET `pid`=216,`name`='gcrm/xmgl/edit',`icon`='fa fa-circle-o',`title`='编辑',`ismenu`=0,`status`='normal',`updatetime`=1552123276  WHERE  `id` = 219 [ RunTime:0.000174s ]
[ 2019-03-09T17:21:16+08:00 ][ sql ] [ SQL ] UPDATE `fa_auth_rule`  SET `pid`=216,`name`='gcrm/xmgl/del',`icon`='fa fa-circle-o',`title`='删除',`ismenu`=0,`status`='normal',`updatetime`=1552123276  WHERE  `id` = 220 [ RunTime:0.000190s ]
[ 2019-03-09T17:21:16+08:00 ][ sql ] [ SQL ] UPDATE `fa_auth_rule`  SET `pid`=216,`name`='gcrm/xmgl/multi',`icon`='fa fa-circle-o',`title`='批量更新',`ismenu`=0,`status`='normal',`updatetime`=1552123276  WHERE  `id` = 221 [ RunTime:0.000170s ]
[ 2019-03-09T17:21:40+08:00 ][ sql ] [ DB ] CONNECT:[ UseTime:0.000485s ] mysql:host=localhost;dbname=fastadmin;charset=utf8
[ 2019-03-09T17:21:40+08:00 ][ sql ] [ SQL ] SHOW TABLE STATUS LIKE 'gcrm_xm' [ RunTime:0.000443s ]
[ 2019-03-09T17:21:40+08:00 ][ sql ] [ SQL ] SHOW TABLE STATUS LIKE 'fa_gcrm_xm' [ RunTime:0.000348s ]
[ 2019-03-09T17:21:40+08:00 ][ sql ] [ SQL ] SHOW TABLE STATUS LIKE 'gcrm_kehu' [ RunTime:0.000265s ]
[ 2019-03-09T17:21:40+08:00 ][ sql ] [ SQL ] SHOW TABLE STATUS LIKE 'fa_gcrm_kehu' [ RunTime:0.000275s ]
[ 2019-03-09T17:21:40+08:00 ][ sql ] [ SQL ] SHOW TABLE STATUS LIKE 'gcrm_xm_cpx' [ RunTime:0.000302s ]
[ 2019-03-09T17:21:40+08:00 ][ sql ] [ SQL ] SHOW TABLE STATUS LIKE 'fa_gcrm_xm_cpx' [ RunTime:0.000331s ]
[ 2019-03-09T17:21:40+08:00 ][ sql ] [ SQL ] SELECT * FROM `information_schema`.`columns` WHERE TABLE_SCHEMA = 'fastadmin' AND table_name = 'fa_gcrm_xm' ORDER BY ORDINAL_POSITION [ RunTime:0.000927s ]
[ 2019-03-09T17:21:40+08:00 ][ sql ] [ SQL ] SELECT * FROM `information_schema`.`columns` WHERE TABLE_SCHEMA = 'fastadmin' AND table_name = 'fa_gcrm_kehu' ORDER BY ORDINAL_POSITION [ RunTime:0.000697s ]
[ 2019-03-09T17:21:40+08:00 ][ sql ] [ SQL ] SELECT * FROM `information_schema`.`columns` WHERE TABLE_SCHEMA = 'fastadmin' AND table_name = 'fa_gcrm_xm_cpx' ORDER BY ORDINAL_POSITION [ RunTime:0.000659s ]
[ 2019-03-09T17:21:54+08:00 ][ sql ] [ DB ] CONNECT:[ UseTime:0.000483s ] mysql:host=localhost;dbname=fastadmin;charset=utf8
[ 2019-03-09T17:21:54+08:00 ][ sql ] [ SQL ] SHOW TABLE STATUS LIKE 'gcrm_xm' [ RunTime:0.000523s ]
[ 2019-03-09T17:21:54+08:00 ][ sql ] [ SQL ] SHOW TABLE STATUS LIKE 'fa_gcrm_xm' [ RunTime:0.000444s ]
[ 2019-03-09T17:21:54+08:00 ][ sql ] [ SQL ] SHOW TABLE STATUS LIKE 'gcrm_kehu' [ RunTime:0.000266s ]
[ 2019-03-09T17:21:54+08:00 ][ sql ] [ SQL ] SHOW TABLE STATUS LIKE 'fa_gcrm_kehu' [ RunTime:0.000281s ]
[ 2019-03-09T17:21:54+08:00 ][ sql ] [ SQL ] SHOW TABLE STATUS LIKE 'gcrm_xm_cpx' [ RunTime:0.000260s ]
[ 2019-03-09T17:21:54+08:00 ][ sql ] [ SQL ] SHOW TABLE STATUS LIKE 'fa_gcrm_xm_cpx' [ RunTime:0.000314s ]
[ 2019-03-09T17:21:54+08:00 ][ sql ] [ SQL ] SELECT * FROM `information_schema`.`columns` WHERE TABLE_SCHEMA = 'fastadmin' AND table_name = 'fa_gcrm_xm' ORDER BY ORDINAL_POSITION [ RunTime:0.001011s ]
[ 2019-03-09T17:21:54+08:00 ][ sql ] [ SQL ] SELECT * FROM `information_schema`.`columns` WHERE TABLE_SCHEMA = 'fastadmin' AND table_name = 'fa_gcrm_kehu' ORDER BY ORDINAL_POSITION [ RunTime:0.000674s ]
[ 2019-03-09T17:21:54+08:00 ][ sql ] [ SQL ] SELECT * FROM `information_schema`.`columns` WHERE TABLE_SCHEMA = 'fastadmin' AND table_name = 'fa_gcrm_xm_cpx' ORDER BY ORDINAL_POSITION [ RunTime:0.000784s ]
[ 2019-03-09T17:21:54+08:00 ][ sql ] [ DB ] CONNECT:[ UseTime:0.001219s ] mysql:host=localhost;dbname=fastadmin;charset=utf8
[ 2019-03-09T17:21:54+08:00 ][ sql ] [ SQL ] SHOW COLUMNS FROM `fa_auth_rule` [ RunTime:0.001117s ]
[ 2019-03-09T17:21:54+08:00 ][ sql ] [ SQL ] SELECT * FROM `fa_auth_rule` WHERE  `name` = 'gcrm' LIMIT 1 [ RunTime:0.000371s ]
[ 2019-03-09T17:21:54+08:00 ][ sql ] [ SQL ] SELECT * FROM `fa_auth_rule` WHERE  `name` = 'gcrm/xmgl' LIMIT 1 [ RunTime:0.000299s ]
[ 2019-03-09T17:21:54+08:00 ][ sql ] [ SQL ] SELECT `id` FROM `fa_auth_rule` WHERE  `name` = 'gcrm/xmgl/index' LIMIT 1 [ RunTime:0.000223s ]
[ 2019-03-09T17:21:54+08:00 ][ sql ] [ SQL ] SELECT `id` FROM `fa_auth_rule` WHERE  `name` = 'gcrm/xmgl/add' LIMIT 1 [ RunTime:0.000187s ]
[ 2019-03-09T17:21:54+08:00 ][ sql ] [ SQL ] SELECT `id` FROM `fa_auth_rule` WHERE  `name` = 'gcrm/xmgl/edit' LIMIT 1 [ RunTime:0.000200s ]
[ 2019-03-09T17:21:54+08:00 ][ sql ] [ SQL ] SELECT `id` FROM `fa_auth_rule` WHERE  `name` = 'gcrm/xmgl/del' LIMIT 1 [ RunTime:0.000207s ]
[ 2019-03-09T17:21:54+08:00 ][ sql ] [ SQL ] SELECT `id` FROM `fa_auth_rule` WHERE  `name` = 'gcrm/xmgl/multi' LIMIT 1 [ RunTime:0.000174s ]
[ 2019-03-09T17:21:54+08:00 ][ sql ] [ SQL ] UPDATE `fa_auth_rule`  SET `pid`=216,`name`='gcrm/xmgl/index',`icon`='fa fa-circle-o',`title`='查看',`ismenu`=0,`status`='normal',`updatetime`=1552123314  WHERE  `id` = 217 [ RunTime:0.000275s ]
[ 2019-03-09T17:21:54+08:00 ][ sql ] [ SQL ] UPDATE `fa_auth_rule`  SET `pid`=216,`name`='gcrm/xmgl/add',`icon`='fa fa-circle-o',`title`='添加',`ismenu`=0,`status`='normal',`updatetime`=1552123314  WHERE  `id` = 218 [ RunTime:0.000177s ]
[ 2019-03-09T17:21:54+08:00 ][ sql ] [ SQL ] UPDATE `fa_auth_rule`  SET `pid`=216,`name`='gcrm/xmgl/edit',`icon`='fa fa-circle-o',`title`='编辑',`ismenu`=0,`status`='normal',`updatetime`=1552123314  WHERE  `id` = 219 [ RunTime:0.000194s ]
[ 2019-03-09T17:21:54+08:00 ][ sql ] [ SQL ] UPDATE `fa_auth_rule`  SET `pid`=216,`name`='gcrm/xmgl/del',`icon`='fa fa-circle-o',`title`='删除',`ismenu`=0,`status`='normal',`updatetime`=1552123314  WHERE  `id` = 220 [ RunTime:0.000167s ]
[ 2019-03-09T17:21:54+08:00 ][ sql ] [ SQL ] UPDATE `fa_auth_rule`  SET `pid`=216,`name`='gcrm/xmgl/multi',`icon`='fa fa-circle-o',`title`='批量更新',`ismenu`=0,`status`='normal',`updatetime`=1552123314  WHERE  `id` = 221 [ RunTime:0.000209s ]
[ 2019-03-09T17:24:46+08:00 ][ sql ] [ DB ] CONNECT:[ UseTime:0.000696s ] mysql:host=localhost;dbname=fastadmin;charset=utf8
[ 2019-03-09T17:24:46+08:00 ][ sql ] [ SQL ] SHOW TABLE STATUS LIKE 'gcrm_xm' [ RunTime:0.000516s ]
[ 2019-03-09T17:24:46+08:00 ][ sql ] [ SQL ] SHOW TABLE STATUS LIKE 'fa_gcrm_xm' [ RunTime:0.000354s ]
[ 2019-03-09T17:24:50+08:00 ][ sql ] [ DB ] CONNECT:[ UseTime:0.000471s ] mysql:host=localhost;dbname=fastadmin;charset=utf8
[ 2019-03-09T17:24:50+08:00 ][ sql ] [ SQL ] SHOW TABLE STATUS LIKE 'gcrm_xm' [ RunTime:0.000445s ]
[ 2019-03-09T17:24:50+08:00 ][ sql ] [ SQL ] SHOW TABLE STATUS LIKE 'fa_gcrm_xm' [ RunTime:0.000350s ]
[ 2019-03-09T17:26:56+08:00 ][ sql ] [ DB ] CONNECT:[ UseTime:0.001348s ] mysql:host=localhost;dbname=fastadmin;charset=utf8
[ 2019-03-09T17:26:56+08:00 ][ sql ] [ SQL ] SHOW COLUMNS FROM `fa_auth_rule` [ RunTime:0.001104s ]
[ 2019-03-09T17:26:56+08:00 ][ sql ] [ SQL ] SELECT * FROM `fa_auth_rule` WHERE  `name` = 'gcrm' LIMIT 1 [ RunTime:0.000449s ]
[ 2019-03-09T17:26:56+08:00 ][ sql ] [ SQL ] SELECT * FROM `fa_auth_rule` WHERE  `name` = 'gcrm/xmgl' LIMIT 1 [ RunTime:0.000333s ]
[ 2019-03-09T17:26:56+08:00 ][ sql ] [ SQL ] SELECT `id` FROM `fa_auth_rule` WHERE  `name` = 'gcrm/xmgl/index' LIMIT 1 [ RunTime:0.000250s ]
[ 2019-03-09T17:26:56+08:00 ][ sql ] [ SQL ] SELECT `id` FROM `fa_auth_rule` WHERE  `name` = 'gcrm/xmgl/add' LIMIT 1 [ RunTime:0.000218s ]
[ 2019-03-09T17:26:56+08:00 ][ sql ] [ SQL ] SELECT `id` FROM `fa_auth_rule` WHERE  `name` = 'gcrm/xmgl/edit' LIMIT 1 [ RunTime:0.000205s ]
[ 2019-03-09T17:26:56+08:00 ][ sql ] [ SQL ] SELECT `id` FROM `fa_auth_rule` WHERE  `name` = 'gcrm/xmgl/del' LIMIT 1 [ RunTime:0.000210s ]
[ 2019-03-09T17:26:56+08:00 ][ sql ] [ SQL ] SELECT `id` FROM `fa_auth_rule` WHERE  `name` = 'gcrm/xmgl/multi' LIMIT 1 [ RunTime:0.000233s ]
[ 2019-03-09T17:26:56+08:00 ][ sql ] [ SQL ] UPDATE `fa_auth_rule`  SET `pid`=216,`name`='gcrm/xmgl/index',`icon`='fa fa-circle-o',`title`='查看',`ismenu`=0,`status`='normal',`updatetime`=1552123616  WHERE  `id` = 217 [ RunTime:0.000327s ]
[ 2019-03-09T17:26:56+08:00 ][ sql ] [ SQL ] UPDATE `fa_auth_rule`  SET `pid`=216,`name`='gcrm/xmgl/add',`icon`='fa fa-circle-o',`title`='添加',`ismenu`=0,`status`='normal',`updatetime`=1552123616  WHERE  `id` = 218 [ RunTime:0.000213s ]
[ 2019-03-09T17:26:56+08:00 ][ sql ] [ SQL ] UPDATE `fa_auth_rule`  SET `pid`=216,`name`='gcrm/xmgl/edit',`icon`='fa fa-circle-o',`title`='编辑',`ismenu`=0,`status`='normal',`updatetime`=1552123616  WHERE  `id` = 219 [ RunTime:0.000235s ]
[ 2019-03-09T17:26:56+08:00 ][ sql ] [ SQL ] UPDATE `fa_auth_rule`  SET `pid`=216,`name`='gcrm/xmgl/del',`icon`='fa fa-circle-o',`title`='删除',`ismenu`=0,`status`='normal',`updatetime`=1552123616  WHERE  `id` = 220 [ RunTime:0.000210s ]
[ 2019-03-09T17:26:56+08:00 ][ sql ] [ SQL ] UPDATE `fa_auth_rule`  SET `pid`=216,`name`='gcrm/xmgl/multi',`icon`='fa fa-circle-o',`title`='批量更新',`ismenu`=0,`status`='normal',`updatetime`=1552123616  WHERE  `id` = 221 [ RunTime:0.000196s ]
[ 2019-03-09T17:27:28+08:00 ][ sql ] [ DB ] CONNECT:[ UseTime:0.000471s ] mysql:host=localhost;dbname=fastadmin;charset=utf8
[ 2019-03-09T17:27:28+08:00 ][ sql ] [ SQL ] SHOW TABLE STATUS LIKE 'gcrm_xm' [ RunTime:0.000448s ]
[ 2019-03-09T17:27:28+08:00 ][ sql ] [ SQL ] SHOW TABLE STATUS LIKE 'fa_gcrm_xm' [ RunTime:0.000355s ]
[ 2019-03-09T17:27:28+08:00 ][ sql ] [ SQL ] SHOW TABLE STATUS LIKE 'gcrm_kehu' [ RunTime:0.000255s ]
[ 2019-03-09T17:27:28+08:00 ][ sql ] [ SQL ] SHOW TABLE STATUS LIKE 'fa_gcrm_kehu' [ RunTime:0.000297s ]
[ 2019-03-09T17:27:28+08:00 ][ sql ] [ SQL ] SHOW TABLE STATUS LIKE 'gcrm_xmcpx' [ RunTime:0.000251s ]
[ 2019-03-09T17:27:28+08:00 ][ sql ] [ SQL ] SHOW TABLE STATUS LIKE 'fa_gcrm_xmcpx' [ RunTime:0.000301s ]
[ 2019-03-09T17:27:28+08:00 ][ sql ] [ SQL ] SELECT * FROM `information_schema`.`columns` WHERE TABLE_SCHEMA = 'fastadmin' AND table_name = 'fa_gcrm_xm' ORDER BY ORDINAL_POSITION [ RunTime:0.000921s ]
[ 2019-03-09T17:27:28+08:00 ][ sql ] [ SQL ] SELECT * FROM `information_schema`.`columns` WHERE TABLE_SCHEMA = 'fastadmin' AND table_name = 'fa_gcrm_kehu' ORDER BY ORDINAL_POSITION [ RunTime:0.000681s ]
[ 2019-03-09T17:27:28+08:00 ][ sql ] [ SQL ] SELECT * FROM `information_schema`.`columns` WHERE TABLE_SCHEMA = 'fastadmin' AND table_name = 'fa_gcrm_xmcpx' ORDER BY ORDINAL_POSITION [ RunTime:0.000655s ]
[ 2019-03-09T17:27:35+08:00 ][ sql ] [ DB ] CONNECT:[ UseTime:0.000471s ] mysql:host=localhost;dbname=fastadmin;charset=utf8
[ 2019-03-09T17:27:35+08:00 ][ sql ] [ SQL ] SHOW TABLE STATUS LIKE 'gcrm_xm' [ RunTime:0.000468s ]
[ 2019-03-09T17:27:35+08:00 ][ sql ] [ SQL ] SHOW TABLE STATUS LIKE 'fa_gcrm_xm' [ RunTime:0.000351s ]
[ 2019-03-09T17:27:35+08:00 ][ sql ] [ SQL ] SHOW TABLE STATUS LIKE 'gcrm_kehu' [ RunTime:0.000258s ]
[ 2019-03-09T17:27:35+08:00 ][ sql ] [ SQL ] SHOW TABLE STATUS LIKE 'fa_gcrm_kehu' [ RunTime:0.000291s ]
[ 2019-03-09T17:27:35+08:00 ][ sql ] [ SQL ] SHOW TABLE STATUS LIKE 'gcrm_xmcpx' [ RunTime:0.000295s ]
[ 2019-03-09T17:27:35+08:00 ][ sql ] [ SQL ] SHOW TABLE STATUS LIKE 'fa_gcrm_xmcpx' [ RunTime:0.000280s ]
[ 2019-03-09T17:27:35+08:00 ][ sql ] [ SQL ] SELECT * FROM `information_schema`.`columns` WHERE TABLE_SCHEMA = 'fastadmin' AND table_name = 'fa_gcrm_xm' ORDER BY ORDINAL_POSITION [ RunTime:0.000917s ]
[ 2019-03-09T17:27:35+08:00 ][ sql ] [ SQL ] SELECT * FROM `information_schema`.`columns` WHERE TABLE_SCHEMA = 'fastadmin' AND table_name = 'fa_gcrm_kehu' ORDER BY ORDINAL_POSITION [ RunTime:0.000712s ]
[ 2019-03-09T17:27:35+08:00 ][ sql ] [ SQL ] SELECT * FROM `information_schema`.`columns` WHERE TABLE_SCHEMA = 'fastadmin' AND table_name = 'fa_gcrm_xmcpx' ORDER BY ORDINAL_POSITION [ RunTime:0.000653s ]
[ 2019-03-09T17:28:37+08:00 ][ sql ] [ DB ] CONNECT:[ UseTime:0.000531s ] mysql:host=localhost;dbname=fastadmin;charset=utf8
[ 2019-03-09T17:28:37+08:00 ][ sql ] [ SQL ] SHOW TABLE STATUS LIKE 'gcrm_xm' [ RunTime:0.000583s ]
[ 2019-03-09T17:28:37+08:00 ][ sql ] [ SQL ] SHOW TABLE STATUS LIKE 'fa_gcrm_xm' [ RunTime:0.000464s ]
[ 2019-03-09T17:28:37+08:00 ][ sql ] [ SQL ] SHOW TABLE STATUS LIKE 'gcrm_kehu' [ RunTime:0.000295s ]
[ 2019-03-09T17:28:37+08:00 ][ sql ] [ SQL ] SHOW TABLE STATUS LIKE 'fa_gcrm_kehu' [ RunTime:0.000302s ]
[ 2019-03-09T17:28:37+08:00 ][ sql ] [ SQL ] SHOW TABLE STATUS LIKE 'gcrm_xmcpx' [ RunTime:0.000281s ]
[ 2019-03-09T17:28:37+08:00 ][ sql ] [ SQL ] SHOW TABLE STATUS LIKE 'fa_gcrm_xmcpx' [ RunTime:0.000276s ]
[ 2019-03-09T17:28:37+08:00 ][ sql ] [ SQL ] SHOW TABLE STATUS LIKE 'gcrm_xmgstype' [ RunTime:0.000259s ]
[ 2019-03-09T17:28:37+08:00 ][ sql ] [ SQL ] SHOW TABLE STATUS LIKE 'fa_gcrm_xmgstype' [ RunTime:0.000432s ]
[ 2019-03-09T17:28:37+08:00 ][ sql ] [ SQL ] SHOW TABLE STATUS LIKE 'gcrm_xmshiyebu' [ RunTime:0.000255s ]
[ 2019-03-09T17:28:37+08:00 ][ sql ] [ SQL ] SHOW TABLE STATUS LIKE 'fa_gcrm_xmshiyebu' [ RunTime:0.000370s ]
[ 2019-03-09T17:28:37+08:00 ][ sql ] [ SQL ] SHOW TABLE STATUS LIKE 'gcrm_xmtype' [ RunTime:0.000284s ]
[ 2019-03-09T17:28:37+08:00 ][ sql ] [ SQL ] SHOW TABLE STATUS LIKE 'fa_gcrm_xmtype' [ RunTime:0.000272s ]
[ 2019-03-09T17:28:37+08:00 ][ sql ] [ SQL ] SHOW TABLE STATUS LIKE 'gcrm_zzjg' [ RunTime:0.000242s ]
[ 2019-03-09T17:28:37+08:00 ][ sql ] [ SQL ] SHOW TABLE STATUS LIKE 'fa_gcrm_zzjg' [ RunTime:0.000298s ]
[ 2019-03-09T17:28:37+08:00 ][ sql ] [ SQL ] SELECT * FROM `information_schema`.`columns` WHERE TABLE_SCHEMA = 'fastadmin' AND table_name = 'fa_gcrm_xm' ORDER BY ORDINAL_POSITION [ RunTime:0.000978s ]
[ 2019-03-09T17:28:37+08:00 ][ sql ] [ SQL ] SELECT * FROM `information_schema`.`columns` WHERE TABLE_SCHEMA = 'fastadmin' AND table_name = 'fa_gcrm_kehu' ORDER BY ORDINAL_POSITION [ RunTime:0.000754s ]
[ 2019-03-09T17:28:37+08:00 ][ sql ] [ SQL ] SELECT * FROM `information_schema`.`columns` WHERE TABLE_SCHEMA = 'fastadmin' AND table_name = 'fa_gcrm_xmcpx' ORDER BY ORDINAL_POSITION [ RunTime:0.000649s ]
[ 2019-03-09T17:28:37+08:00 ][ sql ] [ SQL ] SELECT * FROM `information_schema`.`columns` WHERE TABLE_SCHEMA = 'fastadmin' AND table_name = 'fa_gcrm_xmgstype' ORDER BY ORDINAL_POSITION [ RunTime:0.000694s ]
[ 2019-03-09T17:28:37+08:00 ][ sql ] [ SQL ] SELECT * FROM `information_schema`.`columns` WHERE TABLE_SCHEMA = 'fastadmin' AND table_name = 'fa_gcrm_xmshiyebu' ORDER BY ORDINAL_POSITION [ RunTime:0.000677s ]
[ 2019-03-09T17:28:37+08:00 ][ sql ] [ SQL ] SELECT * FROM `information_schema`.`columns` WHERE TABLE_SCHEMA = 'fastadmin' AND table_name = 'fa_gcrm_xmtype' ORDER BY ORDINAL_POSITION [ RunTime:0.000715s ]
[ 2019-03-09T17:28:37+08:00 ][ sql ] [ SQL ] SELECT * FROM `information_schema`.`columns` WHERE TABLE_SCHEMA = 'fastadmin' AND table_name = 'fa_gcrm_zzjg' ORDER BY ORDINAL_POSITION [ RunTime:0.000722s ]
[ 2019-03-09T18:46:59+08:00 ][ sql ] [ DB ] CONNECT:[ UseTime:0.000462s ] mysql:host=localhost;dbname=fastadmin;charset=utf8
[ 2019-03-09T18:46:59+08:00 ][ sql ] [ SQL ] SHOW TABLE STATUS LIKE 'gcrm_fylog' [ RunTime:0.000438s ]
[ 2019-03-09T18:46:59+08:00 ][ sql ] [ SQL ] SHOW TABLE STATUS LIKE 'fa_gcrm_fylog' [ RunTime:0.000361s ]
[ 2019-03-09T18:46:59+08:00 ][ sql ] [ SQL ] SHOW TABLE STATUS LIKE 'gcrm_fytype' [ RunTime:0.000254s ]
[ 2019-03-09T18:46:59+08:00 ][ sql ] [ SQL ] SHOW TABLE STATUS LIKE 'fa_gcrm_fytype' [ RunTime:0.000332s ]
[ 2019-03-09T18:46:59+08:00 ][ sql ] [ SQL ] SHOW TABLE STATUS LIKE 'gcrm_xm' [ RunTime:0.000302s ]
[ 2019-03-09T18:46:59+08:00 ][ sql ] [ SQL ] SHOW TABLE STATUS LIKE 'fa_gcrm_xm' [ RunTime:0.000279s ]
[ 2019-03-09T18:46:59+08:00 ][ sql ] [ SQL ] SELECT * FROM `information_schema`.`columns` WHERE TABLE_SCHEMA = 'fastadmin' AND table_name = 'fa_gcrm_fylog' ORDER BY ORDINAL_POSITION [ RunTime:0.000907s ]
[ 2019-03-09T18:46:59+08:00 ][ sql ] [ SQL ] SELECT * FROM `information_schema`.`columns` WHERE TABLE_SCHEMA = 'fastadmin' AND table_name = 'fa_gcrm_fytype' ORDER BY ORDINAL_POSITION [ RunTime:0.000819s ]
[ 2019-03-09T18:46:59+08:00 ][ sql ] [ SQL ] SELECT * FROM `information_schema`.`columns` WHERE TABLE_SCHEMA = 'fastadmin' AND table_name = 'fa_gcrm_xm' ORDER BY ORDINAL_POSITION [ RunTime:0.000792s ]
[ 2019-03-09T18:47:05+08:00 ][ sql ] [ DB ] CONNECT:[ UseTime:0.000494s ] mysql:host=localhost;dbname=fastadmin;charset=utf8
[ 2019-03-09T18:47:05+08:00 ][ sql ] [ SQL ] SHOW TABLE STATUS LIKE 'gcrm_fylog' [ RunTime:0.000474s ]
[ 2019-03-09T18:47:05+08:00 ][ sql ] [ SQL ] SHOW TABLE STATUS LIKE 'fa_gcrm_fylog' [ RunTime:0.000437s ]
[ 2019-03-09T18:47:05+08:00 ][ sql ] [ SQL ] SHOW TABLE STATUS LIKE 'gcrm_fytype' [ RunTime:0.000285s ]
[ 2019-03-09T18:47:05+08:00 ][ sql ] [ SQL ] SHOW TABLE STATUS LIKE 'fa_gcrm_fytype' [ RunTime:0.000324s ]
[ 2019-03-09T18:47:05+08:00 ][ sql ] [ SQL ] SHOW TABLE STATUS LIKE 'gcrm_xm' [ RunTime:0.000294s ]
[ 2019-03-09T18:47:05+08:00 ][ sql ] [ SQL ] SHOW TABLE STATUS LIKE 'fa_gcrm_xm' [ RunTime:0.000343s ]
[ 2019-03-09T18:47:05+08:00 ][ sql ] [ SQL ] SELECT * FROM `information_schema`.`columns` WHERE TABLE_SCHEMA = 'fastadmin' AND table_name = 'fa_gcrm_fylog' ORDER BY ORDINAL_POSITION [ RunTime:0.000920s ]
[ 2019-03-09T18:47:05+08:00 ][ sql ] [ SQL ] SELECT * FROM `information_schema`.`columns` WHERE TABLE_SCHEMA = 'fastadmin' AND table_name = 'fa_gcrm_fytype' ORDER BY ORDINAL_POSITION [ RunTime:0.000760s ]
[ 2019-03-09T18:47:05+08:00 ][ sql ] [ SQL ] SELECT * FROM `information_schema`.`columns` WHERE TABLE_SCHEMA = 'fastadmin' AND table_name = 'fa_gcrm_xm' ORDER BY ORDINAL_POSITION [ RunTime:0.000840s ]
[ 2019-03-09T18:47:49+08:00 ][ sql ] [ DB ] CONNECT:[ UseTime:0.000519s ] mysql:host=localhost;dbname=fastadmin;charset=utf8
[ 2019-03-09T18:47:49+08:00 ][ sql ] [ SQL ] SHOW TABLE STATUS LIKE 'gcrm_fylog' [ RunTime:0.000509s ]
[ 2019-03-09T18:47:49+08:00 ][ sql ] [ SQL ] SHOW TABLE STATUS LIKE 'fa_gcrm_fylog' [ RunTime:0.000347s ]
[ 2019-03-09T18:47:49+08:00 ][ sql ] [ SQL ] SHOW TABLE STATUS LIKE 'gcrm_fytype' [ RunTime:0.000296s ]
[ 2019-03-09T18:47:49+08:00 ][ sql ] [ SQL ] SHOW TABLE STATUS LIKE 'fa_gcrm_fytype' [ RunTime:0.000285s ]
[ 2019-03-09T18:47:49+08:00 ][ sql ] [ SQL ] SHOW TABLE STATUS LIKE 'gcrm_xm' [ RunTime:0.000270s ]
[ 2019-03-09T18:47:49+08:00 ][ sql ] [ SQL ] SHOW TABLE STATUS LIKE 'fa_gcrm_xm' [ RunTime:0.000286s ]
[ 2019-03-09T18:47:49+08:00 ][ sql ] [ SQL ] SELECT * FROM `information_schema`.`columns` WHERE TABLE_SCHEMA = 'fastadmin' AND table_name = 'fa_gcrm_fylog' ORDER BY ORDINAL_POSITION [ RunTime:0.000904s ]
[ 2019-03-09T18:47:49+08:00 ][ sql ] [ SQL ] SELECT * FROM `information_schema`.`columns` WHERE TABLE_SCHEMA = 'fastadmin' AND table_name = 'fa_gcrm_fytype' ORDER BY ORDINAL_POSITION [ RunTime:0.000694s ]
[ 2019-03-09T18:47:49+08:00 ][ sql ] [ SQL ] SELECT * FROM `information_schema`.`columns` WHERE TABLE_SCHEMA = 'fastadmin' AND table_name = 'fa_gcrm_xm' ORDER BY ORDINAL_POSITION [ RunTime:0.000771s ]
[ 2019-03-09T19:18:25+08:00 ][ sql ] [ DB ] CONNECT:[ UseTime:0.000522s ] mysql:host=localhost;dbname=fastadmin;charset=utf8
[ 2019-03-09T19:18:25+08:00 ][ sql ] [ SQL ] SHOW TABLE STATUS LIKE 'gcrm_fhlog' [ RunTime:0.000490s ]
[ 2019-03-09T19:18:25+08:00 ][ sql ] [ SQL ] SHOW TABLE STATUS LIKE 'fa_gcrm_fhlog' [ RunTime:0.000383s ]
[ 2019-03-09T19:18:25+08:00 ][ sql ] [ SQL ] SHOW TABLE STATUS LIKE 'gcrm_xm' [ RunTime:0.000310s ]
[ 2019-03-09T19:18:25+08:00 ][ sql ] [ SQL ] SHOW TABLE STATUS LIKE 'fa_gcrm_xm' [ RunTime:0.000309s ]
[ 2019-03-09T19:18:25+08:00 ][ sql ] [ SQL ] SHOW TABLE STATUS LIKE 'admin' [ RunTime:0.000258s ]
[ 2019-03-09T19:18:25+08:00 ][ sql ] [ SQL ] SHOW TABLE STATUS LIKE 'fa_admin' [ RunTime:0.000307s ]
[ 2019-03-09T19:18:25+08:00 ][ sql ] [ SQL ] SELECT * FROM `information_schema`.`columns` WHERE TABLE_SCHEMA = 'fastadmin' AND table_name = 'fa_gcrm_fhlog' ORDER BY ORDINAL_POSITION [ RunTime:0.000958s ]
[ 2019-03-09T19:18:25+08:00 ][ sql ] [ SQL ] SELECT * FROM `information_schema`.`columns` WHERE TABLE_SCHEMA = 'fastadmin' AND table_name = 'fa_gcrm_xm' ORDER BY ORDINAL_POSITION [ RunTime:0.000822s ]
[ 2019-03-09T19:18:25+08:00 ][ sql ] [ SQL ] SELECT * FROM `information_schema`.`columns` WHERE TABLE_SCHEMA = 'fastadmin' AND table_name = 'fa_admin' ORDER BY ORDINAL_POSITION [ RunTime:0.000695s ]
[ 2019-03-09T19:18:30+08:00 ][ sql ] [ DB ] CONNECT:[ UseTime:0.000495s ] mysql:host=localhost;dbname=fastadmin;charset=utf8
[ 2019-03-09T19:18:30+08:00 ][ sql ] [ SQL ] SHOW TABLE STATUS LIKE 'gcrm_fhlog' [ RunTime:0.000454s ]
[ 2019-03-09T19:18:30+08:00 ][ sql ] [ SQL ] SHOW TABLE STATUS LIKE 'fa_gcrm_fhlog' [ RunTime:0.000351s ]
[ 2019-03-09T19:18:30+08:00 ][ sql ] [ SQL ] SHOW TABLE STATUS LIKE 'gcrm_xm' [ RunTime:0.000259s ]
[ 2019-03-09T19:18:30+08:00 ][ sql ] [ SQL ] SHOW TABLE STATUS LIKE 'fa_gcrm_xm' [ RunTime:0.000289s ]
[ 2019-03-09T19:18:30+08:00 ][ sql ] [ SQL ] SHOW TABLE STATUS LIKE 'admin' [ RunTime:0.000253s ]
[ 2019-03-09T19:18:30+08:00 ][ sql ] [ SQL ] SHOW TABLE STATUS LIKE 'fa_admin' [ RunTime:0.000310s ]
[ 2019-03-09T19:18:30+08:00 ][ sql ] [ SQL ] SELECT * FROM `information_schema`.`columns` WHERE TABLE_SCHEMA = 'fastadmin' AND table_name = 'fa_gcrm_fhlog' ORDER BY ORDINAL_POSITION [ RunTime:0.000899s ]
[ 2019-03-09T19:18:30+08:00 ][ sql ] [ SQL ] SELECT * FROM `information_schema`.`columns` WHERE TABLE_SCHEMA = 'fastadmin' AND table_name = 'fa_gcrm_xm' ORDER BY ORDINAL_POSITION [ RunTime:0.000766s ]
[ 2019-03-09T19:18:30+08:00 ][ sql ] [ SQL ] SELECT * FROM `information_schema`.`columns` WHERE TABLE_SCHEMA = 'fastadmin' AND table_name = 'fa_admin' ORDER BY ORDINAL_POSITION [ RunTime:0.000675s ]
[ 2019-03-09T19:18:32+08:00 ][ sql ] [ DB ] CONNECT:[ UseTime:0.000484s ] mysql:host=localhost;dbname=fastadmin;charset=utf8
[ 2019-03-09T19:18:32+08:00 ][ sql ] [ SQL ] SHOW TABLE STATUS LIKE 'gcrm_fhlog' [ RunTime:0.000460s ]
[ 2019-03-09T19:18:32+08:00 ][ sql ] [ SQL ] SHOW TABLE STATUS LIKE 'fa_gcrm_fhlog' [ RunTime:0.000362s ]
[ 2019-03-09T19:18:32+08:00 ][ sql ] [ SQL ] SHOW TABLE STATUS LIKE 'gcrm_xm' [ RunTime:0.000272s ]
[ 2019-03-09T19:18:32+08:00 ][ sql ] [ SQL ] SHOW TABLE STATUS LIKE 'fa_gcrm_xm' [ RunTime:0.000298s ]
[ 2019-03-09T19:18:32+08:00 ][ sql ] [ SQL ] SHOW TABLE STATUS LIKE 'admin' [ RunTime:0.000257s ]
[ 2019-03-09T19:18:32+08:00 ][ sql ] [ SQL ] SHOW TABLE STATUS LIKE 'fa_admin' [ RunTime:0.000317s ]
[ 2019-03-09T19:18:32+08:00 ][ sql ] [ SQL ] SELECT * FROM `information_schema`.`columns` WHERE TABLE_SCHEMA = 'fastadmin' AND table_name = 'fa_gcrm_fhlog' ORDER BY ORDINAL_POSITION [ RunTime:0.001061s ]
[ 2019-03-09T19:18:32+08:00 ][ sql ] [ SQL ] SELECT * FROM `information_schema`.`columns` WHERE TABLE_SCHEMA = 'fastadmin' AND table_name = 'fa_gcrm_xm' ORDER BY ORDINAL_POSITION [ RunTime:0.000777s ]
[ 2019-03-09T19:18:32+08:00 ][ sql ] [ SQL ] SELECT * FROM `information_schema`.`columns` WHERE TABLE_SCHEMA = 'fastadmin' AND table_name = 'fa_admin' ORDER BY ORDINAL_POSITION [ RunTime:0.000671s ]
[ 2019-03-09T19:23:55+08:00 ][ sql ] [ DB ] CONNECT:[ UseTime:0.000478s ] mysql:host=localhost;dbname=fastadmin;charset=utf8
[ 2019-03-09T19:23:55+08:00 ][ sql ] [ SQL ] SHOW TABLE STATUS LIKE 'gcrm_fhlog' [ RunTime:0.000523s ]
[ 2019-03-09T19:23:55+08:00 ][ sql ] [ SQL ] SHOW TABLE STATUS LIKE 'fa_gcrm_fhlog' [ RunTime:0.000379s ]
[ 2019-03-09T19:23:55+08:00 ][ sql ] [ SQL ] SHOW TABLE STATUS LIKE 'gcrm_xm' [ RunTime:0.000291s ]
[ 2019-03-09T19:23:55+08:00 ][ sql ] [ SQL ] SHOW TABLE STATUS LIKE 'fa_gcrm_xm' [ RunTime:0.000317s ]
[ 2019-03-09T19:23:58+08:00 ][ sql ] [ DB ] CONNECT:[ UseTime:0.000472s ] mysql:host=localhost;dbname=fastadmin;charset=utf8
[ 2019-03-09T19:23:58+08:00 ][ sql ] [ SQL ] SHOW TABLE STATUS LIKE 'gcrm_fhlog' [ RunTime:0.000506s ]
[ 2019-03-09T19:23:58+08:00 ][ sql ] [ SQL ] SHOW TABLE STATUS LIKE 'fa_gcrm_fhlog' [ RunTime:0.000366s ]
[ 2019-03-09T19:23:58+08:00 ][ sql ] [ SQL ] SHOW TABLE STATUS LIKE 'gcrm_xm' [ RunTime:0.000260s ]
[ 2019-03-09T19:23:58+08:00 ][ sql ] [ SQL ] SHOW TABLE STATUS LIKE 'fa_gcrm_xm' [ RunTime:0.000303s ]
[ 2019-03-09T19:23:58+08:00 ][ sql ] [ SQL ] SELECT * FROM `information_schema`.`columns` WHERE TABLE_SCHEMA = 'fastadmin' AND table_name = 'fa_gcrm_fhlog' ORDER BY ORDINAL_POSITION [ RunTime:0.000918s ]
[ 2019-03-09T19:23:58+08:00 ][ sql ] [ SQL ] SELECT * FROM `information_schema`.`columns` WHERE TABLE_SCHEMA = 'fastadmin' AND table_name = 'fa_gcrm_xm' ORDER BY ORDINAL_POSITION [ RunTime:0.000864s ]
[ 2019-03-09T19:23:59+08:00 ][ sql ] [ DB ] CONNECT:[ UseTime:0.000497s ] mysql:host=localhost;dbname=fastadmin;charset=utf8
[ 2019-03-09T19:23:59+08:00 ][ sql ] [ SQL ] SHOW TABLE STATUS LIKE 'gcrm_fhlog' [ RunTime:0.000437s ]
[ 2019-03-09T19:23:59+08:00 ][ sql ] [ SQL ] SHOW TABLE STATUS LIKE 'fa_gcrm_fhlog' [ RunTime:0.000357s ]
[ 2019-03-09T19:23:59+08:00 ][ sql ] [ SQL ] SHOW TABLE STATUS LIKE 'gcrm_xm' [ RunTime:0.000258s ]
[ 2019-03-09T19:23:59+08:00 ][ sql ] [ SQL ] SHOW TABLE STATUS LIKE 'fa_gcrm_xm' [ RunTime:0.000297s ]
[ 2019-03-09T19:23:59+08:00 ][ sql ] [ SQL ] SELECT * FROM `information_schema`.`columns` WHERE TABLE_SCHEMA = 'fastadmin' AND table_name = 'fa_gcrm_fhlog' ORDER BY ORDINAL_POSITION [ RunTime:0.001030s ]
[ 2019-03-09T19:23:59+08:00 ][ sql ] [ SQL ] SELECT * FROM `information_schema`.`columns` WHERE TABLE_SCHEMA = 'fastadmin' AND table_name = 'fa_gcrm_xm' ORDER BY ORDINAL_POSITION [ RunTime:0.000840s ]
[ 2019-03-09T19:29:06+08:00 ][ sql ] [ DB ] CONNECT:[ UseTime:0.000487s ] mysql:host=localhost;dbname=fastadmin;charset=utf8
[ 2019-03-09T19:29:06+08:00 ][ sql ] [ SQL ] SHOW TABLE STATUS LIKE 'gcrm_fhlog' [ RunTime:0.000444s ]
[ 2019-03-09T19:29:06+08:00 ][ sql ] [ SQL ] SHOW TABLE STATUS LIKE 'fa_gcrm_fhlog' [ RunTime:0.000367s ]
[ 2019-03-09T19:29:06+08:00 ][ sql ] [ SQL ] SHOW TABLE STATUS LIKE 'gcrm_xm' [ RunTime:0.000258s ]
[ 2019-03-09T19:29:06+08:00 ][ sql ] [ SQL ] SHOW TABLE STATUS LIKE 'fa_gcrm_xm' [ RunTime:0.000289s ]
[ 2019-03-09T19:29:06+08:00 ][ sql ] [ SQL ] SHOW TABLE STATUS LIKE 'admin' [ RunTime:0.000265s ]
[ 2019-03-09T19:29:06+08:00 ][ sql ] [ SQL ] SHOW TABLE STATUS LIKE 'fa_admin' [ RunTime:0.000299s ]
[ 2019-03-09T19:29:06+08:00 ][ sql ] [ SQL ] SELECT * FROM `information_schema`.`columns` WHERE TABLE_SCHEMA = 'fastadmin' AND table_name = 'fa_gcrm_fhlog' ORDER BY ORDINAL_POSITION [ RunTime:0.000914s ]
[ 2019-03-09T19:29:06+08:00 ][ sql ] [ SQL ] SELECT * FROM `information_schema`.`columns` WHERE TABLE_SCHEMA = 'fastadmin' AND table_name = 'fa_gcrm_xm' ORDER BY ORDINAL_POSITION [ RunTime:0.000751s ]
[ 2019-03-09T19:29:06+08:00 ][ sql ] [ SQL ] SELECT * FROM `information_schema`.`columns` WHERE TABLE_SCHEMA = 'fastadmin' AND table_name = 'fa_admin' ORDER BY ORDINAL_POSITION [ RunTime:0.000671s ]
[ 2019-03-09T19:33:34+08:00 ][ sql ] [ DB ] CONNECT:[ UseTime:0.000512s ] mysql:host=localhost;dbname=fastadmin;charset=utf8
[ 2019-03-09T19:33:34+08:00 ][ sql ] [ SQL ] SHOW TABLE STATUS LIKE 'gcrm_fhlog' [ RunTime:0.000478s ]
[ 2019-03-09T19:33:34+08:00 ][ sql ] [ SQL ] SHOW TABLE STATUS LIKE 'fa_gcrm_fhlog' [ RunTime:0.000419s ]
[ 2019-03-09T19:33:34+08:00 ][ sql ] [ SQL ] SHOW TABLE STATUS LIKE 'gcrm_xm' [ RunTime:0.000320s ]
[ 2019-03-09T19:33:34+08:00 ][ sql ] [ SQL ] SHOW TABLE STATUS LIKE 'fa_gcrm_xm' [ RunTime:0.000306s ]
[ 2019-03-09T19:33:34+08:00 ][ sql ] [ SQL ] SELECT * FROM `information_schema`.`columns` WHERE TABLE_SCHEMA = 'fastadmin' AND table_name = 'fa_gcrm_fhlog' ORDER BY ORDINAL_POSITION [ RunTime:0.000909s ]
[ 2019-03-09T19:33:34+08:00 ][ sql ] [ SQL ] SELECT * FROM `information_schema`.`columns` WHERE TABLE_SCHEMA = 'fastadmin' AND table_name = 'fa_gcrm_xm' ORDER BY ORDINAL_POSITION [ RunTime:0.000871s ]
[ 2019-03-09T19:35:48+08:00 ][ sql ] [ DB ] CONNECT:[ UseTime:0.000471s ] mysql:host=localhost;dbname=fastadmin;charset=utf8
[ 2019-03-09T19:35:48+08:00 ][ sql ] [ SQL ] SHOW TABLE STATUS LIKE 'gcrm_fhlog' [ RunTime:0.000454s ]
[ 2019-03-09T19:35:48+08:00 ][ sql ] [ SQL ] SHOW TABLE STATUS LIKE 'fa_gcrm_fhlog' [ RunTime:0.000354s ]
[ 2019-03-09T19:35:48+08:00 ][ sql ] [ SQL ] SHOW TABLE STATUS LIKE 'gcrm_xm' [ RunTime:0.000263s ]
[ 2019-03-09T19:35:48+08:00 ][ sql ] [ SQL ] SHOW TABLE STATUS LIKE 'fa_gcrm_xm' [ RunTime:0.000298s ]
[ 2019-03-09T19:35:48+08:00 ][ sql ] [ SQL ] SELECT * FROM `information_schema`.`columns` WHERE TABLE_SCHEMA = 'fastadmin' AND table_name = 'fa_gcrm_fhlog' ORDER BY ORDINAL_POSITION [ RunTime:0.000916s ]
[ 2019-03-09T19:35:48+08:00 ][ sql ] [ SQL ] SELECT * FROM `information_schema`.`columns` WHERE TABLE_SCHEMA = 'fastadmin' AND table_name = 'fa_gcrm_xm' ORDER BY ORDINAL_POSITION [ RunTime:0.000803s ]
[ 2019-03-09T19:35:49+08:00 ][ sql ] [ DB ] CONNECT:[ UseTime:0.000480s ] mysql:host=localhost;dbname=fastadmin;charset=utf8
[ 2019-03-09T19:35:49+08:00 ][ sql ] [ SQL ] SHOW TABLE STATUS LIKE 'gcrm_fhlog' [ RunTime:0.000447s ]
[ 2019-03-09T19:35:49+08:00 ][ sql ] [ SQL ] SHOW TABLE STATUS LIKE 'fa_gcrm_fhlog' [ RunTime:0.000387s ]
[ 2019-03-09T19:35:49+08:00 ][ sql ] [ SQL ] SHOW TABLE STATUS LIKE 'gcrm_xm' [ RunTime:0.000269s ]
[ 2019-03-09T19:35:49+08:00 ][ sql ] [ SQL ] SHOW TABLE STATUS LIKE 'fa_gcrm_xm' [ RunTime:0.000291s ]
[ 2019-03-09T19:35:49+08:00 ][ sql ] [ SQL ] SELECT * FROM `information_schema`.`columns` WHERE TABLE_SCHEMA = 'fastadmin' AND table_name = 'fa_gcrm_fhlog' ORDER BY ORDINAL_POSITION [ RunTime:0.000899s ]
[ 2019-03-09T19:35:49+08:00 ][ sql ] [ SQL ] SELECT * FROM `information_schema`.`columns` WHERE TABLE_SCHEMA = 'fastadmin' AND table_name = 'fa_gcrm_xm' ORDER BY ORDINAL_POSITION [ RunTime:0.000753s ]
[ 2019-03-09T19:37:20+08:00 ][ sql ] [ DB ] CONNECT:[ UseTime:0.000478s ] mysql:host=localhost;dbname=fastadmin;charset=utf8
[ 2019-03-09T19:37:20+08:00 ][ sql ] [ SQL ] SHOW TABLE STATUS LIKE 'gcrm_fhlog' [ RunTime:0.000484s ]
[ 2019-03-09T19:37:20+08:00 ][ sql ] [ SQL ] SHOW TABLE STATUS LIKE 'fa_gcrm_fhlog' [ RunTime:0.000399s ]
[ 2019-03-09T19:37:20+08:00 ][ sql ] [ SQL ] SHOW TABLE STATUS LIKE 'gcrm_xm' [ RunTime:0.000279s ]
[ 2019-03-09T19:37:20+08:00 ][ sql ] [ SQL ] SHOW TABLE STATUS LIKE 'fa_gcrm_xm' [ RunTime:0.000326s ]
[ 2019-03-09T19:37:20+08:00 ][ sql ] [ SQL ] SELECT * FROM `information_schema`.`columns` WHERE TABLE_SCHEMA = 'fastadmin' AND table_name = 'fa_gcrm_fhlog' ORDER BY ORDINAL_POSITION [ RunTime:0.000959s ]
[ 2019-03-09T19:37:20+08:00 ][ sql ] [ SQL ] SELECT * FROM `information_schema`.`columns` WHERE TABLE_SCHEMA = 'fastadmin' AND table_name = 'fa_gcrm_xm' ORDER BY ORDINAL_POSITION [ RunTime:0.000843s ]
[ 2019-03-09T19:37:21+08:00 ][ sql ] [ DB ] CONNECT:[ UseTime:0.000503s ] mysql:host=localhost;dbname=fastadmin;charset=utf8
[ 2019-03-09T19:37:21+08:00 ][ sql ] [ SQL ] SHOW TABLE STATUS LIKE 'gcrm_fhlog' [ RunTime:0.000436s ]
[ 2019-03-09T19:37:21+08:00 ][ sql ] [ SQL ] SHOW TABLE STATUS LIKE 'fa_gcrm_fhlog' [ RunTime:0.000363s ]
[ 2019-03-09T19:37:21+08:00 ][ sql ] [ SQL ] SHOW TABLE STATUS LIKE 'gcrm_xm' [ RunTime:0.000265s ]
[ 2019-03-09T19:37:21+08:00 ][ sql ] [ SQL ] SHOW TABLE STATUS LIKE 'fa_gcrm_xm' [ RunTime:0.000289s ]
[ 2019-03-09T19:37:21+08:00 ][ sql ] [ SQL ] SELECT * FROM `information_schema`.`columns` WHERE TABLE_SCHEMA = 'fastadmin' AND table_name = 'fa_gcrm_fhlog' ORDER BY ORDINAL_POSITION [ RunTime:0.000891s ]
[ 2019-03-09T19:37:21+08:00 ][ sql ] [ SQL ] SELECT * FROM `information_schema`.`columns` WHERE TABLE_SCHEMA = 'fastadmin' AND table_name = 'fa_gcrm_xm' ORDER BY ORDINAL_POSITION [ RunTime:0.000780s ]
[ 2019-03-09T19:38:18+08:00 ][ sql ] [ DB ] CONNECT:[ UseTime:0.000466s ] mysql:host=localhost;dbname=fastadmin;charset=utf8
[ 2019-03-09T19:38:18+08:00 ][ sql ] [ SQL ] SHOW TABLE STATUS LIKE 'gcrm_fhlog' [ RunTime:0.000452s ]
[ 2019-03-09T19:38:18+08:00 ][ sql ] [ SQL ] SHOW TABLE STATUS LIKE 'fa_gcrm_fhlog' [ RunTime:0.000368s ]
[ 2019-03-09T19:38:18+08:00 ][ sql ] [ SQL ] SHOW TABLE STATUS LIKE 'gcrm_xm' [ RunTime:0.000262s ]
[ 2019-03-09T19:38:18+08:00 ][ sql ] [ SQL ] SHOW TABLE STATUS LIKE 'fa_gcrm_xm' [ RunTime:0.000291s ]
[ 2019-03-09T19:38:18+08:00 ][ sql ] [ SQL ] SELECT * FROM `information_schema`.`columns` WHERE TABLE_SCHEMA = 'fastadmin' AND table_name = 'fa_gcrm_fhlog' ORDER BY ORDINAL_POSITION [ RunTime:0.000950s ]
[ 2019-03-09T19:38:18+08:00 ][ sql ] [ SQL ] SELECT * FROM `information_schema`.`columns` WHERE TABLE_SCHEMA = 'fastadmin' AND table_name = 'fa_gcrm_xm' ORDER BY ORDINAL_POSITION [ RunTime:0.000801s ]
[ 2019-03-09T19:40:49+08:00 ][ sql ] [ DB ] CONNECT:[ UseTime:0.000520s ] mysql:host=localhost;dbname=fastadmin;charset=utf8
[ 2019-03-09T19:40:49+08:00 ][ sql ] [ SQL ] SHOW TABLE STATUS LIKE 'gcrm_fhlog' [ RunTime:0.000497s ]
[ 2019-03-09T19:40:49+08:00 ][ sql ] [ SQL ] SHOW TABLE STATUS LIKE 'fa_gcrm_fhlog' [ RunTime:0.000388s ]
[ 2019-03-09T19:40:49+08:00 ][ sql ] [ SQL ] SELECT * FROM `information_schema`.`columns` WHERE TABLE_SCHEMA = 'fastadmin' AND table_name = 'fa_gcrm_fhlog' ORDER BY ORDINAL_POSITION [ RunTime:0.000972s ]
[ 2019-03-09T19:40:50+08:00 ][ sql ] [ DB ] CONNECT:[ UseTime:0.000478s ] mysql:host=localhost;dbname=fastadmin;charset=utf8
[ 2019-03-09T19:40:50+08:00 ][ sql ] [ SQL ] SHOW TABLE STATUS LIKE 'gcrm_fhlog' [ RunTime:0.000453s ]
[ 2019-03-09T19:40:50+08:00 ][ sql ] [ SQL ] SHOW TABLE STATUS LIKE 'fa_gcrm_fhlog' [ RunTime:0.000381s ]
[ 2019-03-09T19:40:50+08:00 ][ sql ] [ SQL ] SELECT * FROM `information_schema`.`columns` WHERE TABLE_SCHEMA = 'fastadmin' AND table_name = 'fa_gcrm_fhlog' ORDER BY ORDINAL_POSITION [ RunTime:0.000992s ]
[ 2019-03-09T19:41:07+08:00 ][ sql ] [ DB ] CONNECT:[ UseTime:0.000483s ] mysql:host=localhost;dbname=fastadmin;charset=utf8
[ 2019-03-09T19:41:07+08:00 ][ sql ] [ SQL ] SHOW TABLE STATUS LIKE 'gcrm_fhlog' [ RunTime:0.000473s ]
[ 2019-03-09T19:41:07+08:00 ][ sql ] [ SQL ] SHOW TABLE STATUS LIKE 'fa_gcrm_fhlog' [ RunTime:0.000370s ]
[ 2019-03-09T19:41:07+08:00 ][ sql ] [ SQL ] SELECT * FROM `information_schema`.`columns` WHERE TABLE_SCHEMA = 'fastadmin' AND table_name = 'fa_gcrm_fhlog' ORDER BY ORDINAL_POSITION [ RunTime:0.000933s ]
[ 2019-03-09T19:41:07+08:00 ][ sql ] [ DB ] CONNECT:[ UseTime:0.000462s ] mysql:host=localhost;dbname=fastadmin;charset=utf8
[ 2019-03-09T19:41:07+08:00 ][ sql ] [ SQL ] SHOW TABLE STATUS LIKE 'gcrm_fhlog' [ RunTime:0.000527s ]
[ 2019-03-09T19:41:07+08:00 ][ sql ] [ SQL ] SHOW TABLE STATUS LIKE 'fa_gcrm_fhlog' [ RunTime:0.000360s ]
[ 2019-03-09T19:41:07+08:00 ][ sql ] [ SQL ] SELECT * FROM `information_schema`.`columns` WHERE TABLE_SCHEMA = 'fastadmin' AND table_name = 'fa_gcrm_fhlog' ORDER BY ORDINAL_POSITION [ RunTime:0.000985s ]
[ 2019-03-09T19:42:03+08:00 ][ sql ] [ DB ] CONNECT:[ UseTime:0.000486s ] mysql:host=localhost;dbname=fastadmin;charset=utf8
[ 2019-03-09T19:42:03+08:00 ][ sql ] [ SQL ] SHOW TABLE STATUS LIKE 'gcrm_fhlog' [ RunTime:0.000491s ]
[ 2019-03-09T19:42:03+08:00 ][ sql ] [ SQL ] SHOW TABLE STATUS LIKE 'fa_gcrm_fhlog' [ RunTime:0.000412s ]
[ 2019-03-09T19:42:03+08:00 ][ sql ] [ SQL ] SELECT * FROM `information_schema`.`columns` WHERE TABLE_SCHEMA = 'fastadmin' AND table_name = 'fa_gcrm_fhlog' ORDER BY ORDINAL_POSITION [ RunTime:0.000986s ]
[ 2019-03-09T19:42:04+08:00 ][ sql ] [ DB ] CONNECT:[ UseTime:0.000491s ] mysql:host=localhost;dbname=fastadmin;charset=utf8
[ 2019-03-09T19:42:04+08:00 ][ sql ] [ SQL ] SHOW TABLE STATUS LIKE 'gcrm_fhlog' [ RunTime:0.000476s ]
[ 2019-03-09T19:42:04+08:00 ][ sql ] [ SQL ] SHOW TABLE STATUS LIKE 'fa_gcrm_fhlog' [ RunTime:0.000372s ]
[ 2019-03-09T19:42:04+08:00 ][ sql ] [ SQL ] SELECT * FROM `information_schema`.`columns` WHERE TABLE_SCHEMA = 'fastadmin' AND table_name = 'fa_gcrm_fhlog' ORDER BY ORDINAL_POSITION [ RunTime:0.000953s ]
[ 2019-03-09T19:43:06+08:00 ][ sql ] [ DB ] CONNECT:[ UseTime:0.000500s ] mysql:host=localhost;dbname=fastadmin;charset=utf8
[ 2019-03-09T19:43:06+08:00 ][ sql ] [ SQL ] SHOW TABLE STATUS LIKE 'gcrm_fhlog' [ RunTime:0.000458s ]
[ 2019-03-09T19:43:06+08:00 ][ sql ] [ SQL ] SHOW TABLE STATUS LIKE 'fa_gcrm_fhlog' [ RunTime:0.000354s ]
[ 2019-03-09T19:43:06+08:00 ][ sql ] [ SQL ] SELECT * FROM `information_schema`.`columns` WHERE TABLE_SCHEMA = 'fastadmin' AND table_name = 'fa_gcrm_fhlog' ORDER BY ORDINAL_POSITION [ RunTime:0.001085s ]
[ 2019-03-09T19:43:06+08:00 ][ sql ] [ DB ] CONNECT:[ UseTime:0.000472s ] mysql:host=localhost;dbname=fastadmin;charset=utf8
[ 2019-03-09T19:43:06+08:00 ][ sql ] [ SQL ] SHOW TABLE STATUS LIKE 'gcrm_fhlog' [ RunTime:0.000548s ]
[ 2019-03-09T19:43:06+08:00 ][ sql ] [ SQL ] SHOW TABLE STATUS LIKE 'fa_gcrm_fhlog' [ RunTime:0.000367s ]
[ 2019-03-09T19:43:06+08:00 ][ sql ] [ SQL ] SELECT * FROM `information_schema`.`columns` WHERE TABLE_SCHEMA = 'fastadmin' AND table_name = 'fa_gcrm_fhlog' ORDER BY ORDINAL_POSITION [ RunTime:0.000950s ]
